{"C:\\Users\\brayd\\CS4090\\NextFlix-Project\\frontend\\src\\App.js": {"path":"C:\\Users\\brayd\\CS4090\\NextFlix-Project\\frontend\\src\\App.js","statementMap":{"0":{"start":{"line":13,"column":36},"end":{"line":13,"column":48}},"1":{"start":{"line":14,"column":48},"end":{"line":14,"column":60}},"2":{"start":{"line":15,"column":32},"end":{"line":15,"column":47}},"3":{"start":{"line":16,"column":28},"end":{"line":16,"column":42}},"4":{"start":{"line":17,"column":26},"end":{"line":17,"column":44}},"5":{"start":{"line":18,"column":44},"end":{"line":18,"column":56}},"6":{"start":{"line":19,"column":56},"end":{"line":19,"column":68}},"7":{"start":{"line":21,"column":2},"end":{"line":35,"column":9}},"8":{"start":{"line":23,"column":27},"end":{"line":33,"column":5}},"9":{"start":{"line":24,"column":21},"end":{"line":24,"column":61}},"10":{"start":{"line":25,"column":6},"end":{"line":25,"column":52}},"11":{"start":{"line":25,"column":21},"end":{"line":25,"column":42}},"12":{"start":{"line":25,"column":43},"end":{"line":25,"column":50}},"13":{"start":{"line":26,"column":6},"end":{"line":32,"column":67}},"14":{"start":{"line":27,"column":20},"end":{"line":27,"column":71}},"15":{"start":{"line":28,"column":8},"end":{"line":31,"column":9}},"16":{"start":{"line":29,"column":20},"end":{"line":29,"column":36}},"17":{"start":{"line":30,"column":10},"end":{"line":30,"column":46}},"18":{"start":{"line":32,"column":20},"end":{"line":32,"column":65}},"19":{"start":{"line":34,"column":4},"end":{"line":34,"column":21}},"20":{"start":{"line":39,"column":24},"end":{"line":112,"column":1}},"21":{"start":{"line":40,"column":2},"end":{"line":40,"column":19}},"22":{"start":{"line":41,"column":2},"end":{"line":41,"column":17}},"23":{"start":{"line":42,"column":2},"end":{"line":42,"column":25}},"24":{"start":{"line":44,"column":2},"end":{"line":111,"column":3}},"25":{"start":{"line":45,"column":14},"end":{"line":45,"column":26}},"26":{"start":{"line":46,"column":4},"end":{"line":54,"column":5}},"27":{"start":{"line":47,"column":18},"end":{"line":47,"column":72}},"28":{"start":{"line":48,"column":18},"end":{"line":48,"column":34}},"29":{"start":{"line":49,"column":19},"end":{"line":49,"column":35}},"30":{"start":{"line":50,"column":6},"end":{"line":50,"column":75}},"31":{"start":{"line":50,"column":19},"end":{"line":50,"column":75}},"32":{"start":{"line":51,"column":6},"end":{"line":51,"column":39}},"33":{"start":{"line":52,"column":6},"end":{"line":52,"column":37}},"34":{"start":{"line":53,"column":6},"end":{"line":53,"column":13}},"35":{"start":{"line":56,"column":4},"end":{"line":64,"column":5}},"36":{"start":{"line":57,"column":18},"end":{"line":57,"column":69}},"37":{"start":{"line":58,"column":18},"end":{"line":58,"column":34}},"38":{"start":{"line":59,"column":19},"end":{"line":59,"column":35}},"39":{"start":{"line":60,"column":6},"end":{"line":60,"column":72}},"40":{"start":{"line":60,"column":19},"end":{"line":60,"column":72}},"41":{"start":{"line":61,"column":6},"end":{"line":61,"column":39}},"42":{"start":{"line":62,"column":6},"end":{"line":62,"column":34}},"43":{"start":{"line":63,"column":6},"end":{"line":63,"column":13}},"44":{"start":{"line":65,"column":4},"end":{"line":73,"column":5}},"45":{"start":{"line":66,"column":18},"end":{"line":66,"column":69}},"46":{"start":{"line":67,"column":18},"end":{"line":67,"column":34}},"47":{"start":{"line":68,"column":19},"end":{"line":68,"column":35}},"48":{"start":{"line":69,"column":6},"end":{"line":69,"column":72}},"49":{"start":{"line":69,"column":19},"end":{"line":69,"column":72}},"50":{"start":{"line":70,"column":6},"end":{"line":70,"column":39}},"51":{"start":{"line":71,"column":6},"end":{"line":71,"column":34}},"52":{"start":{"line":72,"column":6},"end":{"line":72,"column":13}},"53":{"start":{"line":75,"column":19},"end":{"line":75,"column":78}},"54":{"start":{"line":76,"column":21},"end":{"line":76,"column":76}},"55":{"start":{"line":78,"column":17},"end":{"line":78,"column":38}},"56":{"start":{"line":79,"column":4},"end":{"line":79,"column":75}},"57":{"start":{"line":79,"column":22},"end":{"line":79,"column":75}},"58":{"start":{"line":83,"column":17},"end":{"line":83,"column":43}},"59":{"start":{"line":84,"column":21},"end":{"line":84,"column":23}},"60":{"start":{"line":85,"column":4},"end":{"line":102,"column":5}},"61":{"start":{"line":86,"column":6},"end":{"line":101,"column":7}},"62":{"start":{"line":88,"column":22},"end":{"line":88,"column":84}},"63":{"start":{"line":89,"column":8},"end":{"line":89,"column":29}},"64":{"start":{"line":89,"column":20},"end":{"line":89,"column":29}},"65":{"start":{"line":90,"column":21},"end":{"line":90,"column":88}},"66":{"start":{"line":91,"column":8},"end":{"line":97,"column":9}},"67":{"start":{"line":92,"column":21},"end":{"line":92,"column":38}},"68":{"start":{"line":93,"column":10},"end":{"line":93,"column":42}},"69":{"start":{"line":96,"column":10},"end":{"line":96,"column":27}},"70":{"start":{"line":99,"column":8},"end":{"line":99,"column":60}},"71":{"start":{"line":100,"column":8},"end":{"line":100,"column":25}},"72":{"start":{"line":104,"column":4},"end":{"line":104,"column":33}},"73":{"start":{"line":105,"column":4},"end":{"line":105,"column":20}},"74":{"start":{"line":108,"column":4},"end":{"line":108,"column":24}},"75":{"start":{"line":110,"column":4},"end":{"line":110,"column":22}},"76":{"start":{"line":116,"column":37},"end":{"line":155,"column":3}},"77":{"start":{"line":117,"column":19},"end":{"line":117,"column":59}},"78":{"start":{"line":118,"column":4},"end":{"line":118,"column":87}},"79":{"start":{"line":118,"column":17},"end":{"line":118,"column":87}},"80":{"start":{"line":119,"column":4},"end":{"line":119,"column":21}},"81":{"start":{"line":120,"column":4},"end":{"line":120,"column":19}},"82":{"start":{"line":121,"column":4},"end":{"line":121,"column":27}},"83":{"start":{"line":122,"column":4},"end":{"line":154,"column":5}},"84":{"start":{"line":123,"column":18},"end":{"line":127,"column":8}},"85":{"start":{"line":128,"column":6},"end":{"line":131,"column":7}},"86":{"start":{"line":129,"column":18},"end":{"line":129,"column":52}},"87":{"start":{"line":129,"column":48},"end":{"line":129,"column":50}},"88":{"start":{"line":130,"column":8},"end":{"line":130,"column":57}},"89":{"start":{"line":132,"column":16},"end":{"line":132,"column":32}},"90":{"start":{"line":134,"column":21},"end":{"line":134,"column":44}},"91":{"start":{"line":135,"column":23},"end":{"line":135,"column":25}},"92":{"start":{"line":136,"column":6},"end":{"line":147,"column":7}},"93":{"start":{"line":137,"column":8},"end":{"line":146,"column":9}},"94":{"start":{"line":138,"column":23},"end":{"line":138,"column":86}},"95":{"start":{"line":139,"column":10},"end":{"line":143,"column":11}},"96":{"start":{"line":140,"column":23},"end":{"line":140,"column":40}},"97":{"start":{"line":142,"column":12},"end":{"line":142,"column":44}},"98":{"start":{"line":145,"column":10},"end":{"line":145,"column":68}},"99":{"start":{"line":148,"column":6},"end":{"line":148,"column":35}},"100":{"start":{"line":149,"column":6},"end":{"line":149,"column":42}},"101":{"start":{"line":151,"column":6},"end":{"line":151,"column":28}},"102":{"start":{"line":153,"column":6},"end":{"line":153,"column":24}},"103":{"start":{"line":158,"column":25},"end":{"line":171,"column":3}},"104":{"start":{"line":159,"column":4},"end":{"line":170,"column":5}},"105":{"start":{"line":160,"column":21},"end":{"line":160,"column":69}},"106":{"start":{"line":161,"column":22},"end":{"line":161,"column":94}},"107":{"start":{"line":162,"column":18},"end":{"line":164,"column":8}},"108":{"start":{"line":165,"column":6},"end":{"line":167,"column":7}},"109":{"start":{"line":166,"column":8},"end":{"line":166,"column":69}},"110":{"start":{"line":169,"column":6},"end":{"line":169,"column":49}},"111":{"start":{"line":173,"column":25},"end":{"line":192,"column":3}},"112":{"start":{"line":174,"column":19},"end":{"line":174,"column":59}},"113":{"start":{"line":175,"column":4},"end":{"line":175,"column":56}},"114":{"start":{"line":175,"column":17},"end":{"line":175,"column":56}},"115":{"start":{"line":176,"column":4},"end":{"line":191,"column":37}},"116":{"start":{"line":177,"column":18},"end":{"line":179,"column":8}},"117":{"start":{"line":180,"column":6},"end":{"line":190,"column":7}},"118":{"start":{"line":181,"column":8},"end":{"line":181,"column":62}},"119":{"start":{"line":183,"column":8},"end":{"line":183,"column":141}},"120":{"start":{"line":183,"column":35},"end":{"line":183,"column":139}},"121":{"start":{"line":183,"column":52},"end":{"line":183,"column":138}},"122":{"start":{"line":185,"column":8},"end":{"line":189,"column":11}},"123":{"start":{"line":186,"column":22},"end":{"line":186,"column":68}},"124":{"start":{"line":186,"column":44},"end":{"line":186,"column":66}},"125":{"start":{"line":187,"column":10},"end":{"line":187,"column":86}},"126":{"start":{"line":187,"column":57},"end":{"line":187,"column":86}},"127":{"start":{"line":188,"column":10},"end":{"line":188,"column":22}},"128":{"start":{"line":191,"column":18},"end":{"line":191,"column":35}},"129":{"start":{"line":194,"column":30},"end":{"line":206,"column":3}},"130":{"start":{"line":195,"column":19},"end":{"line":195,"column":59}},"131":{"start":{"line":196,"column":4},"end":{"line":196,"column":56}},"132":{"start":{"line":196,"column":17},"end":{"line":196,"column":56}},"133":{"start":{"line":197,"column":4},"end":{"line":205,"column":37}},"134":{"start":{"line":198,"column":18},"end":{"line":200,"column":8}},"135":{"start":{"line":201,"column":6},"end":{"line":204,"column":7}},"136":{"start":{"line":202,"column":8},"end":{"line":202,"column":111}},"137":{"start":{"line":202,"column":33},"end":{"line":202,"column":109}},"138":{"start":{"line":202,"column":50},"end":{"line":202,"column":108}},"139":{"start":{"line":205,"column":18},"end":{"line":205,"column":35}},"140":{"start":{"line":208,"column":26},"end":{"line":216,"column":3}},"141":{"start":{"line":209,"column":19},"end":{"line":209,"column":113}},"142":{"start":{"line":209,"column":42},"end":{"line":209,"column":64}},"143":{"start":{"line":210,"column":4},"end":{"line":215,"column":5}},"144":{"start":{"line":211,"column":6},"end":{"line":211,"column":44}},"145":{"start":{"line":212,"column":6},"end":{"line":212,"column":64}},"146":{"start":{"line":214,"column":6},"end":{"line":214,"column":39}},"147":{"start":{"line":218,"column":25},"end":{"line":229,"column":3}},"148":{"start":{"line":219,"column":19},"end":{"line":219,"column":59}},"149":{"start":{"line":220,"column":4},"end":{"line":220,"column":56}},"150":{"start":{"line":220,"column":17},"end":{"line":220,"column":56}},"151":{"start":{"line":221,"column":4},"end":{"line":228,"column":37}},"152":{"start":{"line":222,"column":18},"end":{"line":224,"column":8}},"153":{"start":{"line":225,"column":6},"end":{"line":227,"column":7}},"154":{"start":{"line":226,"column":8},"end":{"line":226,"column":58}},"155":{"start":{"line":228,"column":18},"end":{"line":228,"column":35}},"156":{"start":{"line":231,"column":21},"end":{"line":242,"column":3}},"157":{"start":{"line":232,"column":19},"end":{"line":232,"column":59}},"158":{"start":{"line":233,"column":4},"end":{"line":233,"column":56}},"159":{"start":{"line":233,"column":17},"end":{"line":233,"column":56}},"160":{"start":{"line":234,"column":4},"end":{"line":241,"column":37}},"161":{"start":{"line":235,"column":18},"end":{"line":237,"column":8}},"162":{"start":{"line":238,"column":6},"end":{"line":240,"column":7}},"163":{"start":{"line":239,"column":8},"end":{"line":239,"column":49}},"164":{"start":{"line":241,"column":18},"end":{"line":241,"column":35}},"165":{"start":{"line":244,"column":26},"end":{"line":244,"column":54}},"166":{"start":{"line":244,"column":32},"end":{"line":244,"column":54}},"167":{"start":{"line":245,"column":22},"end":{"line":245,"column":46}},"168":{"start":{"line":245,"column":28},"end":{"line":245,"column":46}},"169":{"start":{"line":246,"column":21},"end":{"line":246,"column":44}},"170":{"start":{"line":246,"column":27},"end":{"line":246,"column":44}},"171":{"start":{"line":247,"column":23},"end":{"line":247,"column":46}},"172":{"start":{"line":247,"column":29},"end":{"line":247,"column":46}},"173":{"start":{"line":249,"column":2},"end":{"line":312,"column":4}},"174":{"start":{"line":254,"column":51},"end":{"line":254,"column":68}},"175":{"start":{"line":256,"column":55},"end":{"line":256,"column":75}},"176":{"start":{"line":258,"column":69},"end":{"line":258,"column":93}},"177":{"start":{"line":270,"column":118},"end":{"line":270,"column":169}}},"fnMap":{"0":{"name":"App","decl":{"start":{"line":12,"column":9},"end":{"line":12,"column":12}},"loc":{"start":{"line":12,"column":15},"end":{"line":313,"column":1}},"line":12},"1":{"name":"(anonymous_1)","decl":{"start":{"line":21,"column":12},"end":{"line":21,"column":13}},"loc":{"start":{"line":21,"column":18},"end":{"line":35,"column":3}},"line":21},"2":{"name":"(anonymous_2)","decl":{"start":{"line":23,"column":27},"end":{"line":23,"column":28}},"loc":{"start":{"line":23,"column":39},"end":{"line":33,"column":5}},"line":23},"3":{"name":"(anonymous_3)","decl":{"start":{"line":39,"column":24},"end":{"line":39,"column":25}},"loc":{"start":{"line":39,"column":53},"end":{"line":112,"column":1}},"line":39},"4":{"name":"(anonymous_4)","decl":{"start":{"line":116,"column":37},"end":{"line":116,"column":38}},"loc":{"start":{"line":116,"column":49},"end":{"line":155,"column":3}},"line":116},"5":{"name":"(anonymous_5)","decl":{"start":{"line":129,"column":41},"end":{"line":129,"column":42}},"loc":{"start":{"line":129,"column":48},"end":{"line":129,"column":50}},"line":129},"6":{"name":"(anonymous_6)","decl":{"start":{"line":158,"column":25},"end":{"line":158,"column":26}},"loc":{"start":{"line":158,"column":75},"end":{"line":171,"column":3}},"line":158},"7":{"name":"(anonymous_7)","decl":{"start":{"line":173,"column":25},"end":{"line":173,"column":26}},"loc":{"start":{"line":173,"column":47},"end":{"line":192,"column":3}},"line":173},"8":{"name":"(anonymous_8)","decl":{"start":{"line":183,"column":27},"end":{"line":183,"column":28}},"loc":{"start":{"line":183,"column":35},"end":{"line":183,"column":139}},"line":183},"9":{"name":"(anonymous_9)","decl":{"start":{"line":183,"column":47},"end":{"line":183,"column":48}},"loc":{"start":{"line":183,"column":52},"end":{"line":183,"column":138}},"line":183},"10":{"name":"(anonymous_10)","decl":{"start":{"line":185,"column":25},"end":{"line":185,"column":26}},"loc":{"start":{"line":185,"column":33},"end":{"line":189,"column":9}},"line":185},"11":{"name":"(anonymous_11)","decl":{"start":{"line":186,"column":39},"end":{"line":186,"column":40}},"loc":{"start":{"line":186,"column":44},"end":{"line":186,"column":66}},"line":186},"12":{"name":"(anonymous_12)","decl":{"start":{"line":194,"column":30},"end":{"line":194,"column":31}},"loc":{"start":{"line":194,"column":52},"end":{"line":206,"column":3}},"line":194},"13":{"name":"(anonymous_13)","decl":{"start":{"line":202,"column":25},"end":{"line":202,"column":26}},"loc":{"start":{"line":202,"column":33},"end":{"line":202,"column":109}},"line":202},"14":{"name":"(anonymous_14)","decl":{"start":{"line":202,"column":45},"end":{"line":202,"column":46}},"loc":{"start":{"line":202,"column":50},"end":{"line":202,"column":108}},"line":202},"15":{"name":"(anonymous_15)","decl":{"start":{"line":208,"column":26},"end":{"line":208,"column":27}},"loc":{"start":{"line":208,"column":48},"end":{"line":216,"column":3}},"line":208},"16":{"name":"(anonymous_16)","decl":{"start":{"line":209,"column":37},"end":{"line":209,"column":38}},"loc":{"start":{"line":209,"column":42},"end":{"line":209,"column":64}},"line":209},"17":{"name":"(anonymous_17)","decl":{"start":{"line":218,"column":25},"end":{"line":218,"column":26}},"loc":{"start":{"line":218,"column":47},"end":{"line":229,"column":3}},"line":218},"18":{"name":"(anonymous_18)","decl":{"start":{"line":231,"column":21},"end":{"line":231,"column":22}},"loc":{"start":{"line":231,"column":43},"end":{"line":242,"column":3}},"line":231},"19":{"name":"(anonymous_19)","decl":{"start":{"line":244,"column":26},"end":{"line":244,"column":27}},"loc":{"start":{"line":244,"column":32},"end":{"line":244,"column":54}},"line":244},"20":{"name":"(anonymous_20)","decl":{"start":{"line":245,"column":22},"end":{"line":245,"column":23}},"loc":{"start":{"line":245,"column":28},"end":{"line":245,"column":46}},"line":245},"21":{"name":"(anonymous_21)","decl":{"start":{"line":246,"column":21},"end":{"line":246,"column":22}},"loc":{"start":{"line":246,"column":27},"end":{"line":246,"column":44}},"line":246},"22":{"name":"(anonymous_22)","decl":{"start":{"line":247,"column":23},"end":{"line":247,"column":24}},"loc":{"start":{"line":247,"column":29},"end":{"line":247,"column":46}},"line":247},"23":{"name":"(anonymous_23)","decl":{"start":{"line":254,"column":45},"end":{"line":254,"column":46}},"loc":{"start":{"line":254,"column":51},"end":{"line":254,"column":68}},"line":254},"24":{"name":"(anonymous_24)","decl":{"start":{"line":256,"column":49},"end":{"line":256,"column":50}},"loc":{"start":{"line":256,"column":55},"end":{"line":256,"column":75}},"line":256},"25":{"name":"(anonymous_25)","decl":{"start":{"line":258,"column":63},"end":{"line":258,"column":64}},"loc":{"start":{"line":258,"column":69},"end":{"line":258,"column":93}},"line":258},"26":{"name":"(anonymous_26)","decl":{"start":{"line":270,"column":113},"end":{"line":270,"column":114}},"loc":{"start":{"line":270,"column":118},"end":{"line":270,"column":169}},"line":270}},"branchMap":{"0":{"loc":{"start":{"line":25,"column":6},"end":{"line":25,"column":52}},"type":"if","locations":[{"start":{"line":25,"column":6},"end":{"line":25,"column":52}},{"start":{},"end":{}}],"line":25},"1":{"loc":{"start":{"line":28,"column":8},"end":{"line":31,"column":9}},"type":"if","locations":[{"start":{"line":28,"column":8},"end":{"line":31,"column":9}},{"start":{},"end":{}}],"line":28},"2":{"loc":{"start":{"line":30,"column":27},"end":{"line":30,"column":44}},"type":"binary-expr","locations":[{"start":{"line":30,"column":27},"end":{"line":30,"column":38}},{"start":{"line":30,"column":42},"end":{"line":30,"column":44}}],"line":30},"3":{"loc":{"start":{"line":46,"column":4},"end":{"line":54,"column":5}},"type":"if","locations":[{"start":{"line":46,"column":4},"end":{"line":54,"column":5}},{"start":{},"end":{}}],"line":46},"4":{"loc":{"start":{"line":50,"column":6},"end":{"line":50,"column":75}},"type":"if","locations":[{"start":{"line":50,"column":6},"end":{"line":50,"column":75}},{"start":{},"end":{}}],"line":50},"5":{"loc":{"start":{"line":50,"column":35},"end":{"line":50,"column":73}},"type":"binary-expr","locations":[{"start":{"line":50,"column":35},"end":{"line":50,"column":45}},{"start":{"line":50,"column":49},"end":{"line":50,"column":73}}],"line":50},"6":{"loc":{"start":{"line":56,"column":4},"end":{"line":64,"column":5}},"type":"if","locations":[{"start":{"line":56,"column":4},"end":{"line":64,"column":5}},{"start":{},"end":{}}],"line":56},"7":{"loc":{"start":{"line":60,"column":6},"end":{"line":60,"column":72}},"type":"if","locations":[{"start":{"line":60,"column":6},"end":{"line":60,"column":72}},{"start":{},"end":{}}],"line":60},"8":{"loc":{"start":{"line":60,"column":35},"end":{"line":60,"column":70}},"type":"binary-expr","locations":[{"start":{"line":60,"column":35},"end":{"line":60,"column":45}},{"start":{"line":60,"column":49},"end":{"line":60,"column":70}}],"line":60},"9":{"loc":{"start":{"line":65,"column":4},"end":{"line":73,"column":5}},"type":"if","locations":[{"start":{"line":65,"column":4},"end":{"line":73,"column":5}},{"start":{},"end":{}}],"line":65},"10":{"loc":{"start":{"line":69,"column":6},"end":{"line":69,"column":72}},"type":"if","locations":[{"start":{"line":69,"column":6},"end":{"line":69,"column":72}},{"start":{},"end":{}}],"line":69},"11":{"loc":{"start":{"line":69,"column":35},"end":{"line":69,"column":70}},"type":"binary-expr","locations":[{"start":{"line":69,"column":35},"end":{"line":69,"column":45}},{"start":{"line":69,"column":49},"end":{"line":69,"column":70}}],"line":69},"12":{"loc":{"start":{"line":79,"column":4},"end":{"line":79,"column":75}},"type":"if","locations":[{"start":{"line":79,"column":4},"end":{"line":79,"column":75}},{"start":{},"end":{}}],"line":79},"13":{"loc":{"start":{"line":79,"column":38},"end":{"line":79,"column":73}},"type":"binary-expr","locations":[{"start":{"line":79,"column":38},"end":{"line":79,"column":48}},{"start":{"line":79,"column":52},"end":{"line":79,"column":73}}],"line":79},"14":{"loc":{"start":{"line":83,"column":17},"end":{"line":83,"column":43}},"type":"binary-expr","locations":[{"start":{"line":83,"column":17},"end":{"line":83,"column":37}},{"start":{"line":83,"column":41},"end":{"line":83,"column":43}}],"line":83},"15":{"loc":{"start":{"line":88,"column":22},"end":{"line":88,"column":84}},"type":"cond-expr","locations":[{"start":{"line":88,"column":48},"end":{"line":88,"column":49}},{"start":{"line":88,"column":53},"end":{"line":88,"column":83}}],"line":88},"16":{"loc":{"start":{"line":88,"column":53},"end":{"line":88,"column":83}},"type":"binary-expr","locations":[{"start":{"line":88,"column":53},"end":{"line":88,"column":66}},{"start":{"line":88,"column":70},"end":{"line":88,"column":77}},{"start":{"line":88,"column":81},"end":{"line":88,"column":83}}],"line":88},"17":{"loc":{"start":{"line":89,"column":8},"end":{"line":89,"column":29}},"type":"if","locations":[{"start":{"line":89,"column":8},"end":{"line":89,"column":29}},{"start":{},"end":{}}],"line":89},"18":{"loc":{"start":{"line":91,"column":8},"end":{"line":97,"column":9}},"type":"if","locations":[{"start":{"line":91,"column":8},"end":{"line":97,"column":9}},{"start":{"line":94,"column":15},"end":{"line":97,"column":9}}],"line":91},"19":{"loc":{"start":{"line":93,"column":24},"end":{"line":93,"column":40}},"type":"binary-expr","locations":[{"start":{"line":93,"column":24},"end":{"line":93,"column":34}},{"start":{"line":93,"column":38},"end":{"line":93,"column":40}}],"line":93},"20":{"loc":{"start":{"line":118,"column":4},"end":{"line":118,"column":87}},"type":"if","locations":[{"start":{"line":118,"column":4},"end":{"line":118,"column":87}},{"start":{},"end":{}}],"line":118},"21":{"loc":{"start":{"line":128,"column":6},"end":{"line":131,"column":7}},"type":"if","locations":[{"start":{"line":128,"column":6},"end":{"line":131,"column":7}},{"start":{},"end":{}}],"line":128},"22":{"loc":{"start":{"line":130,"column":24},"end":{"line":130,"column":55}},"type":"binary-expr","locations":[{"start":{"line":130,"column":24},"end":{"line":130,"column":31}},{"start":{"line":130,"column":35},"end":{"line":130,"column":55}}],"line":130},"23":{"loc":{"start":{"line":134,"column":21},"end":{"line":134,"column":44}},"type":"binary-expr","locations":[{"start":{"line":134,"column":21},"end":{"line":134,"column":38}},{"start":{"line":134,"column":42},"end":{"line":134,"column":44}}],"line":134},"24":{"loc":{"start":{"line":139,"column":10},"end":{"line":143,"column":11}},"type":"if","locations":[{"start":{"line":139,"column":10},"end":{"line":143,"column":11}},{"start":{},"end":{}}],"line":139},"25":{"loc":{"start":{"line":142,"column":26},"end":{"line":142,"column":42}},"type":"binary-expr","locations":[{"start":{"line":142,"column":26},"end":{"line":142,"column":36}},{"start":{"line":142,"column":40},"end":{"line":142,"column":42}}],"line":142},"26":{"loc":{"start":{"line":160,"column":21},"end":{"line":160,"column":69}},"type":"binary-expr","locations":[{"start":{"line":160,"column":21},"end":{"line":160,"column":61}},{"start":{"line":160,"column":65},"end":{"line":160,"column":69}}],"line":160},"27":{"loc":{"start":{"line":165,"column":6},"end":{"line":167,"column":7}},"type":"if","locations":[{"start":{"line":165,"column":6},"end":{"line":167,"column":7}},{"start":{},"end":{}}],"line":165},"28":{"loc":{"start":{"line":175,"column":4},"end":{"line":175,"column":56}},"type":"if","locations":[{"start":{"line":175,"column":4},"end":{"line":175,"column":56}},{"start":{},"end":{}}],"line":175},"29":{"loc":{"start":{"line":180,"column":6},"end":{"line":190,"column":7}},"type":"if","locations":[{"start":{"line":180,"column":6},"end":{"line":190,"column":7}},{"start":{},"end":{}}],"line":180},"30":{"loc":{"start":{"line":183,"column":53},"end":{"line":183,"column":72}},"type":"binary-expr","locations":[{"start":{"line":183,"column":53},"end":{"line":183,"column":66}},{"start":{"line":183,"column":70},"end":{"line":183,"column":72}}],"line":183},"31":{"loc":{"start":{"line":183,"column":100},"end":{"line":183,"column":116}},"type":"binary-expr","locations":[{"start":{"line":183,"column":100},"end":{"line":183,"column":110}},{"start":{"line":183,"column":114},"end":{"line":183,"column":116}}],"line":183},"32":{"loc":{"start":{"line":187,"column":10},"end":{"line":187,"column":86}},"type":"if","locations":[{"start":{"line":187,"column":10},"end":{"line":187,"column":86}},{"start":{},"end":{}}],"line":187},"33":{"loc":{"start":{"line":196,"column":4},"end":{"line":196,"column":56}},"type":"if","locations":[{"start":{"line":196,"column":4},"end":{"line":196,"column":56}},{"start":{},"end":{}}],"line":196},"34":{"loc":{"start":{"line":201,"column":6},"end":{"line":204,"column":7}},"type":"if","locations":[{"start":{"line":201,"column":6},"end":{"line":204,"column":7}},{"start":{},"end":{}}],"line":201},"35":{"loc":{"start":{"line":209,"column":76},"end":{"line":209,"column":90}},"type":"binary-expr","locations":[{"start":{"line":209,"column":76},"end":{"line":209,"column":86}},{"start":{"line":209,"column":88},"end":{"line":209,"column":90}}],"line":209},"36":{"loc":{"start":{"line":210,"column":4},"end":{"line":215,"column":5}},"type":"if","locations":[{"start":{"line":210,"column":4},"end":{"line":215,"column":5}},{"start":{"line":213,"column":11},"end":{"line":215,"column":5}}],"line":210},"37":{"loc":{"start":{"line":220,"column":4},"end":{"line":220,"column":56}},"type":"if","locations":[{"start":{"line":220,"column":4},"end":{"line":220,"column":56}},{"start":{},"end":{}}],"line":220},"38":{"loc":{"start":{"line":225,"column":6},"end":{"line":227,"column":7}},"type":"if","locations":[{"start":{"line":225,"column":6},"end":{"line":227,"column":7}},{"start":{},"end":{}}],"line":225},"39":{"loc":{"start":{"line":233,"column":4},"end":{"line":233,"column":56}},"type":"if","locations":[{"start":{"line":233,"column":4},"end":{"line":233,"column":56}},{"start":{},"end":{}}],"line":233},"40":{"loc":{"start":{"line":238,"column":6},"end":{"line":240,"column":7}},"type":"if","locations":[{"start":{"line":238,"column":6},"end":{"line":240,"column":7}},{"start":{},"end":{}}],"line":238},"41":{"loc":{"start":{"line":264,"column":7},"end":{"line":292,"column":7}},"type":"binary-expr","locations":[{"start":{"line":264,"column":7},"end":{"line":264,"column":24}},{"start":{"line":265,"column":8},"end":{"line":291,"column":11}}],"line":264},"42":{"loc":{"start":{"line":270,"column":141},"end":{"line":270,"column":168}},"type":"binary-expr","locations":[{"start":{"line":270,"column":141},"end":{"line":270,"column":163}},{"start":{"line":270,"column":167},"end":{"line":270,"column":168}}],"line":270},"43":{"loc":{"start":{"line":277,"column":11},"end":{"line":277,"column":58}},"type":"binary-expr","locations":[{"start":{"line":277,"column":11},"end":{"line":277,"column":18}},{"start":{"line":277,"column":22},"end":{"line":277,"column":58}}],"line":277},"44":{"loc":{"start":{"line":278,"column":11},"end":{"line":278,"column":67}},"type":"binary-expr","locations":[{"start":{"line":278,"column":11},"end":{"line":278,"column":16}},{"start":{"line":278,"column":20},"end":{"line":278,"column":67}}],"line":278},"45":{"loc":{"start":{"line":280,"column":11},"end":{"line":290,"column":11}},"type":"binary-expr","locations":[{"start":{"line":280,"column":11},"end":{"line":280,"column":37}},{"start":{"line":281,"column":12},"end":{"line":289,"column":14}}],"line":280},"46":{"loc":{"start":{"line":294,"column":7},"end":{"line":296,"column":7}},"type":"binary-expr","locations":[{"start":{"line":294,"column":7},"end":{"line":294,"column":29}},{"start":{"line":295,"column":8},"end":{"line":295,"column":62}}],"line":294},"47":{"loc":{"start":{"line":298,"column":7},"end":{"line":300,"column":7}},"type":"binary-expr","locations":[{"start":{"line":298,"column":7},"end":{"line":298,"column":25}},{"start":{"line":299,"column":8},"end":{"line":299,"column":45}}],"line":298},"48":{"loc":{"start":{"line":302,"column":7},"end":{"line":304,"column":7}},"type":"binary-expr","locations":[{"start":{"line":302,"column":7},"end":{"line":302,"column":24}},{"start":{"line":303,"column":8},"end":{"line":303,"column":47}}],"line":302},"49":{"loc":{"start":{"line":305,"column":7},"end":{"line":307,"column":7}},"type":"binary-expr","locations":[{"start":{"line":305,"column":7},"end":{"line":305,"column":31}},{"start":{"line":306,"column":8},"end":{"line":306,"column":74}}],"line":305},"50":{"loc":{"start":{"line":308,"column":7},"end":{"line":310,"column":7}},"type":"binary-expr","locations":[{"start":{"line":308,"column":7},"end":{"line":308,"column":27}},{"start":{"line":309,"column":8},"end":{"line":309,"column":199}}],"line":308}},"s":{"0":5,"1":5,"2":5,"3":5,"4":5,"5":5,"6":5,"7":5,"8":2,"9":2,"10":2,"11":2,"12":2,"13":0,"14":0,"15":0,"16":0,"17":0,"18":0,"19":2,"20":5,"21":0,"22":0,"23":0,"24":0,"25":0,"26":0,"27":0,"28":0,"29":0,"30":0,"31":0,"32":0,"33":0,"34":0,"35":0,"36":0,"37":0,"38":0,"39":0,"40":0,"41":0,"42":0,"43":0,"44":0,"45":0,"46":0,"47":0,"48":0,"49":0,"50":0,"51":0,"52":0,"53":0,"54":0,"55":0,"56":0,"57":0,"58":0,"59":0,"60":0,"61":0,"62":0,"63":0,"64":0,"65":0,"66":0,"67":0,"68":0,"69":0,"70":0,"71":0,"72":0,"73":0,"74":0,"75":0,"76":5,"77":0,"78":0,"79":0,"80":0,"81":0,"82":0,"83":0,"84":0,"85":0,"86":0,"87":0,"88":0,"89":0,"90":0,"91":0,"92":0,"93":0,"94":0,"95":0,"96":0,"97":0,"98":0,"99":0,"100":0,"101":0,"102":0,"103":5,"104":0,"105":0,"106":0,"107":0,"108":0,"109":0,"110":0,"111":5,"112":0,"113":0,"114":0,"115":0,"116":0,"117":0,"118":0,"119":0,"120":0,"121":0,"122":0,"123":0,"124":0,"125":0,"126":0,"127":0,"128":0,"129":5,"130":0,"131":0,"132":0,"133":0,"134":0,"135":0,"136":0,"137":0,"138":0,"139":0,"140":5,"141":0,"142":0,"143":0,"144":0,"145":0,"146":0,"147":5,"148":0,"149":0,"150":0,"151":0,"152":0,"153":0,"154":0,"155":0,"156":5,"157":0,"158":0,"159":0,"160":0,"161":0,"162":0,"163":0,"164":0,"165":5,"166":0,"167":5,"168":1,"169":5,"170":0,"171":5,"172":0,"173":5,"174":0,"175":0,"176":0,"177":0},"f":{"0":5,"1":2,"2":2,"3":0,"4":0,"5":0,"6":0,"7":0,"8":0,"9":0,"10":0,"11":0,"12":0,"13":0,"14":0,"15":0,"16":0,"17":0,"18":0,"19":0,"20":1,"21":0,"22":0,"23":0,"24":0,"25":0,"26":0},"b":{"0":[2,0],"1":[0,0],"2":[0,0],"3":[0,0],"4":[0,0],"5":[0,0],"6":[0,0],"7":[0,0],"8":[0,0],"9":[0,0],"10":[0,0],"11":[0,0],"12":[0,0],"13":[0,0],"14":[0,0],"15":[0,0],"16":[0,0,0],"17":[0,0],"18":[0,0],"19":[0,0],"20":[0,0],"21":[0,0],"22":[0,0],"23":[0,0],"24":[0,0],"25":[0,0],"26":[0,0],"27":[0,0],"28":[0,0],"29":[0,0],"30":[0,0],"31":[0,0],"32":[0,0],"33":[0,0],"34":[0,0],"35":[0,0],"36":[0,0],"37":[0,0],"38":[0,0],"39":[0,0],"40":[0,0],"41":[5,4],"42":[0,0],"43":[4,0],"44":[4,0],"45":[4,0],"46":[5,0],"47":[5,1],"48":[5,0],"49":[5,0],"50":[5,0]},"_coverageSchema":"1a1c01bbd47fc00a2c39e90264f33305004495a9","hash":"28b4a14ed10d6d475f3e0cb1384606191083676d"}
,"C:\\Users\\brayd\\CS4090\\NextFlix-Project\\frontend\\src\\api.js": {"path":"C:\\Users\\brayd\\CS4090\\NextFlix-Project\\frontend\\src\\api.js","statementMap":{"0":{"start":{"line":2,"column":17},"end":{"line":2,"column":73}}},"fnMap":{},"branchMap":{"0":{"loc":{"start":{"line":2,"column":17},"end":{"line":2,"column":73}},"type":"binary-expr","locations":[{"start":{"line":2,"column":17},"end":{"line":2,"column":46}},{"start":{"line":2,"column":50},"end":{"line":2,"column":73}}],"line":2}},"s":{"0":5},"f":{},"b":{"0":[5,5]},"_coverageSchema":"1a1c01bbd47fc00a2c39e90264f33305004495a9","hash":"da57dad5fb012d3c48976f30f782ce0da04fbc9c"}
,"C:\\Users\\brayd\\CS4090\\NextFlix-Project\\frontend\\src\\index.js": {"path":"C:\\Users\\brayd\\CS4090\\NextFlix-Project\\frontend\\src\\index.js","statementMap":{"0":{"start":{"line":7,"column":20},"end":{"line":7,"column":51}},"1":{"start":{"line":11,"column":13},"end":{"line":11,"column":45}},"2":{"start":{"line":13,"column":0},"end":{"line":17,"column":2}}},"fnMap":{},"branchMap":{},"s":{"0":0,"1":0,"2":0},"f":{},"b":{}}
,"C:\\Users\\brayd\\CS4090\\NextFlix-Project\\frontend\\src\\components\\AccessibilityMenu.js": {"path":"C:\\Users\\brayd\\CS4090\\NextFlix-Project\\frontend\\src\\components\\AccessibilityMenu.js","statementMap":{"0":{"start":{"line":5,"column":26},"end":{"line":11,"column":3}},"1":{"start":{"line":13,"column":34},"end":{"line":13,"column":59}},"2":{"start":{"line":15,"column":2},"end":{"line":23,"column":9}},"3":{"start":{"line":17,"column":4},"end":{"line":22,"column":5}},"4":{"start":{"line":18,"column":18},"end":{"line":18,"column":64}},"5":{"start":{"line":19,"column":6},"end":{"line":19,"column":44}},"6":{"start":{"line":19,"column":15},"end":{"line":19,"column":44}},"7":{"start":{"line":21,"column":6},"end":{"line":21,"column":64}},"8":{"start":{"line":25,"column":2},"end":{"line":27,"column":17}},"9":{"start":{"line":26,"column":4},"end":{"line":26,"column":28}},"10":{"start":{"line":29,"column":24},"end":{"line":46,"column":3}},"11":{"start":{"line":31,"column":16},"end":{"line":31,"column":64}},"12":{"start":{"line":32,"column":4},"end":{"line":32,"column":76}},"13":{"start":{"line":35,"column":4},"end":{"line":35,"column":111}},"14":{"start":{"line":35,"column":20},"end":{"line":35,"column":61}},"15":{"start":{"line":35,"column":67},"end":{"line":35,"column":111}},"16":{"start":{"line":38,"column":4},"end":{"line":38,"column":123}},"17":{"start":{"line":38,"column":24},"end":{"line":38,"column":69}},"18":{"start":{"line":38,"column":75},"end":{"line":38,"column":123}},"19":{"start":{"line":41,"column":4},"end":{"line":41,"column":135}},"20":{"start":{"line":41,"column":28},"end":{"line":41,"column":77}},"21":{"start":{"line":41,"column":83},"end":{"line":41,"column":135}},"22":{"start":{"line":44,"column":20},"end":{"line":44,"column":74}},"23":{"start":{"line":45,"column":4},"end":{"line":45,"column":109}},"24":{"start":{"line":48,"column":17},"end":{"line":48,"column":72}},"25":{"start":{"line":48,"column":28},"end":{"line":48,"column":72}},"26":{"start":{"line":48,"column":49},"end":{"line":48,"column":70}},"27":{"start":{"line":50,"column":21},"end":{"line":57,"column":3}},"28":{"start":{"line":51,"column":4},"end":{"line":55,"column":5}},"29":{"start":{"line":52,"column":6},"end":{"line":52,"column":79}},"30":{"start":{"line":54,"column":6},"end":{"line":54,"column":64}},"31":{"start":{"line":56,"column":4},"end":{"line":56,"column":25}},"32":{"start":{"line":59,"column":22},"end":{"line":62,"column":3}},"33":{"start":{"line":60,"column":4},"end":{"line":60,"column":33}},"34":{"start":{"line":61,"column":4},"end":{"line":61,"column":75}},"35":{"start":{"line":61,"column":10},"end":{"line":61,"column":60}},"36":{"start":{"line":64,"column":2},"end":{"line":112,"column":4}},"37":{"start":{"line":71,"column":35},"end":{"line":71,"column":64}},"38":{"start":{"line":72,"column":35},"end":{"line":72,"column":65}},"39":{"start":{"line":73,"column":35},"end":{"line":73,"column":64}},"40":{"start":{"line":80,"column":94},"end":{"line":80,"column":132}},"41":{"start":{"line":88,"column":102},"end":{"line":88,"column":144}},"42":{"start":{"line":96,"column":99},"end":{"line":96,"column":145}},"43":{"start":{"line":98,"column":67},"end":{"line":98,"column":107}},"44":{"start":{"line":109,"column":59},"end":{"line":109,"column":80}},"45":{"start":{"line":109,"column":81},"end":{"line":109,"column":100}}},"fnMap":{"0":{"name":"AccessibilityMenu","decl":{"start":{"line":4,"column":9},"end":{"line":4,"column":26}},"loc":{"start":{"line":4,"column":48},"end":{"line":113,"column":1}},"line":4},"1":{"name":"(anonymous_1)","decl":{"start":{"line":15,"column":12},"end":{"line":15,"column":13}},"loc":{"start":{"line":15,"column":18},"end":{"line":23,"column":3}},"line":15},"2":{"name":"(anonymous_2)","decl":{"start":{"line":25,"column":12},"end":{"line":25,"column":13}},"loc":{"start":{"line":25,"column":18},"end":{"line":27,"column":3}},"line":25},"3":{"name":"(anonymous_3)","decl":{"start":{"line":29,"column":24},"end":{"line":29,"column":25}},"loc":{"start":{"line":29,"column":31},"end":{"line":46,"column":3}},"line":29},"4":{"name":"(anonymous_4)","decl":{"start":{"line":48,"column":17},"end":{"line":48,"column":18}},"loc":{"start":{"line":48,"column":28},"end":{"line":48,"column":72}},"line":48},"5":{"name":"(anonymous_5)","decl":{"start":{"line":48,"column":40},"end":{"line":48,"column":41}},"loc":{"start":{"line":48,"column":49},"end":{"line":48,"column":70}},"line":48},"6":{"name":"(anonymous_6)","decl":{"start":{"line":50,"column":21},"end":{"line":50,"column":22}},"loc":{"start":{"line":50,"column":27},"end":{"line":57,"column":3}},"line":50},"7":{"name":"(anonymous_7)","decl":{"start":{"line":59,"column":22},"end":{"line":59,"column":23}},"loc":{"start":{"line":59,"column":28},"end":{"line":62,"column":3}},"line":59},"8":{"name":"(anonymous_8)","decl":{"start":{"line":71,"column":29},"end":{"line":71,"column":30}},"loc":{"start":{"line":71,"column":35},"end":{"line":71,"column":64}},"line":71},"9":{"name":"(anonymous_9)","decl":{"start":{"line":72,"column":29},"end":{"line":72,"column":30}},"loc":{"start":{"line":72,"column":35},"end":{"line":72,"column":65}},"line":72},"10":{"name":"(anonymous_10)","decl":{"start":{"line":73,"column":29},"end":{"line":73,"column":30}},"loc":{"start":{"line":73,"column":35},"end":{"line":73,"column":64}},"line":73},"11":{"name":"(anonymous_11)","decl":{"start":{"line":80,"column":87},"end":{"line":80,"column":88}},"loc":{"start":{"line":80,"column":94},"end":{"line":80,"column":132}},"line":80},"12":{"name":"(anonymous_12)","decl":{"start":{"line":88,"column":95},"end":{"line":88,"column":96}},"loc":{"start":{"line":88,"column":102},"end":{"line":88,"column":144}},"line":88},"13":{"name":"(anonymous_13)","decl":{"start":{"line":96,"column":92},"end":{"line":96,"column":93}},"loc":{"start":{"line":96,"column":99},"end":{"line":96,"column":145}},"line":96},"14":{"name":"(anonymous_14)","decl":{"start":{"line":98,"column":60},"end":{"line":98,"column":61}},"loc":{"start":{"line":98,"column":67},"end":{"line":98,"column":107}},"line":98},"15":{"name":"(anonymous_15)","decl":{"start":{"line":109,"column":51},"end":{"line":109,"column":52}},"loc":{"start":{"line":109,"column":57},"end":{"line":109,"column":102}},"line":109}},"branchMap":{"0":{"loc":{"start":{"line":19,"column":6},"end":{"line":19,"column":44}},"type":"if","locations":[{"start":{"line":19,"column":6},"end":{"line":19,"column":44}},{"start":{},"end":{}}],"line":19},"1":{"loc":{"start":{"line":32,"column":46},"end":{"line":32,"column":75}},"type":"binary-expr","locations":[{"start":{"line":32,"column":46},"end":{"line":32,"column":61}},{"start":{"line":32,"column":65},"end":{"line":32,"column":75}}],"line":32},"2":{"loc":{"start":{"line":35,"column":4},"end":{"line":35,"column":111}},"type":"if","locations":[{"start":{"line":35,"column":4},"end":{"line":35,"column":111}},{"start":{"line":35,"column":67},"end":{"line":35,"column":111}}],"line":35},"3":{"loc":{"start":{"line":38,"column":4},"end":{"line":38,"column":123}},"type":"if","locations":[{"start":{"line":38,"column":4},"end":{"line":38,"column":123}},{"start":{"line":38,"column":75},"end":{"line":38,"column":123}}],"line":38},"4":{"loc":{"start":{"line":41,"column":4},"end":{"line":41,"column":135}},"type":"if","locations":[{"start":{"line":41,"column":4},"end":{"line":41,"column":135}},{"start":{"line":41,"column":83},"end":{"line":41,"column":135}}],"line":41},"5":{"loc":{"start":{"line":45,"column":66},"end":{"line":45,"column":107}},"type":"binary-expr","locations":[{"start":{"line":45,"column":66},"end":{"line":45,"column":89}},{"start":{"line":45,"column":93},"end":{"line":45,"column":107}}],"line":45},"6":{"loc":{"start":{"line":56,"column":4},"end":{"line":56,"column":24}},"type":"binary-expr","locations":[{"start":{"line":56,"column":4},"end":{"line":56,"column":11}},{"start":{"line":56,"column":15},"end":{"line":56,"column":24}}],"line":56},"7":{"loc":{"start":{"line":71,"column":77},"end":{"line":71,"column":122}},"type":"cond-expr","locations":[{"start":{"line":71,"column":109},"end":{"line":71,"column":117}},{"start":{"line":71,"column":120},"end":{"line":71,"column":122}}],"line":71},"8":{"loc":{"start":{"line":72,"column":78},"end":{"line":72,"column":124}},"type":"cond-expr","locations":[{"start":{"line":72,"column":111},"end":{"line":72,"column":119}},{"start":{"line":72,"column":122},"end":{"line":72,"column":124}}],"line":72},"9":{"loc":{"start":{"line":73,"column":77},"end":{"line":73,"column":122}},"type":"cond-expr","locations":[{"start":{"line":73,"column":109},"end":{"line":73,"column":117}},{"start":{"line":73,"column":120},"end":{"line":73,"column":122}}],"line":73},"10":{"loc":{"start":{"line":109,"column":59},"end":{"line":109,"column":79}},"type":"binary-expr","locations":[{"start":{"line":109,"column":59},"end":{"line":109,"column":66}},{"start":{"line":109,"column":70},"end":{"line":109,"column":79}}],"line":109},"11":{"loc":{"start":{"line":109,"column":81},"end":{"line":109,"column":99}},"type":"binary-expr","locations":[{"start":{"line":109,"column":81},"end":{"line":109,"column":87}},{"start":{"line":109,"column":91},"end":{"line":109,"column":99}}],"line":109}},"s":{"0":3,"1":3,"2":3,"3":1,"4":1,"5":1,"6":0,"7":0,"8":3,"9":3,"10":3,"11":3,"12":3,"13":3,"14":2,"15":1,"16":3,"17":0,"18":3,"19":3,"20":0,"21":3,"22":3,"23":3,"24":3,"25":2,"26":2,"27":3,"28":1,"29":1,"30":0,"31":1,"32":3,"33":0,"34":0,"35":0,"36":3,"37":0,"38":0,"39":0,"40":1,"41":0,"42":0,"43":1,"44":0,"45":0},"f":{"0":3,"1":1,"2":3,"3":3,"4":2,"5":2,"6":1,"7":0,"8":0,"9":0,"10":0,"11":1,"12":0,"13":0,"14":1,"15":0},"b":{"0":[0,1],"1":[3,0],"2":[2,1],"3":[0,3],"4":[0,3],"5":[3,0],"6":[1,1],"7":[0,3],"8":[3,0],"9":[0,3],"10":[0,0],"11":[0,0]},"_coverageSchema":"1a1c01bbd47fc00a2c39e90264f33305004495a9","hash":"56614093c773c19c05a21af020e4b7d8abc366bf"}
,"C:\\Users\\brayd\\CS4090\\NextFlix-Project\\frontend\\src\\components\\BugReportPage.js": {"path":"C:\\Users\\brayd\\CS4090\\NextFlix-Project\\frontend\\src\\components\\BugReportPage.js","statementMap":{"0":{"start":{"line":6,"column":32},"end":{"line":6,"column":44}},"1":{"start":{"line":7,"column":40},"end":{"line":7,"column":52}},"2":{"start":{"line":8,"column":38},"end":{"line":8,"column":53}},"3":{"start":{"line":9,"column":30},"end":{"line":9,"column":44}},"4":{"start":{"line":11,"column":2},"end":{"line":14,"column":9}},"5":{"start":{"line":12,"column":15},"end":{"line":12,"column":55}},"6":{"start":{"line":13,"column":4},"end":{"line":13,"column":26}},"7":{"start":{"line":13,"column":12},"end":{"line":13,"column":26}},"8":{"start":{"line":16,"column":23},"end":{"line":52,"column":3}},"9":{"start":{"line":17,"column":4},"end":{"line":17,"column":23}},"10":{"start":{"line":18,"column":4},"end":{"line":21,"column":5}},"11":{"start":{"line":19,"column":6},"end":{"line":19,"column":64}},"12":{"start":{"line":20,"column":6},"end":{"line":20,"column":13}},"13":{"start":{"line":23,"column":20},"end":{"line":27,"column":5}},"14":{"start":{"line":29,"column":4},"end":{"line":29,"column":24}},"15":{"start":{"line":30,"column":4},"end":{"line":51,"column":5}},"16":{"start":{"line":31,"column":18},"end":{"line":35,"column":8}},"17":{"start":{"line":37,"column":19},"end":{"line":37,"column":35}},"18":{"start":{"line":38,"column":6},"end":{"line":45,"column":7}},"19":{"start":{"line":39,"column":8},"end":{"line":39,"column":45}},"20":{"start":{"line":40,"column":8},"end":{"line":40,"column":76}},"21":{"start":{"line":42,"column":8},"end":{"line":42,"column":56}},"22":{"start":{"line":43,"column":8},"end":{"line":43,"column":23}},"23":{"start":{"line":44,"column":8},"end":{"line":44,"column":27}},"24":{"start":{"line":47,"column":6},"end":{"line":47,"column":52}},"25":{"start":{"line":48,"column":6},"end":{"line":48,"column":65}},"26":{"start":{"line":50,"column":6},"end":{"line":50,"column":27}},"27":{"start":{"line":54,"column":2},"end":{"line":76,"column":4}},"28":{"start":{"line":62,"column":78},"end":{"line":62,"column":104}},"29":{"start":{"line":67,"column":93},"end":{"line":67,"column":123}}},"fnMap":{"0":{"name":"BugReportPage","decl":{"start":{"line":5,"column":9},"end":{"line":5,"column":22}},"loc":{"start":{"line":5,"column":35},"end":{"line":77,"column":1}},"line":5},"1":{"name":"(anonymous_1)","decl":{"start":{"line":11,"column":12},"end":{"line":11,"column":13}},"loc":{"start":{"line":11,"column":18},"end":{"line":14,"column":3}},"line":11},"2":{"name":"(anonymous_2)","decl":{"start":{"line":16,"column":23},"end":{"line":16,"column":24}},"loc":{"start":{"line":16,"column":36},"end":{"line":52,"column":3}},"line":16},"3":{"name":"(anonymous_3)","decl":{"start":{"line":62,"column":71},"end":{"line":62,"column":72}},"loc":{"start":{"line":62,"column":78},"end":{"line":62,"column":104}},"line":62},"4":{"name":"(anonymous_4)","decl":{"start":{"line":67,"column":86},"end":{"line":67,"column":87}},"loc":{"start":{"line":67,"column":93},"end":{"line":67,"column":123}},"line":67}},"branchMap":{"0":{"loc":{"start":{"line":13,"column":4},"end":{"line":13,"column":26}},"type":"if","locations":[{"start":{"line":13,"column":4},"end":{"line":13,"column":26}},{"start":{},"end":{}}],"line":13},"1":{"loc":{"start":{"line":18,"column":4},"end":{"line":21,"column":5}},"type":"if","locations":[{"start":{"line":18,"column":4},"end":{"line":21,"column":5}},{"start":{},"end":{}}],"line":18},"2":{"loc":{"start":{"line":18,"column":8},"end":{"line":18,"column":46}},"type":"binary-expr","locations":[{"start":{"line":18,"column":8},"end":{"line":18,"column":23}},{"start":{"line":18,"column":27},"end":{"line":18,"column":46}}],"line":18},"3":{"loc":{"start":{"line":38,"column":6},"end":{"line":45,"column":7}},"type":"if","locations":[{"start":{"line":38,"column":6},"end":{"line":45,"column":7}},{"start":{"line":41,"column":13},"end":{"line":45,"column":7}}],"line":38},"4":{"loc":{"start":{"line":40,"column":45},"end":{"line":40,"column":73}},"type":"binary-expr","locations":[{"start":{"line":40,"column":45},"end":{"line":40,"column":55}},{"start":{"line":40,"column":59},"end":{"line":40,"column":73}}],"line":40},"5":{"loc":{"start":{"line":71,"column":81},"end":{"line":71,"column":127}},"type":"cond-expr","locations":[{"start":{"line":71,"column":94},"end":{"line":71,"column":109}},{"start":{"line":71,"column":112},"end":{"line":71,"column":127}}],"line":71}},"s":{"0":5,"1":5,"2":5,"3":5,"4":5,"5":1,"6":1,"7":0,"8":5,"9":1,"10":1,"11":0,"12":0,"13":1,"14":1,"15":1,"16":1,"17":1,"18":1,"19":0,"20":0,"21":1,"22":1,"23":1,"24":0,"25":0,"26":1,"27":5,"28":1,"29":1},"f":{"0":5,"1":1,"2":1,"3":1,"4":1},"b":{"0":[0,1],"1":[0,1],"2":[1,1],"3":[0,1],"4":[0,0],"5":[1,4]},"_coverageSchema":"1a1c01bbd47fc00a2c39e90264f33305004495a9","hash":"cbcaacf838a145eee91c39af4a6d4ac3615a8c13"}
,"C:\\Users\\brayd\\CS4090\\NextFlix-Project\\frontend\\src\\components\\MovieInputForm.js": {"path":"C:\\Users\\brayd\\CS4090\\NextFlix-Project\\frontend\\src\\components\\MovieInputForm.js","statementMap":{"0":{"start":{"line":6,"column":28},"end":{"line":6,"column":40}},"1":{"start":{"line":7,"column":38},"end":{"line":7,"column":55}},"2":{"start":{"line":9,"column":23},"end":{"line":14,"column":3}},"3":{"start":{"line":10,"column":4},"end":{"line":10,"column":23}},"4":{"start":{"line":11,"column":4},"end":{"line":13,"column":5}},"5":{"start":{"line":12,"column":6},"end":{"line":12,"column":34}},"6":{"start":{"line":16,"column":2},"end":{"line":49,"column":4}},"7":{"start":{"line":24,"column":27},"end":{"line":24,"column":56}},"8":{"start":{"line":39,"column":27},"end":{"line":39,"column":51}}},"fnMap":{"0":{"name":"MovieInputForm","decl":{"start":{"line":5,"column":9},"end":{"line":5,"column":23}},"loc":{"start":{"line":5,"column":47},"end":{"line":50,"column":1}},"line":5},"1":{"name":"(anonymous_1)","decl":{"start":{"line":9,"column":23},"end":{"line":9,"column":24}},"loc":{"start":{"line":9,"column":30},"end":{"line":14,"column":3}},"line":9},"2":{"name":"(anonymous_2)","decl":{"start":{"line":24,"column":20},"end":{"line":24,"column":21}},"loc":{"start":{"line":24,"column":27},"end":{"line":24,"column":56}},"line":24},"3":{"name":"(anonymous_3)","decl":{"start":{"line":39,"column":20},"end":{"line":39,"column":21}},"loc":{"start":{"line":39,"column":27},"end":{"line":39,"column":51}},"line":39}},"branchMap":{"0":{"loc":{"start":{"line":11,"column":4},"end":{"line":13,"column":5}},"type":"if","locations":[{"start":{"line":11,"column":4},"end":{"line":13,"column":5}},{"start":{},"end":{}}],"line":11},"1":{"loc":{"start":{"line":11,"column":8},"end":{"line":11,"column":32}},"type":"binary-expr","locations":[{"start":{"line":11,"column":8},"end":{"line":11,"column":20}},{"start":{"line":11,"column":24},"end":{"line":11,"column":32}}],"line":11},"2":{"loc":{"start":{"line":46,"column":9},"end":{"line":46,"column":55}},"type":"cond-expr","locations":[{"start":{"line":46,"column":19},"end":{"line":46,"column":31}},{"start":{"line":46,"column":34},"end":{"line":46,"column":55}}],"line":46}},"s":{"0":8,"1":8,"2":8,"3":1,"4":1,"5":1,"6":8,"7":1,"8":1},"f":{"0":8,"1":1,"2":1,"3":1},"b":{"0":[1,0],"1":[1,1],"2":[1,7]},"_coverageSchema":"1a1c01bbd47fc00a2c39e90264f33305004495a9","hash":"f8c21bd62b6cc2668659d45569ceac630a7c9378"}
,"C:\\Users\\brayd\\CS4090\\NextFlix-Project\\frontend\\src\\components\\ProfilePage.js": {"path":"C:\\Users\\brayd\\CS4090\\NextFlix-Project\\frontend\\src\\components\\ProfilePage.js","statementMap":{"0":{"start":{"line":6,"column":30},"end":{"line":6,"column":44}},"1":{"start":{"line":7,"column":32},"end":{"line":7,"column":46}},"2":{"start":{"line":8,"column":30},"end":{"line":8,"column":45}},"3":{"start":{"line":9,"column":40},"end":{"line":14,"column":4}},"4":{"start":{"line":15,"column":32},"end":{"line":15,"column":95}},"5":{"start":{"line":16,"column":38},"end":{"line":16,"column":50}},"6":{"start":{"line":17,"column":44},"end":{"line":17,"column":56}},"7":{"start":{"line":18,"column":38},"end":{"line":18,"column":50}},"8":{"start":{"line":19,"column":34},"end":{"line":19,"column":46}},"9":{"start":{"line":21,"column":2},"end":{"line":42,"column":9}},"10":{"start":{"line":22,"column":15},"end":{"line":22,"column":55}},"11":{"start":{"line":23,"column":4},"end":{"line":27,"column":5}},"12":{"start":{"line":24,"column":6},"end":{"line":24,"column":24}},"13":{"start":{"line":25,"column":6},"end":{"line":25,"column":22}},"14":{"start":{"line":26,"column":6},"end":{"line":26,"column":13}},"15":{"start":{"line":28,"column":4},"end":{"line":28,"column":18}},"16":{"start":{"line":29,"column":4},"end":{"line":29,"column":21}},"17":{"start":{"line":31,"column":25},"end":{"line":40,"column":5}},"18":{"start":{"line":32,"column":6},"end":{"line":39,"column":7}},"19":{"start":{"line":33,"column":20},"end":{"line":33,"column":62}},"20":{"start":{"line":34,"column":8},"end":{"line":34,"column":28}},"21":{"start":{"line":34,"column":21},"end":{"line":34,"column":28}},"22":{"start":{"line":35,"column":21},"end":{"line":35,"column":37}},"23":{"start":{"line":36,"column":8},"end":{"line":36,"column":25}},"24":{"start":{"line":38,"column":8},"end":{"line":38,"column":61}},"25":{"start":{"line":41,"column":4},"end":{"line":41,"column":19}},"26":{"start":{"line":44,"column":23},"end":{"line":76,"column":3}},"27":{"start":{"line":45,"column":4},"end":{"line":45,"column":21}},"28":{"start":{"line":46,"column":4},"end":{"line":75,"column":5}},"29":{"start":{"line":47,"column":31},"end":{"line":50,"column":8}},"30":{"start":{"line":52,"column":6},"end":{"line":63,"column":7}},"31":{"start":{"line":53,"column":25},"end":{"line":53,"column":45}},"32":{"start":{"line":54,"column":22},"end":{"line":54,"column":48}},"33":{"start":{"line":55,"column":8},"end":{"line":60,"column":11}},"34":{"start":{"line":62,"column":8},"end":{"line":62,"column":78}},"35":{"start":{"line":65,"column":6},"end":{"line":70,"column":7}},"36":{"start":{"line":66,"column":23},"end":{"line":66,"column":41}},"37":{"start":{"line":67,"column":8},"end":{"line":67,"column":43}},"38":{"start":{"line":69,"column":8},"end":{"line":69,"column":24}},"39":{"start":{"line":72,"column":6},"end":{"line":72,"column":52}},"40":{"start":{"line":74,"column":6},"end":{"line":74,"column":24}},"41":{"start":{"line":78,"column":23},"end":{"line":86,"column":3}},"42":{"start":{"line":79,"column":47},"end":{"line":79,"column":55}},"43":{"start":{"line":80,"column":4},"end":{"line":85,"column":5}},"44":{"start":{"line":81,"column":21},"end":{"line":81,"column":82}},"45":{"start":{"line":81,"column":53},"end":{"line":81,"column":63}},"46":{"start":{"line":81,"column":74},"end":{"line":81,"column":81}},"47":{"start":{"line":82,"column":6},"end":{"line":82,"column":60}},"48":{"start":{"line":82,"column":30},"end":{"line":82,"column":57}},"49":{"start":{"line":84,"column":6},"end":{"line":84,"column":59}},"50":{"start":{"line":84,"column":30},"end":{"line":84,"column":56}},"51":{"start":{"line":88,"column":26},"end":{"line":91,"column":3}},"52":{"start":{"line":89,"column":4},"end":{"line":89,"column":22}},"53":{"start":{"line":89,"column":12},"end":{"line":89,"column":22}},"54":{"start":{"line":90,"column":4},"end":{"line":90,"column":59}},"55":{"start":{"line":90,"column":33},"end":{"line":90,"column":41}},"56":{"start":{"line":93,"column":20},"end":{"line":99,"column":3}},"57":{"start":{"line":94,"column":4},"end":{"line":94,"column":27}},"58":{"start":{"line":94,"column":16},"end":{"line":94,"column":27}},"59":{"start":{"line":95,"column":20},"end":{"line":95,"column":32}},"60":{"start":{"line":96,"column":4},"end":{"line":96,"column":29}},"61":{"start":{"line":96,"column":18},"end":{"line":96,"column":29}},"62":{"start":{"line":97,"column":4},"end":{"line":97,"column":77}},"63":{"start":{"line":97,"column":22},"end":{"line":97,"column":63}},"64":{"start":{"line":97,"column":66},"end":{"line":97,"column":77}},"65":{"start":{"line":98,"column":4},"end":{"line":98,"column":29}},"66":{"start":{"line":101,"column":19},"end":{"line":101,"column":64}},"67":{"start":{"line":101,"column":33},"end":{"line":101,"column":64}},"68":{"start":{"line":101,"column":54},"end":{"line":101,"column":63}},"69":{"start":{"line":103,"column":19},"end":{"line":112,"column":3}},"70":{"start":{"line":104,"column":4},"end":{"line":104,"column":28}},"71":{"start":{"line":104,"column":21},"end":{"line":104,"column":28}},"72":{"start":{"line":105,"column":18},"end":{"line":105,"column":95}},"73":{"start":{"line":105,"column":43},"end":{"line":105,"column":94}},"74":{"start":{"line":106,"column":4},"end":{"line":109,"column":5}},"75":{"start":{"line":107,"column":6},"end":{"line":107,"column":59}},"76":{"start":{"line":108,"column":6},"end":{"line":108,"column":13}},"77":{"start":{"line":110,"column":4},"end":{"line":110,"column":81}},"78":{"start":{"line":110,"column":28},"end":{"line":110,"column":78}},"79":{"start":{"line":111,"column":4},"end":{"line":111,"column":22}},"80":{"start":{"line":114,"column":22},"end":{"line":123,"column":3}},"81":{"start":{"line":115,"column":4},"end":{"line":115,"column":31}},"82":{"start":{"line":115,"column":24},"end":{"line":115,"column":31}},"83":{"start":{"line":116,"column":18},"end":{"line":116,"column":101}},"84":{"start":{"line":116,"column":46},"end":{"line":116,"column":100}},"85":{"start":{"line":117,"column":4},"end":{"line":120,"column":5}},"86":{"start":{"line":118,"column":6},"end":{"line":118,"column":62}},"87":{"start":{"line":119,"column":6},"end":{"line":119,"column":13}},"88":{"start":{"line":121,"column":4},"end":{"line":121,"column":87}},"89":{"start":{"line":121,"column":28},"end":{"line":121,"column":84}},"90":{"start":{"line":122,"column":4},"end":{"line":122,"column":25}},"91":{"start":{"line":125,"column":19},"end":{"line":134,"column":3}},"92":{"start":{"line":126,"column":4},"end":{"line":126,"column":28}},"93":{"start":{"line":126,"column":21},"end":{"line":126,"column":28}},"94":{"start":{"line":127,"column":18},"end":{"line":127,"column":95}},"95":{"start":{"line":127,"column":43},"end":{"line":127,"column":94}},"96":{"start":{"line":128,"column":4},"end":{"line":131,"column":5}},"97":{"start":{"line":129,"column":6},"end":{"line":129,"column":60}},"98":{"start":{"line":130,"column":6},"end":{"line":130,"column":13}},"99":{"start":{"line":132,"column":4},"end":{"line":132,"column":81}},"100":{"start":{"line":132,"column":28},"end":{"line":132,"column":78}},"101":{"start":{"line":133,"column":4},"end":{"line":133,"column":22}},"102":{"start":{"line":136,"column":32},"end":{"line":174,"column":3}},"103":{"start":{"line":137,"column":4},"end":{"line":137,"column":23}},"104":{"start":{"line":138,"column":4},"end":{"line":141,"column":5}},"105":{"start":{"line":139,"column":6},"end":{"line":139,"column":83}},"106":{"start":{"line":140,"column":6},"end":{"line":140,"column":13}},"107":{"start":{"line":143,"column":20},"end":{"line":151,"column":5}},"108":{"start":{"line":153,"column":4},"end":{"line":153,"column":20}},"109":{"start":{"line":154,"column":4},"end":{"line":173,"column":5}},"110":{"start":{"line":155,"column":18},"end":{"line":159,"column":8}},"111":{"start":{"line":160,"column":19},"end":{"line":160,"column":35}},"112":{"start":{"line":161,"column":6},"end":{"line":167,"column":7}},"113":{"start":{"line":162,"column":8},"end":{"line":162,"column":43}},"114":{"start":{"line":163,"column":8},"end":{"line":163,"column":45}},"115":{"start":{"line":165,"column":8},"end":{"line":165,"column":36}},"116":{"start":{"line":166,"column":8},"end":{"line":166,"column":29}},"117":{"start":{"line":169,"column":6},"end":{"line":169,"column":25}},"118":{"start":{"line":170,"column":6},"end":{"line":170,"column":54}},"119":{"start":{"line":172,"column":6},"end":{"line":172,"column":23}},"120":{"start":{"line":177,"column":40},"end":{"line":177,"column":84}},"121":{"start":{"line":179,"column":34},"end":{"line":182,"column":3}},"122":{"start":{"line":180,"column":28},"end":{"line":180,"column":36}},"123":{"start":{"line":181,"column":4},"end":{"line":181,"column":57}},"124":{"start":{"line":181,"column":28},"end":{"line":181,"column":54}},"125":{"start":{"line":184,"column":28},"end":{"line":221,"column":3}},"126":{"start":{"line":185,"column":4},"end":{"line":185,"column":23}},"127":{"start":{"line":186,"column":4},"end":{"line":189,"column":5}},"128":{"start":{"line":187,"column":6},"end":{"line":187,"column":42}},"129":{"start":{"line":188,"column":6},"end":{"line":188,"column":13}},"130":{"start":{"line":190,"column":4},"end":{"line":193,"column":5}},"131":{"start":{"line":191,"column":6},"end":{"line":191,"column":45}},"132":{"start":{"line":192,"column":6},"end":{"line":192,"column":13}},"133":{"start":{"line":195,"column":20},"end":{"line":200,"column":5}},"134":{"start":{"line":202,"column":4},"end":{"line":220,"column":5}},"135":{"start":{"line":203,"column":18},"end":{"line":207,"column":8}},"136":{"start":{"line":208,"column":19},"end":{"line":208,"column":35}},"137":{"start":{"line":209,"column":6},"end":{"line":216,"column":7}},"138":{"start":{"line":210,"column":8},"end":{"line":210,"column":52}},"139":{"start":{"line":211,"column":8},"end":{"line":211,"column":42}},"140":{"start":{"line":213,"column":8},"end":{"line":213,"column":33}},"141":{"start":{"line":214,"column":8},"end":{"line":214,"column":59}},"142":{"start":{"line":215,"column":8},"end":{"line":215,"column":29}},"143":{"start":{"line":218,"column":6},"end":{"line":218,"column":25}},"144":{"start":{"line":219,"column":6},"end":{"line":219,"column":38}},"145":{"start":{"line":223,"column":2},"end":{"line":223,"column":52}},"146":{"start":{"line":223,"column":15},"end":{"line":223,"column":52}},"147":{"start":{"line":224,"column":2},"end":{"line":230,"column":4}},"148":{"start":{"line":224,"column":15},"end":{"line":230,"column":4}},"149":{"start":{"line":232,"column":2},"end":{"line":369,"column":4}},"150":{"start":{"line":246,"column":31},"end":{"line":246,"column":60}},"151":{"start":{"line":250,"column":16},"end":{"line":250,"column":44}},"152":{"start":{"line":258,"column":14},"end":{"line":261,"column":21}},"153":{"start":{"line":260,"column":77},"end":{"line":260,"column":148}},"154":{"start":{"line":260,"column":101},"end":{"line":260,"column":146}},"155":{"start":{"line":270,"column":14},"end":{"line":270,"column":54}},"156":{"start":{"line":283,"column":31},"end":{"line":283,"column":63}},"157":{"start":{"line":287,"column":16},"end":{"line":287,"column":44}},"158":{"start":{"line":295,"column":14},"end":{"line":298,"column":21}},"159":{"start":{"line":297,"column":77},"end":{"line":297,"column":154}},"160":{"start":{"line":297,"column":101},"end":{"line":297,"column":152}},"161":{"start":{"line":311,"column":31},"end":{"line":311,"column":60}},"162":{"start":{"line":315,"column":16},"end":{"line":315,"column":44}},"163":{"start":{"line":323,"column":14},"end":{"line":326,"column":21}},"164":{"start":{"line":325,"column":77},"end":{"line":325,"column":148}},"165":{"start":{"line":325,"column":101},"end":{"line":325,"column":146}},"166":{"start":{"line":344,"column":12},"end":{"line":347,"column":17}}},"fnMap":{"0":{"name":"ProfilePage","decl":{"start":{"line":5,"column":9},"end":{"line":5,"column":20}},"loc":{"start":{"line":5,"column":33},"end":{"line":370,"column":1}},"line":5},"1":{"name":"(anonymous_1)","decl":{"start":{"line":21,"column":12},"end":{"line":21,"column":13}},"loc":{"start":{"line":21,"column":18},"end":{"line":42,"column":3}},"line":21},"2":{"name":"(anonymous_2)","decl":{"start":{"line":31,"column":25},"end":{"line":31,"column":26}},"loc":{"start":{"line":31,"column":37},"end":{"line":40,"column":5}},"line":31},"3":{"name":"(anonymous_3)","decl":{"start":{"line":44,"column":23},"end":{"line":44,"column":24}},"loc":{"start":{"line":44,"column":37},"end":{"line":76,"column":3}},"line":44},"4":{"name":"(anonymous_4)","decl":{"start":{"line":78,"column":23},"end":{"line":78,"column":24}},"loc":{"start":{"line":78,"column":30},"end":{"line":86,"column":3}},"line":78},"5":{"name":"(anonymous_5)","decl":{"start":{"line":81,"column":48},"end":{"line":81,"column":49}},"loc":{"start":{"line":81,"column":53},"end":{"line":81,"column":63}},"line":81},"6":{"name":"(anonymous_6)","decl":{"start":{"line":81,"column":69},"end":{"line":81,"column":70}},"loc":{"start":{"line":81,"column":74},"end":{"line":81,"column":81}},"line":81},"7":{"name":"(anonymous_7)","decl":{"start":{"line":82,"column":21},"end":{"line":82,"column":22}},"loc":{"start":{"line":82,"column":30},"end":{"line":82,"column":57}},"line":82},"8":{"name":"(anonymous_8)","decl":{"start":{"line":84,"column":21},"end":{"line":84,"column":22}},"loc":{"start":{"line":84,"column":30},"end":{"line":84,"column":56}},"line":84},"9":{"name":"(anonymous_9)","decl":{"start":{"line":88,"column":26},"end":{"line":88,"column":27}},"loc":{"start":{"line":88,"column":33},"end":{"line":91,"column":3}},"line":88},"10":{"name":"(anonymous_10)","decl":{"start":{"line":90,"column":28},"end":{"line":90,"column":29}},"loc":{"start":{"line":90,"column":33},"end":{"line":90,"column":41}},"line":90},"11":{"name":"(anonymous_11)","decl":{"start":{"line":93,"column":20},"end":{"line":93,"column":21}},"loc":{"start":{"line":93,"column":36},"end":{"line":99,"column":3}},"line":93},"12":{"name":"(anonymous_12)","decl":{"start":{"line":97,"column":17},"end":{"line":97,"column":18}},"loc":{"start":{"line":97,"column":22},"end":{"line":97,"column":63}},"line":97},"13":{"name":"(anonymous_13)","decl":{"start":{"line":101,"column":19},"end":{"line":101,"column":20}},"loc":{"start":{"line":101,"column":33},"end":{"line":101,"column":64}},"line":101},"14":{"name":"(anonymous_14)","decl":{"start":{"line":101,"column":44},"end":{"line":101,"column":45}},"loc":{"start":{"line":101,"column":54},"end":{"line":101,"column":63}},"line":101},"15":{"name":"(anonymous_15)","decl":{"start":{"line":103,"column":19},"end":{"line":103,"column":20}},"loc":{"start":{"line":103,"column":25},"end":{"line":112,"column":3}},"line":103},"16":{"name":"(anonymous_16)","decl":{"start":{"line":105,"column":38},"end":{"line":105,"column":39}},"loc":{"start":{"line":105,"column":43},"end":{"line":105,"column":94}},"line":105},"17":{"name":"(anonymous_17)","decl":{"start":{"line":110,"column":19},"end":{"line":110,"column":20}},"loc":{"start":{"line":110,"column":28},"end":{"line":110,"column":78}},"line":110},"18":{"name":"(anonymous_18)","decl":{"start":{"line":114,"column":22},"end":{"line":114,"column":23}},"loc":{"start":{"line":114,"column":28},"end":{"line":123,"column":3}},"line":114},"19":{"name":"(anonymous_19)","decl":{"start":{"line":116,"column":41},"end":{"line":116,"column":42}},"loc":{"start":{"line":116,"column":46},"end":{"line":116,"column":100}},"line":116},"20":{"name":"(anonymous_20)","decl":{"start":{"line":121,"column":19},"end":{"line":121,"column":20}},"loc":{"start":{"line":121,"column":28},"end":{"line":121,"column":84}},"line":121},"21":{"name":"(anonymous_21)","decl":{"start":{"line":125,"column":19},"end":{"line":125,"column":20}},"loc":{"start":{"line":125,"column":25},"end":{"line":134,"column":3}},"line":125},"22":{"name":"(anonymous_22)","decl":{"start":{"line":127,"column":38},"end":{"line":127,"column":39}},"loc":{"start":{"line":127,"column":43},"end":{"line":127,"column":94}},"line":127},"23":{"name":"(anonymous_23)","decl":{"start":{"line":132,"column":19},"end":{"line":132,"column":20}},"loc":{"start":{"line":132,"column":28},"end":{"line":132,"column":78}},"line":132},"24":{"name":"(anonymous_24)","decl":{"start":{"line":136,"column":32},"end":{"line":136,"column":33}},"loc":{"start":{"line":136,"column":45},"end":{"line":174,"column":3}},"line":136},"25":{"name":"(anonymous_25)","decl":{"start":{"line":179,"column":34},"end":{"line":179,"column":35}},"loc":{"start":{"line":179,"column":41},"end":{"line":182,"column":3}},"line":179},"26":{"name":"(anonymous_26)","decl":{"start":{"line":181,"column":19},"end":{"line":181,"column":20}},"loc":{"start":{"line":181,"column":28},"end":{"line":181,"column":54}},"line":181},"27":{"name":"(anonymous_27)","decl":{"start":{"line":184,"column":28},"end":{"line":184,"column":29}},"loc":{"start":{"line":184,"column":41},"end":{"line":221,"column":3}},"line":184},"28":{"name":"(anonymous_28)","decl":{"start":{"line":246,"column":24},"end":{"line":246,"column":25}},"loc":{"start":{"line":246,"column":31},"end":{"line":246,"column":60}},"line":246},"29":{"name":"(anonymous_29)","decl":{"start":{"line":249,"column":52},"end":{"line":249,"column":53}},"loc":{"start":{"line":250,"column":16},"end":{"line":250,"column":44}},"line":250},"30":{"name":"(anonymous_30)","decl":{"start":{"line":257,"column":36},"end":{"line":257,"column":37}},"loc":{"start":{"line":258,"column":14},"end":{"line":261,"column":21}},"line":258},"31":{"name":"(anonymous_31)","decl":{"start":{"line":260,"column":71},"end":{"line":260,"column":72}},"loc":{"start":{"line":260,"column":77},"end":{"line":260,"column":148}},"line":260},"32":{"name":"(anonymous_32)","decl":{"start":{"line":260,"column":92},"end":{"line":260,"column":93}},"loc":{"start":{"line":260,"column":101},"end":{"line":260,"column":146}},"line":260},"33":{"name":"(anonymous_33)","decl":{"start":{"line":269,"column":50},"end":{"line":269,"column":51}},"loc":{"start":{"line":270,"column":14},"end":{"line":270,"column":54}},"line":270},"34":{"name":"(anonymous_34)","decl":{"start":{"line":283,"column":24},"end":{"line":283,"column":25}},"loc":{"start":{"line":283,"column":31},"end":{"line":283,"column":63}},"line":283},"35":{"name":"(anonymous_35)","decl":{"start":{"line":286,"column":58},"end":{"line":286,"column":59}},"loc":{"start":{"line":287,"column":16},"end":{"line":287,"column":44}},"line":287},"36":{"name":"(anonymous_36)","decl":{"start":{"line":294,"column":39},"end":{"line":294,"column":40}},"loc":{"start":{"line":295,"column":14},"end":{"line":298,"column":21}},"line":295},"37":{"name":"(anonymous_37)","decl":{"start":{"line":297,"column":71},"end":{"line":297,"column":72}},"loc":{"start":{"line":297,"column":77},"end":{"line":297,"column":154}},"line":297},"38":{"name":"(anonymous_38)","decl":{"start":{"line":297,"column":92},"end":{"line":297,"column":93}},"loc":{"start":{"line":297,"column":101},"end":{"line":297,"column":152}},"line":297},"39":{"name":"(anonymous_39)","decl":{"start":{"line":311,"column":24},"end":{"line":311,"column":25}},"loc":{"start":{"line":311,"column":31},"end":{"line":311,"column":60}},"line":311},"40":{"name":"(anonymous_40)","decl":{"start":{"line":314,"column":52},"end":{"line":314,"column":53}},"loc":{"start":{"line":315,"column":16},"end":{"line":315,"column":44}},"line":315},"41":{"name":"(anonymous_41)","decl":{"start":{"line":322,"column":36},"end":{"line":322,"column":37}},"loc":{"start":{"line":323,"column":14},"end":{"line":326,"column":21}},"line":323},"42":{"name":"(anonymous_42)","decl":{"start":{"line":325,"column":71},"end":{"line":325,"column":72}},"loc":{"start":{"line":325,"column":77},"end":{"line":325,"column":148}},"line":325},"43":{"name":"(anonymous_43)","decl":{"start":{"line":325,"column":92},"end":{"line":325,"column":93}},"loc":{"start":{"line":325,"column":101},"end":{"line":325,"column":146}},"line":325},"44":{"name":"(anonymous_44)","decl":{"start":{"line":343,"column":24},"end":{"line":343,"column":25}},"loc":{"start":{"line":344,"column":12},"end":{"line":347,"column":17}},"line":344}},"branchMap":{"0":{"loc":{"start":{"line":23,"column":4},"end":{"line":27,"column":5}},"type":"if","locations":[{"start":{"line":23,"column":4},"end":{"line":27,"column":5}},{"start":{},"end":{}}],"line":23},"1":{"loc":{"start":{"line":34,"column":8},"end":{"line":34,"column":28}},"type":"if","locations":[{"start":{"line":34,"column":8},"end":{"line":34,"column":28}},{"start":{},"end":{}}],"line":34},"2":{"loc":{"start":{"line":52,"column":6},"end":{"line":63,"column":7}},"type":"if","locations":[{"start":{"line":52,"column":6},"end":{"line":63,"column":7}},{"start":{"line":61,"column":13},"end":{"line":63,"column":7}}],"line":52},"3":{"loc":{"start":{"line":54,"column":22},"end":{"line":54,"column":48}},"type":"binary-expr","locations":[{"start":{"line":54,"column":22},"end":{"line":54,"column":42}},{"start":{"line":54,"column":46},"end":{"line":54,"column":48}}],"line":54},"4":{"loc":{"start":{"line":56,"column":18},"end":{"line":56,"column":36}},"type":"binary-expr","locations":[{"start":{"line":56,"column":18},"end":{"line":56,"column":30}},{"start":{"line":56,"column":34},"end":{"line":56,"column":36}}],"line":56},"5":{"loc":{"start":{"line":57,"column":18},"end":{"line":57,"column":36}},"type":"binary-expr","locations":[{"start":{"line":57,"column":18},"end":{"line":57,"column":30}},{"start":{"line":57,"column":34},"end":{"line":57,"column":36}}],"line":57},"6":{"loc":{"start":{"line":58,"column":21},"end":{"line":58,"column":42}},"type":"binary-expr","locations":[{"start":{"line":58,"column":21},"end":{"line":58,"column":36}},{"start":{"line":58,"column":40},"end":{"line":58,"column":42}}],"line":58},"7":{"loc":{"start":{"line":59,"column":18},"end":{"line":59,"column":36}},"type":"binary-expr","locations":[{"start":{"line":59,"column":18},"end":{"line":59,"column":30}},{"start":{"line":59,"column":34},"end":{"line":59,"column":36}}],"line":59},"8":{"loc":{"start":{"line":65,"column":6},"end":{"line":70,"column":7}},"type":"if","locations":[{"start":{"line":65,"column":6},"end":{"line":70,"column":7}},{"start":{"line":68,"column":13},"end":{"line":70,"column":7}}],"line":65},"9":{"loc":{"start":{"line":67,"column":20},"end":{"line":67,"column":41}},"type":"binary-expr","locations":[{"start":{"line":67,"column":20},"end":{"line":67,"column":35}},{"start":{"line":67,"column":39},"end":{"line":67,"column":41}}],"line":67},"10":{"loc":{"start":{"line":80,"column":4},"end":{"line":85,"column":5}},"type":"if","locations":[{"start":{"line":80,"column":4},"end":{"line":85,"column":5}},{"start":{"line":83,"column":11},"end":{"line":85,"column":5}}],"line":80},"11":{"loc":{"start":{"line":89,"column":4},"end":{"line":89,"column":22}},"type":"if","locations":[{"start":{"line":89,"column":4},"end":{"line":89,"column":22}},{"start":{},"end":{}}],"line":89},"12":{"loc":{"start":{"line":94,"column":4},"end":{"line":94,"column":27}},"type":"if","locations":[{"start":{"line":94,"column":4},"end":{"line":94,"column":27}},{"start":{},"end":{}}],"line":94},"13":{"loc":{"start":{"line":96,"column":4},"end":{"line":96,"column":29}},"type":"if","locations":[{"start":{"line":96,"column":4},"end":{"line":96,"column":29}},{"start":{},"end":{}}],"line":96},"14":{"loc":{"start":{"line":97,"column":4},"end":{"line":97,"column":77}},"type":"if","locations":[{"start":{"line":97,"column":4},"end":{"line":97,"column":77}},{"start":{},"end":{}}],"line":97},"15":{"loc":{"start":{"line":104,"column":4},"end":{"line":104,"column":28}},"type":"if","locations":[{"start":{"line":104,"column":4},"end":{"line":104,"column":28}},{"start":{},"end":{}}],"line":104},"16":{"loc":{"start":{"line":106,"column":4},"end":{"line":109,"column":5}},"type":"if","locations":[{"start":{"line":106,"column":4},"end":{"line":109,"column":5}},{"start":{},"end":{}}],"line":106},"17":{"loc":{"start":{"line":115,"column":4},"end":{"line":115,"column":31}},"type":"if","locations":[{"start":{"line":115,"column":4},"end":{"line":115,"column":31}},{"start":{},"end":{}}],"line":115},"18":{"loc":{"start":{"line":117,"column":4},"end":{"line":120,"column":5}},"type":"if","locations":[{"start":{"line":117,"column":4},"end":{"line":120,"column":5}},{"start":{},"end":{}}],"line":117},"19":{"loc":{"start":{"line":126,"column":4},"end":{"line":126,"column":28}},"type":"if","locations":[{"start":{"line":126,"column":4},"end":{"line":126,"column":28}},{"start":{},"end":{}}],"line":126},"20":{"loc":{"start":{"line":128,"column":4},"end":{"line":131,"column":5}},"type":"if","locations":[{"start":{"line":128,"column":4},"end":{"line":131,"column":5}},{"start":{},"end":{}}],"line":128},"21":{"loc":{"start":{"line":138,"column":4},"end":{"line":141,"column":5}},"type":"if","locations":[{"start":{"line":138,"column":4},"end":{"line":141,"column":5}},{"start":{},"end":{}}],"line":138},"22":{"loc":{"start":{"line":161,"column":6},"end":{"line":167,"column":7}},"type":"if","locations":[{"start":{"line":161,"column":6},"end":{"line":167,"column":7}},{"start":{"line":164,"column":13},"end":{"line":167,"column":7}}],"line":161},"23":{"loc":{"start":{"line":186,"column":4},"end":{"line":189,"column":5}},"type":"if","locations":[{"start":{"line":186,"column":4},"end":{"line":189,"column":5}},{"start":{},"end":{}}],"line":186},"24":{"loc":{"start":{"line":190,"column":4},"end":{"line":193,"column":5}},"type":"if","locations":[{"start":{"line":190,"column":4},"end":{"line":193,"column":5}},{"start":{},"end":{}}],"line":190},"25":{"loc":{"start":{"line":198,"column":14},"end":{"line":198,"column":45}},"type":"binary-expr","locations":[{"start":{"line":198,"column":14},"end":{"line":198,"column":40}},{"start":{"line":198,"column":44},"end":{"line":198,"column":45}}],"line":198},"26":{"loc":{"start":{"line":199,"column":12},"end":{"line":199,"column":34}},"type":"binary-expr","locations":[{"start":{"line":199,"column":12},"end":{"line":199,"column":28}},{"start":{"line":199,"column":32},"end":{"line":199,"column":34}}],"line":199},"27":{"loc":{"start":{"line":209,"column":6},"end":{"line":216,"column":7}},"type":"if","locations":[{"start":{"line":209,"column":6},"end":{"line":216,"column":7}},{"start":{"line":212,"column":13},"end":{"line":216,"column":7}}],"line":209},"28":{"loc":{"start":{"line":223,"column":2},"end":{"line":223,"column":52}},"type":"if","locations":[{"start":{"line":223,"column":2},"end":{"line":223,"column":52}},{"start":{},"end":{}}],"line":223},"29":{"loc":{"start":{"line":224,"column":2},"end":{"line":230,"column":4}},"type":"if","locations":[{"start":{"line":224,"column":2},"end":{"line":230,"column":4}},{"start":{},"end":{}}],"line":224},"30":{"loc":{"start":{"line":249,"column":15},"end":{"line":251,"column":16}},"type":"binary-expr","locations":[{"start":{"line":249,"column":15},"end":{"line":249,"column":29}},{"start":{"line":249,"column":33},"end":{"line":251,"column":16}}],"line":249},"31":{"loc":{"start":{"line":269,"column":13},"end":{"line":271,"column":14}},"type":"binary-expr","locations":[{"start":{"line":269,"column":13},"end":{"line":269,"column":27}},{"start":{"line":269,"column":31},"end":{"line":271,"column":14}}],"line":269},"32":{"loc":{"start":{"line":286,"column":15},"end":{"line":288,"column":16}},"type":"binary-expr","locations":[{"start":{"line":286,"column":15},"end":{"line":286,"column":32}},{"start":{"line":286,"column":36},"end":{"line":288,"column":16}}],"line":286},"33":{"loc":{"start":{"line":314,"column":15},"end":{"line":316,"column":16}},"type":"binary-expr","locations":[{"start":{"line":314,"column":15},"end":{"line":314,"column":29}},{"start":{"line":314,"column":33},"end":{"line":316,"column":16}}],"line":314},"34":{"loc":{"start":{"line":332,"column":77},"end":{"line":332,"column":118}},"type":"cond-expr","locations":[{"start":{"line":332,"column":86},"end":{"line":332,"column":97}},{"start":{"line":332,"column":100},"end":{"line":332,"column":118}}],"line":332},"35":{"loc":{"start":{"line":341,"column":9},"end":{"line":341,"column":63}},"type":"binary-expr","locations":[{"start":{"line":341,"column":9},"end":{"line":341,"column":30}},{"start":{"line":341,"column":34},"end":{"line":341,"column":63}}],"line":341},"36":{"loc":{"start":{"line":346,"column":15},"end":{"line":346,"column":79}},"type":"cond-expr","locations":[{"start":{"line":346,"column":24},"end":{"line":346,"column":72}},{"start":{"line":346,"column":75},"end":{"line":346,"column":79}}],"line":346}},"s":{"0":5,"1":5,"2":5,"3":5,"4":5,"5":5,"6":5,"7":5,"8":5,"9":5,"10":2,"11":2,"12":1,"13":1,"14":1,"15":1,"16":1,"17":1,"18":1,"19":1,"20":1,"21":0,"22":1,"23":1,"24":0,"25":1,"26":5,"27":1,"28":1,"29":1,"30":1,"31":1,"32":1,"33":1,"34":0,"35":1,"36":1,"37":1,"38":0,"39":0,"40":1,"41":5,"42":0,"43":0,"44":0,"45":0,"46":0,"47":0,"48":0,"49":0,"50":0,"51":5,"52":0,"53":0,"54":0,"55":0,"56":5,"57":0,"58":0,"59":0,"60":0,"61":0,"62":0,"63":0,"64":0,"65":0,"66":5,"67":0,"68":0,"69":5,"70":0,"71":0,"72":0,"73":0,"74":0,"75":0,"76":0,"77":0,"78":0,"79":0,"80":5,"81":0,"82":0,"83":0,"84":0,"85":0,"86":0,"87":0,"88":0,"89":0,"90":0,"91":5,"92":0,"93":0,"94":0,"95":0,"96":0,"97":0,"98":0,"99":0,"100":0,"101":0,"102":5,"103":0,"104":0,"105":0,"106":0,"107":0,"108":0,"109":0,"110":0,"111":0,"112":0,"113":0,"114":0,"115":0,"116":0,"117":0,"118":0,"119":0,"120":5,"121":5,"122":0,"123":0,"124":0,"125":5,"126":0,"127":0,"128":0,"129":0,"130":0,"131":0,"132":0,"133":0,"134":0,"135":0,"136":0,"137":0,"138":0,"139":0,"140":0,"141":0,"142":0,"143":0,"144":0,"145":5,"146":3,"147":2,"148":1,"149":1,"150":0,"151":1,"152":1,"153":0,"154":0,"155":0,"156":0,"157":1,"158":0,"159":0,"160":0,"161":0,"162":0,"163":0,"164":0,"165":0,"166":0},"f":{"0":5,"1":2,"2":1,"3":1,"4":0,"5":0,"6":0,"7":0,"8":0,"9":0,"10":0,"11":0,"12":0,"13":0,"14":0,"15":0,"16":0,"17":0,"18":0,"19":0,"20":0,"21":0,"22":0,"23":0,"24":0,"25":0,"26":0,"27":0,"28":0,"29":1,"30":1,"31":0,"32":0,"33":0,"34":0,"35":1,
[...]
end":{"line":123,"column":5}},"87":{"start":{"line":125,"column":4},"end":{"line":125,"column":52}},"88":{"start":{"line":126,"column":4},"end":{"line":126,"column":20}},"89":{"start":{"line":127,"column":4},"end":{"line":146,"column":5}},"90":{"start":{"line":128,"column":18},"end":{"line":132,"column":8}},"91":{"start":{"line":133,"column":19},"end":{"line":133,"column":35}},"92":{"start":{"line":134,"column":6},"end":{"line":140,"column":7}},"93":{"start":{"line":135,"column":8},"end":{"line":135,"column":43}},"94":{"start":{"line":136,"column":8},"end":{"line":136,"column":79}},"95":{"start":{"line":138,"column":8},"end":{"line":138,"column":47}},"96":{"start":{"line":139,"column":8},"end":{"line":139,"column":52}},"97":{"start":{"line":142,"column":6},"end":{"line":142,"column":53}},"98":{"start":{"line":143,"column":6},"end":{"line":143,"column":66}},"99":{"start":{"line":145,"column":6},"end":{"line":145,"column":23}},"100":{"start":{"line":149,"column":2},"end":{"line":272,"column":4}},"101":{"start":{"line":164,"column":31},"end":{"line":164,"column":60}},"102":{"start":{"line":168,"column":16},"end":{"line":168,"column":44}},"103":{"start":{"line":176,"column":14},"end":{"line":179,"column":21}},"104":{"start":{"line":178,"column":77},"end":{"line":178,"column":148}},"105":{"start":{"line":178,"column":101},"end":{"line":178,"column":146}},"106":{"start":{"line":195,"column":14},"end":{"line":195,"column":54}},"107":{"start":{"line":208,"column":31},"end":{"line":208,"column":63}},"108":{"start":{"line":212,"column":16},"end":{"line":212,"column":44}},"109":{"start":{"line":220,"column":14},"end":{"line":223,"column":21}},"110":{"start":{"line":222,"column":77},"end":{"line":222,"column":154}},"111":{"start":{"line":222,"column":101},"end":{"line":222,"column":152}},"112":{"start":{"line":236,"column":31},"end":{"line":236,"column":60}},"113":{"start":{"line":240,"column":16},"end":{"line":240,"column":44}},"114":{"start":{"line":248,"column":14},"end":{"line":251,"column":21}},"115":{"start":{"line":250,"column":77},"end":{"line":250,"column":148}},"116":{"start":{"line":250,"column":101},"end":{"line":250,"column":146}}},"fnMap":{"0":{"name":"UserPreferenceInputForm","decl":{"start":{"line":12,"column":9},"end":{"line":12,"column":32}},"loc":{"start":{"line":12,"column":50},"end":{"line":273,"column":1}},"line":12},"1":{"name":"(anonymous_1)","decl":{"start":{"line":28,"column":12},"end":{"line":28,"column":13}},"loc":{"start":{"line":28,"column":18},"end":{"line":36,"column":3}},"line":28},"2":{"name":"(anonymous_2)","decl":{"start":{"line":38,"column":12},"end":{"line":38,"column":13}},"loc":{"start":{"line":38,"column":18},"end":{"line":51,"column":3}},"line":38},"3":{"name":"(anonymous_3)","decl":{"start":{"line":40,"column":25},"end":{"line":40,"column":26}},"loc":{"start":{"line":40,"column":37},"end":{"line":49,"column":5}},"line":40},"4":{"name":"(anonymous_4)","decl":{"start":{"line":53,"column":23},"end":{"line":53,"column":24}},"loc":{"start":{"line":53,"column":30},"end":{"line":61,"column":3}},"line":53},"5":{"name":"(anonymous_5)","decl":{"start":{"line":56,"column":48},"end":{"line":56,"column":49}},"loc":{"start":{"line":56,"column":53},"end":{"line":56,"column":63}},"line":56},"6":{"name":"(anonymous_6)","decl":{"start":{"line":56,"column":69},"end":{"line":56,"column":70}},"loc":{"start":{"line":56,"column":74},"end":{"line":56,"column":81}},"line":56},"7":{"name":"(anonymous_7)","decl":{"start":{"line":57,"column":21},"end":{"line":57,"column":22}},"loc":{"start":{"line":57,"column":30},"end":{"line":57,"column":57}},"line":57},"8":{"name":"(anonymous_8)","decl":{"start":{"line":59,"column":21},"end":{"line":59,"column":22}},"loc":{"start":{"line":59,"column":30},"end":{"line":59,"column":56}},"line":59},"9":{"name":"(anonymous_9)","decl":{"start":{"line":63,"column":26},"end":{"line":63,"column":27}},"loc":{"start":{"line":63,"column":33},"end":{"line":66,"column":3}},"line":63},"10":{"name":"(anonymous_10)","decl":{"start":{"line":65,"column":28},"end":{"line":65,"column":29}},"loc":{"start":{"line":65,"column":33},"end":{"line":65,"column":41}},"line":65},"11":{"name":"(anonymous_11)","decl":{"start":{"line":68,"column":20},"end":{"line":68,"column":21}},"loc":{"start":{"line":68,"column":36},"end":{"line":74,"column":3}},"line":68},"12":{"name":"(anonymous_12)","decl":{"start":{"line":72,"column":17},"end":{"line":72,"column":18}},"loc":{"start":{"line":72,"column":22},"end":{"line":72,"column":63}},"line":72},"13":{"name":"(anonymous_13)","decl":{"start":{"line":76,"column":19},"end":{"line":76,"column":20}},"loc":{"start":{"line":76,"column":33},"end":{"line":76,"column":64}},"line":76},"14":{"name":"(anonymous_14)","decl":{"start":{"line":76,"column":44},"end":{"line":76,"column":45}},"loc":{"start":{"line":76,"column":54},"end":{"line":76,"column":63}},"line":76},"15":{"name":"(anonymous_15)","decl":{"start":{"line":78,"column":19},"end":{"line":78,"column":20}},"loc":{"start":{"line":78,"column":25},"end":{"line":88,"column":3}},"line":78},"16":{"name":"(anonymous_16)","decl":{"start":{"line":81,"column":38},"end":{"line":81,"column":39}},"loc":{"start":{"line":81,"column":43},"end":{"line":81,"column":94}},"line":81},"17":{"name":"(anonymous_17)","decl":{"start":{"line":86,"column":19},"end":{"line":86,"column":20}},"loc":{"start":{"line":86,"column":28},"end":{"line":86,"column":78}},"line":86},"18":{"name":"(anonymous_18)","decl":{"start":{"line":90,"column":22},"end":{"line":90,"column":23}},"loc":{"start":{"line":90,"column":28},"end":{"line":99,"column":3}},"line":90},"19":{"name":"(anonymous_19)","decl":{"start":{"line":92,"column":41},"end":{"line":92,"column":42}},"loc":{"start":{"line":92,"column":46},"end":{"line":92,"column":100}},"line":92},"20":{"name":"(anonymous_20)","decl":{"start":{"line":97,"column":19},"end":{"line":97,"column":20}},"loc":{"start":{"line":97,"column":28},"end":{"line":97,"column":84}},"line":97},"21":{"name":"(anonymous_21)","decl":{"start":{"line":101,"column":19},"end":{"line":101,"column":20}},"loc":{"start":{"line":101,"column":25},"end":{"line":110,"column":3}},"line":101},"22":{"name":"(anonymous_22)","decl":{"start":{"line":103,"column":38},"end":{"line":103,"column":39}},"loc":{"start":{"line":103,"column":43},"end":{"line":103,"column":94}},"line":103},"23":{"name":"(anonymous_23)","decl":{"start":{"line":108,"column":19},"end":{"line":108,"column":20}},"loc":{"start":{"line":108,"column":28},"end":{"line":108,"column":78}},"line":108},"24":{"name":"(anonymous_24)","decl":{"start":{"line":112,"column":23},"end":{"line":112,"column":24}},"loc":{"start":{"line":112,"column":36},"end":{"line":147,"column":3}},"line":112},"25":{"name":"(anonymous_25)","decl":{"start":{"line":164,"column":24},"end":{"line":164,"column":25}},"loc":{"start":{"line":164,"column":31},"end":{"line":164,"column":60}},"line":164},"26":{"name":"(anonymous_26)","decl":{"start":{"line":167,"column":52},"end":{"line":167,"column":53}},"loc":{"start":{"line":168,"column":16},"end":{"line":168,"column":44}},"line":168},"27":{"name":"(anonymous_27)","decl":{"start":{"line":175,"column":36},"end":{"line":175,"column":37}},"loc":{"start":{"line":176,"column":14},"end":{"line":179,"column":21}},"line":176},"28":{"name":"(anonymous_28)","decl":{"start":{"line":178,"column":71},"end":{"line":178,"column":72}},"loc":{"start":{"line":178,"column":77},"end":{"line":178,"column":148}},"line":178},"29":{"name":"(anonymous_29)","decl":{"start":{"line":178,"column":92},"end":{"line":178,"column":93}},"loc":{"start":{"line":178,"column":101},"end":{"line":178,"column":146}},"line":178},"30":{"name":"(anonymous_30)","decl":{"start":{"line":194,"column":50},"end":{"line":194,"column":51}},"loc":{"start":{"line":195,"column":14},"end":{"line":195,"column":54}},"line":195},"31":{"name":"(anonymous_31)","decl":{"start":{"line":208,"column":24},"end":{"line":208,"column":25}},"loc":{"start":{"line":208,"column":31},"end":{"line":208,"column":63}},"line":208},"32":{"name":"(anonymous_32)","decl":{"start":{"line":211,"column":58},"end":{"line":211,"column":59}},"loc":{"start":{"line":212,"column":16},"end":{"line":212,"column":44}},"line":212},"33":{"name":"(anonymous_33)","decl":{"start":{"line":219,"column":39},"end":{"line":219,"column":40}},"loc":{"start":{"line":220,"column":14},"end":{"line":223,"column":21}},"line":220},"34":{"name":"(anonymous_34)","decl":{"start":{"line":222,"column":71},"end":{"line":222,"column":72}},"loc":{"start":{"line":222,"column":77},"end":{"line":222,"column":154}},"line":222},"35":{"name":"(anonymous_35)","decl":{"start":{"line":222,"column":92},"end":{"line":222,"column":93}},"loc":{"start":{"line":222,"column":101},"end":{"line":222,"column":152}},"line":222},"36":{"name":"(anonymous_36)","decl":{"start":{"line":236,"column":24},"end":{"line":236,"column":25}},"loc":{"start":{"line":236,"column":31},"end":{"line":236,"column":60}},"line":236},"37":{"name":"(anonymous_37)","decl":{"start":{"line":239,"column":52},"end":{"line":239,"column":53}},"loc":{"start":{"line":240,"column":16},"end":{"line":240,"column":44}},"line":240},"38":{"name":"(anonymous_38)","decl":{"start":{"line":247,"column":36},"end":{"line":247,"column":37}},"loc":{"start":{"line":248,"column":14},"end":{"line":251,"column":21}},"line":248},"39":{"name":"(anonymous_39)","decl":{"start":{"line":250,"column":71},"end":{"line":250,"column":72}},"loc":{"start":{"line":250,"column":77},"end":{"line":250,"column":148}},"line":250},"40":{"name":"(anonymous_40)","decl":{"start":{"line":250,"column":92},"end":{"line":250,"column":93}},"loc":{"start":{"line":250,"column":101},"end":{"line":250,"column":146}},"line":250}},"branchMap":{"0":{"loc":{"start":{"line":31,"column":4},"end":{"line":34,"column":5}},"type":"if","locations":[{"start":{"line":31,"column":4},"end":{"line":34,"column":5}},{"start":{},"end":{}}],"line":31},"1":{"loc":{"start":{"line":43,"column":8},"end":{"line":43,"column":28}},"type":"if","locations":[{"start":{"line":43,"column":8},"end":{"line":43,"column":28}},{"start":{},"end":{}}],"line":43},"2":{"loc":{"start":{"line":55,"column":4},"end":{"line":60,"column":5}},"type":"if","locations":[{"start":{"line":55,"column":4},"end":{"line":60,"column":5}},{"start":{"line":58,"column":11},"end":{"line":60,"column":5}}],"line":55},"3":{"loc":{"start":{"line":64,"column":4},"end":{"line":64,"column":22}},"type":"if","locations":[{"start":{"line":64,"column":4},"end":{"line":64,"column":22}},{"start":{},"end":{}}],"line":64},"4":{"loc":{"start":{"line":69,"column":4},"end":{"line":69,"column":27}},"type":"if","locations":[{"start":{"line":69,"column":4},"end":{"line":69,"column":27}},{"start":{},"end":{}}],"line":69},"5":{"loc":{"start":{"line":71,"column":4},"end":{"line":71,"column":29}},"type":"if","locations":[{"start":{"line":71,"column":4},"end":{"line":71,"column":29}},{"start":{},"end":{}}],"line":71},"6":{"loc":{"start":{"line":72,"column":4},"end":{"line":72,"column":77}},"type":"if","locations":[{"start":{"line":72,"column":4},"end":{"line":72,"column":77}},{"start":{},"end":{}}],"line":72},"7":{"loc":{"start":{"line":80,"column":4},"end":{"line":80,"column":28}},"type":"if","locations":[{"start":{"line":80,"column":4},"end":{"line":80,"column":28}},{"start":{},"end":{}}],"line":80},"8":{"loc":{"start":{"line":82,"column":4},"end":{"line":85,"column":5}},"type":"if","locations":[{"start":{"line":82,"column":4},"end":{"line":85,"column":5}},{"start":{},"end":{}}],"line":82},"9":{"loc":{"start":{"line":91,"column":4},"end":{"line":91,"column":31}},"type":"if","locations":[{"start":{"line":91,"column":4},"end":{"line":91,"column":31}},{"start":{},"end":{}}],"line":91},"10":{"loc":{"start":{"line":93,"column":4},"end":{"line":96,"column":5}},"type":"if","locations":[{"start":{"line":93,"column":4},"end":{"line":96,"column":5}},{"start":{},"end":{}}],"line":93},"11":{"loc":{"start":{"line":102,"column":4},"end":{"line":102,"column":28}},"type":"if","locations":[{"start":{"line":102,"column":4},"end":{"line":102,"column":28}},{"start":{},"end":{}}],"line":102},"12":{"loc":{"start":{"line":104,"column":4},"end":{"line":107,"column":5}},"type":"if","locations":[{"start":{"line":104,"column":4},"end":{"line":107,"column":5}},{"start":{},"end":{}}],"line":104},"13":{"loc":{"start":{"line":134,"column":6},"end":{"line":140,"column":7}},"type":"if","locations":[{"start":{"line":134,"column":6},"end":{"line":140,"column":7}},{"start":{"line":137,"column":13},"end":{"line":140,"column":7}}],"line":134},"14":{"loc":{"start":{"line":136,"column":48},"end":{"line":136,"column":76}},"type":"binary-expr","locations":[{"start":{"line":136,"column":48},"end":{"line":136,"column":58}},{"start":{"line":136,"column":62},"end":{"line":136,"column":76}}],"line":136},"15":{"loc":{"start":{"line":167,"column":15},"end":{"line":169,"column":16}},"type":"binary-expr","locations":[{"start":{"line":167,"column":15},"end":{"line":167,"column":29}},{"start":{"line":167,"column":33},"end":{"line":169,"column":16}}],"line":167},"16":{"loc":{"start":{"line":194,"column":13},"end":{"line":196,"column":14}},"type":"binary-expr","locations":[{"start":{"line":194,"column":13},"end":{"line":194,"column":27}},{"start":{"line":194,"column":31},"end":{"line":196,"column":14}}],"line":194},"17":{"loc":{"start":{"line":211,"column":15},"end":{"line":213,"column":16}},"type":"binary-expr","locations":[{"start":{"line":211,"column":15},"end":{"line":211,"column":32}},{"start":{"line":211,"column":36},"end":{"line":213,"column":16}}],"line":211},"18":{"loc":{"start":{"line":239,"column":15},"end":{"line":241,"column":16}},"type":"binary-expr","locations":[{"start":{"line":239,"column":15},"end":{"line":239,"column":29}},{"start":{"line":239,"column":33},"end":{"line":241,"column":16}}],"line":239},"19":{"loc":{"start":{"line":257,"column":11},"end":{"line":257,"column":52}},"type":"cond-expr","locations":[{"start":{"line":257,"column":20},"end":{"line":257,"column":31}},{"start":{"line":257,"column":34},"end":{"line":257,"column":52}}],"line":257},"20":{"loc":{"start":{"line":261,"column":9},"end":{"line":269,"column":9}},"type":"binary-expr","locations":[{"start":{"line":261,"column":9},"end":{"line":261,"column":20}},{"start":{"line":262,"column":10},"end":{"line":268,"column":19}}],"line":261}},"s":{"0":7,"1":7,"2":7,"3":7,"4":7,"5":7,"6":7,"7":7,"8":1,"9":1,"10":1,"11":1,"12":1,"13":7,"14":1,"15":1,"16":1,"17":1,"18":0,"19":1,"20":1,"21":0,"22":1,"23":7,"24":0,"25":0,"26":0,"27":0,"28":0,"29":0,"30":0,"31":0,"32":0,"33":7,"34":0,"35":0,"36":0,"37":0,"38":7,"39":1,"40":0,"41":1,"42":1,"43":0,"44":1,"45":0,"46":0,"47":1,"48":7,"49":0,"50":0,"51":7,"52":1,"53":0,"54":1,"55":1,"56":1,"57":0,"58":0,"59":1,"60":1,"61":1,"62":7,"63":0,"64":0,"65":0,"66":0,"67":0,"68":0,"69":0,"70":0,"71":0,"72":0,"73":7,"74":0,"75":0,"76":0,"77":0,"78":0,"79":0,"80":0,"81":0,"82":0,"83":0,"84":7,"85":1,"86":1,"87":1,"88":1,"89":1,"90":1,"91":1,"92":1,"93":0,"94":0,"95":1,"96":1,"97":0,"98":0,"99":1,"100":7,"101":1,"102":4,"103":3,"104":0,"105":0,"106":4,"107":0,"108":4,"109":0,"110":0,"111":0,"112":0,"113":4,"114":0,"115":0,"116":0},"f":{"0":7,"1":1,"2":1,"3":1,"4":0,"5":0,"6":0,"7":0,"8":0,"9":0,"10":0,"11":1,"12":0,"13":0,"14":0,"15":1,"16":1,"17":1,"18":0,"19":0,"20":0,"21":0,"22":0,"23":0,"24":1,"25":1,"26":4,"27":3,"28":0,"29":0,"30":4,"31":0,"32":4,"33":0,"34":0,"35":0,"36":0,"37":4,"38":0,"39":0,"40":0},"b":{"0":[1,0],"1":[0,1],"2":[0,0],"3":[0,0],"4":[0,1],"5":[0,1],"6":[0,1],"7":[0,1],"8":[0,1],"9":[0,0],"10":[0,0],"11":[0,0],"12":[0,0],"13":[0,1],"14":[0,0],"15":[7,7],"16":[7,7],"17":[7,7],"18":[7,7],"19":[1,6],"20":[7,7]},"_coverageSchema":"1a1c01bbd47fc00a2c39e90264f33305004495a9","hash":"bac9345d1486256ec902c7c785140af903263dc1"}
,"C:\\Users\\brayd\\CS4090\\NextFlix-Project\\frontend\\src\\tests\\mocks\\handlers.js": {"path":"C:\\Users\\brayd\\CS4090\\NextFlix-Project\\frontend\\src\\tests\\mocks\\handlers.js","statementMap":{"0":{"start":{"line":2,"column":17},"end":{"line":2,"column":73}},"1":{"start":{"line":4,"column":24},"end":{"line":48,"column":1}},"2":{"start":{"line":7,"column":4},"end":{"line":7,"column":154}},"3":{"start":{"line":12,"column":4},"end":{"line":12,"column":152}},"4":{"start":{"line":17,"column":4},"end":{"line":17,"column":60}},"5":{"start":{"line":22,"column":18},"end":{"line":22,"column":66}},"6":{"start":{"line":23,"column":4},"end":{"line":23,"column":226}},"7":{"start":{"line":28,"column":4},"end":{"line":28,"column":72}},"8":{"start":{"line":34,"column":18},"end":{"line":34,"column":66}},"9":{"start":{"line":35,"column":4},"end":{"line":35,"column":169}},"10":{"start":{"line":40,"column":4},"end":{"line":40,"column":60}},"11":{"start":{"line":43,"column":4},"end":{"line":43,"column":79}},"12":{"start":{"line":46,"column":4},"end":{"line":46,"column":86}}},"fnMap":{"0":{"name":"(anonymous_0)","decl":{"start":{"line":6,"column":42},"end":{"line":6,"column":43}},"loc":{"start":{"line":6,"column":61},"end":{"line":8,"column":3}},"line":6},"1":{"name":"(anonymous_1)","decl":{"start":{"line":11,"column":47},"end":{"line":11,"column":48}},"loc":{"start":{"line":11,"column":66},"end":{"line":13,"column":3}},"line":11},"2":{"name":"(anonymous_2)","decl":{"start":{"line":16,"column":44},"end":{"line":16,"column":45}},"loc":{"start":{"line":16,"column":63},"end":{"line":18,"column":3}},"line":16},"3":{"name":"(anonymous_3)","decl":{"start":{"line":21,"column":32},"end":{"line":21,"column":33}},"loc":{"start":{"line":21,"column":51},"end":{"line":24,"column":3}},"line":21},"4":{"name":"(anonymous_4)","decl":{"start":{"line":27,"column":45},"end":{"line":27,"column":46}},"loc":{"start":{"line":27,"column":64},"end":{"line":29,"column":3}},"line":27},"5":{"name":"(anonymous_5)","decl":{"start":{"line":32,"column":34},"end":{"line":32,"column":35}},"loc":{"start":{"line":32,"column":53},"end":{"line":36,"column":3}},"line":32},"6":{"name":"(anonymous_6)","decl":{"start":{"line":39,"column":44},"end":{"line":39,"column":45}},"loc":{"start":{"line":39,"column":63},"end":{"line":41,"column":3}},"line":39},"7":{"name":"(anonymous_7)","decl":{"start":{"line":42,"column":35},"end":{"line":42,"column":36}},"loc":{"start":{"line":42,"column":54},"end":{"line":44,"column":3}},"line":42},"8":{"name":"(anonymous_8)","decl":{"start":{"line":45,"column":42},"end":{"line":45,"column":43}},"loc":{"start":{"line":45,"column":61},"end":{"line":47,"column":3}},"line":45}},"branchMap":{"0":{"loc":{"start":{"line":2,"column":17},"end":{"line":2,"column":73}},"type":"binary-expr","locations":[{"start":{"line":2,"column":17},"end":{"line":2,"column":46}},{"start":{"line":2,"column":50},"end":{"line":2,"column":73}}],"line":2},"1":{"loc":{"start":{"line":22,"column":18},"end":{"line":22,"column":66}},"type":"binary-expr","locations":[{"start":{"line":22,"column":18},"end":{"line":22,"column":51}},{"start":{"line":22,"column":55},"end":{"line":22,"column":66}}],"line":22},"2":{"loc":{"start":{"line":34,"column":18},"end":{"line":34,"column":66}},"type":"binary-expr","locations":[{"start":{"line":34,"column":18},"end":{"line":34,"column":51}},{"start":{"line":34,"column":55},"end":{"line":34,"column":66}}],"line":34}},"s":{"0":9,"1":9,"2":0,"3":0,"4":0,"5":0,"6":0,"7":0,"8":0,"9":0,"10":0,"11":0,"12":0},"f":{"0":0,"1":0,"2":0,"3":0,"4":0,"5":0,"6":0,"7":0,"8":0},"b":{"0":[9,9],"1":[0,0],"2":[0,0]},"_coverageSchema":"1a1c01bbd47fc00a2c39e90264f33305004495a9","hash":"a77458da0fc4c3716fea8d455a3f43523e1d921c"}
,"C:\\Users\\brayd\\CS4090\\NextFlix-Project\\frontend\\src\\tests\\mocks\\server.js": {"path":"C:\\Users\\brayd\\CS4090\\NextFlix-Project\\frontend\\src\\tests\\mocks\\server.js","statementMap":{"0":{"start":{"line":4,"column":22},"end":{"line":4,"column":46}}},"fnMap":{},"branchMap":{},"s":{"0":9},"f":{},"b":{},"_coverageSchema":"1a1c01bbd47fc00a2c39e90264f33305004495a9","hash":"08ba08fc2b97f01ec6c67ed09b0bb2a12760b508"}
}
