{"/home/rcsmqm/Downloads/School/Cs4090/Project/NextFlix---CS4090-Project/frontend/src/App.js": {"path":"/home/rcsmqm/Downloads/School/Cs4090/Project/NextFlix---CS4090-Project/frontend/src/App.js","statementMap":{"0":{"start":{"line":12,"column":36},"end":{"line":12,"column":48}},"1":{"start":{"line":13,"column":48},"end":{"line":13,"column":60}},"2":{"start":{"line":14,"column":32},"end":{"line":14,"column":47}},"3":{"start":{"line":15,"column":28},"end":{"line":15,"column":42}},"4":{"start":{"line":16,"column":26},"end":{"line":16,"column":44}},"5":{"start":{"line":17,"column":44},"end":{"line":17,"column":56}},"6":{"start":{"line":18,"column":56},"end":{"line":18,"column":68}},"7":{"start":{"line":20,"column":2},"end":{"line":34,"column":9}},"8":{"start":{"line":22,"column":27},"end":{"line":32,"column":5}},"9":{"start":{"line":23,"column":21},"end":{"line":23,"column":61}},"10":{"start":{"line":24,"column":6},"end":{"line":24,"column":52}},"11":{"start":{"line":24,"column":21},"end":{"line":24,"column":42}},"12":{"start":{"line":24,"column":43},"end":{"line":24,"column":50}},"13":{"start":{"line":25,"column":6},"end":{"line":31,"column":67}},"14":{"start":{"line":26,"column":20},"end":{"line":26,"column":81}},"15":{"start":{"line":27,"column":8},"end":{"line":30,"column":9}},"16":{"start":{"line":28,"column":20},"end":{"line":28,"column":36}},"17":{"start":{"line":29,"column":10},"end":{"line":29,"column":46}},"18":{"start":{"line":31,"column":20},"end":{"line":31,"column":65}},"19":{"start":{"line":33,"column":4},"end":{"line":33,"column":21}},"20":{"start":{"line":38,"column":24},"end":{"line":111,"column":1}},"21":{"start":{"line":39,"column":2},"end":{"line":39,"column":19}},"22":{"start":{"line":40,"column":2},"end":{"line":40,"column":17}},"23":{"start":{"line":41,"column":2},"end":{"line":41,"column":25}},"24":{"start":{"line":43,"column":2},"end":{"line":110,"column":3}},"25":{"start":{"line":44,"column":14},"end":{"line":44,"column":26}},"26":{"start":{"line":45,"column":4},"end":{"line":53,"column":5}},"27":{"start":{"line":46,"column":18},"end":{"line":46,"column":82}},"28":{"start":{"line":47,"column":18},"end":{"line":47,"column":34}},"29":{"start":{"line":48,"column":19},"end":{"line":48,"column":35}},"30":{"start":{"line":49,"column":6},"end":{"line":49,"column":75}},"31":{"start":{"line":49,"column":19},"end":{"line":49,"column":75}},"32":{"start":{"line":50,"column":6},"end":{"line":50,"column":39}},"33":{"start":{"line":51,"column":6},"end":{"line":51,"column":37}},"34":{"start":{"line":52,"column":6},"end":{"line":52,"column":13}},"35":{"start":{"line":55,"column":4},"end":{"line":63,"column":5}},"36":{"start":{"line":56,"column":18},"end":{"line":56,"column":79}},"37":{"start":{"line":57,"column":18},"end":{"line":57,"column":34}},"38":{"start":{"line":58,"column":19},"end":{"line":58,"column":35}},"39":{"start":{"line":59,"column":6},"end":{"line":59,"column":72}},"40":{"start":{"line":59,"column":19},"end":{"line":59,"column":72}},"41":{"start":{"line":60,"column":6},"end":{"line":60,"column":39}},"42":{"start":{"line":61,"column":6},"end":{"line":61,"column":34}},"43":{"start":{"line":62,"column":6},"end":{"line":62,"column":13}},"44":{"start":{"line":64,"column":4},"end":{"line":72,"column":5}},"45":{"start":{"line":65,"column":18},"end":{"line":65,"column":79}},"46":{"start":{"line":66,"column":18},"end":{"line":66,"column":34}},"47":{"start":{"line":67,"column":19},"end":{"line":67,"column":35}},"48":{"start":{"line":68,"column":6},"end":{"line":68,"column":72}},"49":{"start":{"line":68,"column":19},"end":{"line":68,"column":72}},"50":{"start":{"line":69,"column":6},"end":{"line":69,"column":39}},"51":{"start":{"line":70,"column":6},"end":{"line":70,"column":34}},"52":{"start":{"line":71,"column":6},"end":{"line":71,"column":13}},"53":{"start":{"line":74,"column":19},"end":{"line":74,"column":78}},"54":{"start":{"line":75,"column":21},"end":{"line":75,"column":86}},"55":{"start":{"line":77,"column":17},"end":{"line":77,"column":38}},"56":{"start":{"line":78,"column":4},"end":{"line":78,"column":75}},"57":{"start":{"line":78,"column":22},"end":{"line":78,"column":75}},"58":{"start":{"line":82,"column":17},"end":{"line":82,"column":43}},"59":{"start":{"line":83,"column":21},"end":{"line":83,"column":23}},"60":{"start":{"line":84,"column":4},"end":{"line":101,"column":5}},"61":{"start":{"line":85,"column":6},"end":{"line":100,"column":7}},"62":{"start":{"line":87,"column":22},"end":{"line":87,"column":84}},"63":{"start":{"line":88,"column":8},"end":{"line":88,"column":29}},"64":{"start":{"line":88,"column":20},"end":{"line":88,"column":29}},"65":{"start":{"line":89,"column":21},"end":{"line":89,"column":98}},"66":{"start":{"line":90,"column":8},"end":{"line":96,"column":9}},"67":{"start":{"line":91,"column":21},"end":{"line":91,"column":38}},"68":{"start":{"line":92,"column":10},"end":{"line":92,"column":42}},"69":{"start":{"line":95,"column":10},"end":{"line":95,"column":27}},"70":{"start":{"line":98,"column":8},"end":{"line":98,"column":60}},"71":{"start":{"line":99,"column":8},"end":{"line":99,"column":25}},"72":{"start":{"line":103,"column":4},"end":{"line":103,"column":33}},"73":{"start":{"line":104,"column":4},"end":{"line":104,"column":20}},"74":{"start":{"line":107,"column":4},"end":{"line":107,"column":24}},"75":{"start":{"line":109,"column":4},"end":{"line":109,"column":22}},"76":{"start":{"line":115,"column":37},"end":{"line":154,"column":3}},"77":{"start":{"line":116,"column":19},"end":{"line":116,"column":59}},"78":{"start":{"line":117,"column":4},"end":{"line":117,"column":87}},"79":{"start":{"line":117,"column":17},"end":{"line":117,"column":87}},"80":{"start":{"line":118,"column":4},"end":{"line":118,"column":21}},"81":{"start":{"line":119,"column":4},"end":{"line":119,"column":19}},"82":{"start":{"line":120,"column":4},"end":{"line":120,"column":27}},"83":{"start":{"line":121,"column":4},"end":{"line":153,"column":5}},"84":{"start":{"line":122,"column":18},"end":{"line":126,"column":8}},"85":{"start":{"line":127,"column":6},"end":{"line":130,"column":7}},"86":{"start":{"line":128,"column":18},"end":{"line":128,"column":52}},"87":{"start":{"line":128,"column":48},"end":{"line":128,"column":50}},"88":{"start":{"line":129,"column":8},"end":{"line":129,"column":57}},"89":{"start":{"line":131,"column":16},"end":{"line":131,"column":32}},"90":{"start":{"line":133,"column":21},"end":{"line":133,"column":44}},"91":{"start":{"line":134,"column":23},"end":{"line":134,"column":25}},"92":{"start":{"line":135,"column":6},"end":{"line":146,"column":7}},"93":{"start":{"line":136,"column":8},"end":{"line":145,"column":9}},"94":{"start":{"line":137,"column":23},"end":{"line":137,"column":96}},"95":{"start":{"line":138,"column":10},"end":{"line":142,"column":11}},"96":{"start":{"line":139,"column":23},"end":{"line":139,"column":40}},"97":{"start":{"line":141,"column":12},"end":{"line":141,"column":44}},"98":{"start":{"line":144,"column":10},"end":{"line":144,"column":68}},"99":{"start":{"line":147,"column":6},"end":{"line":147,"column":35}},"100":{"start":{"line":148,"column":6},"end":{"line":148,"column":42}},"101":{"start":{"line":150,"column":6},"end":{"line":150,"column":28}},"102":{"start":{"line":152,"column":6},"end":{"line":152,"column":24}},"103":{"start":{"line":157,"column":25},"end":{"line":170,"column":3}},"104":{"start":{"line":158,"column":4},"end":{"line":169,"column":5}},"105":{"start":{"line":159,"column":21},"end":{"line":159,"column":69}},"106":{"start":{"line":160,"column":22},"end":{"line":160,"column":94}},"107":{"start":{"line":161,"column":18},"end":{"line":163,"column":8}},"108":{"start":{"line":164,"column":6},"end":{"line":166,"column":7}},"109":{"start":{"line":165,"column":8},"end":{"line":165,"column":69}},"110":{"start":{"line":168,"column":6},"end":{"line":168,"column":49}},"111":{"start":{"line":172,"column":25},"end":{"line":191,"column":3}},"112":{"start":{"line":173,"column":19},"end":{"line":173,"column":59}},"113":{"start":{"line":174,"column":4},"end":{"line":174,"column":56}},"114":{"start":{"line":174,"column":17},"end":{"line":174,"column":56}},"115":{"start":{"line":175,"column":4},"end":{"line":190,"column":37}},"116":{"start":{"line":176,"column":18},"end":{"line":178,"column":8}},"117":{"start":{"line":179,"column":6},"end":{"line":189,"column":7}},"118":{"start":{"line":180,"column":8},"end":{"line":180,"column":62}},"119":{"start":{"line":182,"column":8},"end":{"line":182,"column":141}},"120":{"start":{"line":182,"column":35},"end":{"line":182,"column":139}},"121":{"start":{"line":182,"column":52},"end":{"line":182,"column":138}},"122":{"start":{"line":184,"column":8},"end":{"line":188,"column":11}},"123":{"start":{"line":185,"column":22},"end":{"line":185,"column":68}},"124":{"start":{"line":185,"column":44},"end":{"line":185,"column":66}},"125":{"start":{"line":186,"column":10},"end":{"line":186,"column":86}},"126":{"start":{"line":186,"column":57},"end":{"line":186,"column":86}},"127":{"start":{"line":187,"column":10},"end":{"line":187,"column":22}},"128":{"start":{"line":190,"column":18},"end":{"line":190,"column":35}},"129":{"start":{"line":193,"column":30},"end":{"line":205,"column":3}},"130":{"start":{"line":194,"column":19},"end":{"line":194,"column":59}},"131":{"start":{"line":195,"column":4},"end":{"line":195,"column":56}},"132":{"start":{"line":195,"column":17},"end":{"line":195,"column":56}},"133":{"start":{"line":196,"column":4},"end":{"line":204,"column":37}},"134":{"start":{"line":197,"column":18},"end":{"line":199,"column":8}},"135":{"start":{"line":200,"column":6},"end":{"line":203,"column":7}},"136":{"start":{"line":201,"column":8},"end":{"line":201,"column":111}},"137":{"start":{"line":201,"column":33},"end":{"line":201,"column":109}},"138":{"start":{"line":201,"column":50},"end":{"line":201,"column":108}},"139":{"start":{"line":204,"column":18},"end":{"line":204,"column":35}},"140":{"start":{"line":207,"column":26},"end":{"line":215,"column":3}},"141":{"start":{"line":208,"column":19},"end":{"line":208,"column":113}},"142":{"start":{"line":208,"column":42},"end":{"line":208,"column":64}},"143":{"start":{"line":209,"column":4},"end":{"line":214,"column":5}},"144":{"start":{"line":210,"column":6},"end":{"line":210,"column":44}},"145":{"start":{"line":211,"column":6},"end":{"line":211,"column":64}},"146":{"start":{"line":213,"column":6},"end":{"line":213,"column":39}},"147":{"start":{"line":217,"column":25},"end":{"line":228,"column":3}},"148":{"start":{"line":218,"column":19},"end":{"line":218,"column":59}},"149":{"start":{"line":219,"column":4},"end":{"line":219,"column":56}},"150":{"start":{"line":219,"column":17},"end":{"line":219,"column":56}},"151":{"start":{"line":220,"column":4},"end":{"line":227,"column":37}},"152":{"start":{"line":221,"column":18},"end":{"line":223,"column":8}},"153":{"start":{"line":224,"column":6},"end":{"line":226,"column":7}},"154":{"start":{"line":225,"column":8},"end":{"line":225,"column":58}},"155":{"start":{"line":227,"column":18},"end":{"line":227,"column":35}},"156":{"start":{"line":230,"column":21},"end":{"line":241,"column":3}},"157":{"start":{"line":231,"column":19},"end":{"line":231,"column":59}},"158":{"start":{"line":232,"column":4},"end":{"line":232,"column":56}},"159":{"start":{"line":232,"column":17},"end":{"line":232,"column":56}},"160":{"start":{"line":233,"column":4},"end":{"line":240,"column":37}},"161":{"start":{"line":234,"column":18},"end":{"line":236,"column":8}},"162":{"start":{"line":237,"column":6},"end":{"line":239,"column":7}},"163":{"start":{"line":238,"column":8},"end":{"line":238,"column":49}},"164":{"start":{"line":240,"column":18},"end":{"line":240,"column":35}},"165":{"start":{"line":243,"column":26},"end":{"line":243,"column":54}},"166":{"start":{"line":243,"column":32},"end":{"line":243,"column":54}},"167":{"start":{"line":244,"column":22},"end":{"line":244,"column":46}},"168":{"start":{"line":244,"column":28},"end":{"line":244,"column":46}},"169":{"start":{"line":245,"column":21},"end":{"line":245,"column":44}},"170":{"start":{"line":245,"column":27},"end":{"line":245,"column":44}},"171":{"start":{"line":246,"column":23},"end":{"line":246,"column":46}},"172":{"start":{"line":246,"column":29},"end":{"line":246,"column":46}},"173":{"start":{"line":248,"column":2},"end":{"line":311,"column":4}},"174":{"start":{"line":253,"column":51},"end":{"line":253,"column":68}},"175":{"start":{"line":255,"column":55},"end":{"line":255,"column":75}},"176":{"start":{"line":257,"column":69},"end":{"line":257,"column":93}},"177":{"start":{"line":269,"column":118},"end":{"line":269,"column":169}}},"fnMap":{"0":{"name":"App","decl":{"start":{"line":11,"column":9},"end":{"line":11,"column":12}},"loc":{"start":{"line":11,"column":15},"end":{"line":312,"column":1}},"line":11},"1":{"name":"(anonymous_1)","decl":{"start":{"line":20,"column":12},"end":{"line":20,"column":13}},"loc":{"start":{"line":20,"column":18},"end":{"line":34,"column":3}},"line":20},"2":{"name":"(anonymous_2)","decl":{"start":{"line":22,"column":27},"end":{"line":22,"column":28}},"loc":{"start":{"line":22,"column":39},"end":{"line":32,"column":5}},"line":22},"3":{"name":"(anonymous_3)","decl":{"start":{"line":38,"column":24},"end":{"line":38,"column":25}},"loc":{"start":{"line":38,"column":53},"end":{"line":111,"column":1}},"line":38},"4":{"name":"(anonymous_4)","decl":{"start":{"line":115,"column":37},"end":{"line":115,"column":38}},"loc":{"start":{"line":115,"column":49},"end":{"line":154,"column":3}},"line":115},"5":{"name":"(anonymous_5)","decl":{"start":{"line":128,"column":41},"end":{"line":128,"column":42}},"loc":{"start":{"line":128,"column":48},"end":{"line":128,"column":50}},"line":128},"6":{"name":"(anonymous_6)","decl":{"start":{"line":157,"column":25},"end":{"line":157,"column":26}},"loc":{"start":{"line":157,"column":75},"end":{"line":170,"column":3}},"line":157},"7":{"name":"(anonymous_7)","decl":{"start":{"line":172,"column":25},"end":{"line":172,"column":26}},"loc":{"start":{"line":172,"column":47},"end":{"line":191,"column":3}},"line":172},"8":{"name":"(anonymous_8)","decl":{"start":{"line":182,"column":27},"end":{"line":182,"column":28}},"loc":{"start":{"line":182,"column":35},"end":{"line":182,"column":139}},"line":182},"9":{"name":"(anonymous_9)","decl":{"start":{"line":182,"column":47},"end":{"line":182,"column":48}},"loc":{"start":{"line":182,"column":52},"end":{"line":182,"column":138}},"line":182},"10":{"name":"(anonymous_10)","decl":{"start":{"line":184,"column":25},"end":{"line":184,"column":26}},"loc":{"start":{"line":184,"column":33},"end":{"line":188,"column":9}},"line":184},"11":{"name":"(anonymous_11)","decl":{"start":{"line":185,"column":39},"end":{"line":185,"column":40}},"loc":{"start":{"line":185,"column":44},"end":{"line":185,"column":66}},"line":185},"12":{"name":"(anonymous_12)","decl":{"start":{"line":193,"column":30},"end":{"line":193,"column":31}},"loc":{"start":{"line":193,"column":52},"end":{"line":205,"column":3}},"line":193},"13":{"name":"(anonymous_13)","decl":{"start":{"line":201,"column":25},"end":{"line":201,"column":26}},"loc":{"start":{"line":201,"column":33},"end":{"line":201,"column":109}},"line":201},"14":{"name":"(anonymous_14)","decl":{"start":{"line":201,"column":45},"end":{"line":201,"column":46}},"loc":{"start":{"line":201,"column":50},"end":{"line":201,"column":108}},"line":201},"15":{"name":"(anonymous_15)","decl":{"start":{"line":207,"column":26},"end":{"line":207,"column":27}},"loc":{"start":{"line":207,"column":48},"end":{"line":215,"column":3}},"line":207},"16":{"name":"(anonymous_16)","decl":{"start":{"line":208,"column":37},"end":{"line":208,"column":38}},"loc":{"start":{"line":208,"column":42},"end":{"line":208,"column":64}},"line":208},"17":{"name":"(anonymous_17)","decl":{"start":{"line":217,"column":25},"end":{"line":217,"column":26}},"loc":{"start":{"line":217,"column":47},"end":{"line":228,"column":3}},"line":217},"18":{"name":"(anonymous_18)","decl":{"start":{"line":230,"column":21},"end":{"line":230,"column":22}},"loc":{"start":{"line":230,"column":43},"end":{"line":241,"column":3}},"line":230},"19":{"name":"(anonymous_19)","decl":{"start":{"line":243,"column":26},"end":{"line":243,"column":27}},"loc":{"start":{"line":243,"column":32},"end":{"line":243,"column":54}},"line":243},"20":{"name":"(anonymous_20)","decl":{"start":{"line":244,"column":22},"end":{"line":244,"column":23}},"loc":{"start":{"line":244,"column":28},"end":{"line":244,"column":46}},"line":244},"21":{"name":"(anonymous_21)","decl":{"start":{"line":245,"column":21},"end":{"line":245,"column":22}},"loc":{"start":{"line":245,"column":27},"end":{"line":245,"column":44}},"line":245},"22":{"name":"(anonymous_22)","decl":{"start":{"line":246,"column":23},"end":{"line":246,"column":24}},"loc":{"start":{"line":246,"column":29},"end":{"line":246,"column":46}},"line":246},"23":{"name":"(anonymous_23)","decl":{"start":{"line":253,"column":45},"end":{"line":253,"column":46}},"loc":{"start":{"line":253,"column":51},"end":{"line":253,"column":68}},"line":253},"24":{"name":"(anonymous_24)","decl":{"start":{"line":255,"column":49},"end":{"line":255,"column":50}},"loc":{"start":{"line":255,"column":55},"end":{"line":255,"column":75}},"line":255},"25":{"name":"(anonymous_25)","decl":{"start":{"line":257,"column":63},"end":{"line":257,"column":64}},"loc":{"start":{"line":257,"column":69},"end":{"line":257,"column":93}},"line":257},"26":{"name":"(anonymous_26)","decl":{"start":{"line":269,"column":113},"end":{"line":269,"column":114}},"loc":{"start":{"line":269,"column":118},"end":{"line":269,"column":169}},"line":269}},"branchMap":{"0":{"loc":{"start":{"line":24,"column":6},"end":{"line":24,"column":52}},"type":"if","locations":[{"start":{"line":24,"column":6},"end":{"line":24,"column":52}},{"start":{},"end":{}}],"line":24},"1":{"loc":{"start":{"line":27,"column":8},"end":{"line":30,"column":9}},"type":"if","locations":[{"start":{"line":27,"column":8},"end":{"line":30,"column":9}},{"start":{},"end":{}}],"line":27},"2":{"loc":{"start":{"line":29,"column":27},"end":{"line":29,"column":44}},"type":"binary-expr","locations":[{"start":{"line":29,"column":27},"end":{"line":29,"column":38}},{"start":{"line":29,"column":42},"end":{"line":29,"column":44}}],"line":29},"3":{"loc":{"start":{"line":45,"column":4},"end":{"line":53,"column":5}},"type":"if","locations":[{"start":{"line":45,"column":4},"end":{"line":53,"column":5}},{"start":{},"end":{}}],"line":45},"4":{"loc":{"start":{"line":49,"column":6},"end":{"line":49,"column":75}},"type":"if","locations":[{"start":{"line":49,"column":6},"end":{"line":49,"column":75}},{"start":{},"end":{}}],"line":49},"5":{"loc":{"start":{"line":49,"column":35},"end":{"line":49,"column":73}},"type":"binary-expr","locations":[{"start":{"line":49,"column":35},"end":{"line":49,"column":45}},{"start":{"line":49,"column":49},"end":{"line":49,"column":73}}],"line":49},"6":{"loc":{"start":{"line":55,"column":4},"end":{"line":63,"column":5}},"type":"if","locations":[{"start":{"line":55,"column":4},"end":{"line":63,"column":5}},{"start":{},"end":{}}],"line":55},"7":{"loc":{"start":{"line":59,"column":6},"end":{"line":59,"column":72}},"type":"if","locations":[{"start":{"line":59,"column":6},"end":{"line":59,"column":72}},{"start":{},"end":{}}],"line":59},"8":{"loc":{"start":{"line":59,"column":35},"end":{"line":59,"column":70}},"type":"binary-expr","locations":[{"start":{"line":59,"column":35},"end":{"line":59,"column":45}},{"start":{"line":59,"column":49},"end":{"line":59,"column":70}}],"line":59},"9":{"loc":{"start":{"line":64,"column":4},"end":{"line":72,"column":5}},"type":"if","locations":[{"start":{"line":64,"column":4},"end":{"line":72,"column":5}},{"start":{},"end":{}}],"line":64},"10":{"loc":{"start":{"line":68,"column":6},"end":{"line":68,"column":72}},"type":"if","locations":[{"start":{"line":68,"column":6},"end":{"line":68,"column":72}},{"start":{},"end":{}}],"line":68},"11":{"loc":{"start":{"line":68,"column":35},"end":{"line":68,"column":70}},"type":"binary-expr","locations":[{"start":{"line":68,"column":35},"end":{"line":68,"column":45}},{"start":{"line":68,"column":49},"end":{"line":68,"column":70}}],"line":68},"12":{"loc":{"start":{"line":78,"column":4},"end":{"line":78,"column":75}},"type":"if","locations":[{"start":{"line":78,"column":4},"end":{"line":78,"column":75}},{"start":{},"end":{}}],"line":78},"13":{"loc":{"start":{"line":78,"column":38},"end":{"line":78,"column":73}},"type":"binary-expr","locations":[{"start":{"line":78,"column":38},"end":{"line":78,"column":48}},{"start":{"line":78,"column":52},"end":{"line":78,"column":73}}],"line":78},"14":{"loc":{"start":{"line":82,"column":17},"end":{"line":82,"column":43}},"type":"binary-expr","locations":[{"start":{"line":82,"column":17},"end":{"line":82,"column":37}},{"start":{"line":82,"column":41},"end":{"line":82,"column":43}}],"line":82},"15":{"loc":{"start":{"line":87,"column":22},"end":{"line":87,"column":84}},"type":"cond-expr","locations":[{"start":{"line":87,"column":48},"end":{"line":87,"column":49}},{"start":{"line":87,"column":53},"end":{"line":87,"column":83}}],"line":87},"16":{"loc":{"start":{"line":87,"column":53},"end":{"line":87,"column":83}},"type":"binary-expr","locations":[{"start":{"line":87,"column":53},"end":{"line":87,"column":66}},{"start":{"line":87,"column":70},"end":{"line":87,"column":77}},{"start":{"line":87,"column":81},"end":{"line":87,"column":83}}],"line":87},"17":{"loc":{"start":{"line":88,"column":8},"end":{"line":88,"column":29}},"type":"if","locations":[{"start":{"line":88,"column":8},"end":{"line":88,"column":29}},{"start":{},"end":{}}],"line":88},"18":{"loc":{"start":{"line":90,"column":8},"end":{"line":96,"column":9}},"type":"if","locations":[{"start":{"line":90,"column":8},"end":{"line":96,"column":9}},{"start":{"line":93,"column":15},"end":{"line":96,"column":9}}],"line":90},"19":{"loc":{"start":{"line":92,"column":24},"end":{"line":92,"column":40}},"type":"binary-expr","locations":[{"start":{"line":92,"column":24},"end":{"line":92,"column":34}},{"start":{"line":92,"column":38},"end":{"line":92,"column":40}}],"line":92},"20":{"loc":{"start":{"line":117,"column":4},"end":{"line":117,"column":87}},"type":"if","locations":[{"start":{"line":117,"column":4},"end":{"line":117,"column":87}},{"start":{},"end":{}}],"line":117},"21":{"loc":{"start":{"line":127,"column":6},"end":{"line":130,"column":7}},"type":"if","locations":[{"start":{"line":127,"column":6},"end":{"line":130,"column":7}},{"start":{},"end":{}}],"line":127},"22":{"loc":{"start":{"line":129,"column":24},"end":{"line":129,"column":55}},"type":"binary-expr","locations":[{"start":{"line":129,"column":24},"end":{"line":129,"column":31}},{"start":{"line":129,"column":35},"end":{"line":129,"column":55}}],"line":129},"23":{"loc":{"start":{"line":133,"column":21},"end":{"line":133,"column":44}},"type":"binary-expr","locations":[{"start":{"line":133,"column":21},"end":{"line":133,"column":38}},{"start":{"line":133,"column":42},"end":{"line":133,"column":44}}],"line":133},"24":{"loc":{"start":{"line":138,"column":10},"end":{"line":142,"column":11}},"type":"if","locations":[{"start":{"line":138,"column":10},"end":{"line":142,"column":11}},{"start":{},"end":{}}],"line":138},"25":{"loc":{"start":{"line":141,"column":26},"end":{"line":141,"column":42}},"type":"binary-expr","locations":[{"start":{"line":141,"column":26},"end":{"line":141,"column":36}},{"start":{"line":141,"column":40},"end":{"line":141,"column":42}}],"line":141},"26":{"loc":{"start":{"line":159,"column":21},"end":{"line":159,"column":69}},"type":"binary-expr","locations":[{"start":{"line":159,"column":21},"end":{"line":159,"column":61}},{"start":{"line":159,"column":65},"end":{"line":159,"column":69}}],"line":159},"27":{"loc":{"start":{"line":164,"column":6},"end":{"line":166,"column":7}},"type":"if","locations":[{"start":{"line":164,"column":6},"end":{"line":166,"column":7}},{"start":{},"end":{}}],"line":164},"28":{"loc":{"start":{"line":174,"column":4},"end":{"line":174,"column":56}},"type":"if","locations":[{"start":{"line":174,"column":4},"end":{"line":174,"column":56}},{"start":{},"end":{}}],"line":174},"29":{"loc":{"start":{"line":179,"column":6},"end":{"line":189,"column":7}},"type":"if","locations":[{"start":{"line":179,"column":6},"end":{"line":189,"column":7}},{"start":{},"end":{}}],"line":179},"30":{"loc":{"start":{"line":182,"column":53},"end":{"line":182,"column":72}},"type":"binary-expr","locations":[{"start":{"line":182,"column":53},"end":{"line":182,"column":66}},{"start":{"line":182,"column":70},"end":{"line":182,"column":72}}],"line":182},"31":{"loc":{"start":{"line":182,"column":100},"end":{"line":182,"column":116}},"type":"binary-expr","locations":[{"start":{"line":182,"column":100},"end":{"line":182,"column":110}},{"start":{"line":182,"column":114},"end":{"line":182,"column":116}}],"line":182},"32":{"loc":{"start":{"line":186,"column":10},"end":{"line":186,"column":86}},"type":"if","locations":[{"start":{"line":186,"column":10},"end":{"line":186,"column":86}},{"start":{},"end":{}}],"line":186},"33":{"loc":{"start":{"line":195,"column":4},"end":{"line":195,"column":56}},"type":"if","locations":[{"start":{"line":195,"column":4},"end":{"line":195,"column":56}},{"start":{},"end":{}}],"line":195},"34":{"loc":{"start":{"line":200,"column":6},"end":{"line":203,"column":7}},"type":"if","locations":[{"start":{"line":200,"column":6},"end":{"line":203,"column":7}},{"start":{},"end":{}}],"line":200},"35":{"loc":{"start":{"line":208,"column":76},"end":{"line":208,"column":90}},"type":"binary-expr","locations":[{"start":{"line":208,"column":76},"end":{"line":208,"column":86}},{"start":{"line":208,"column":88},"end":{"line":208,"column":90}}],"line":208},"36":{"loc":{"start":{"line":209,"column":4},"end":{"line":214,"column":5}},"type":"if","locations":[{"start":{"line":209,"column":4},"end":{"line":214,"column":5}},{"start":{"line":212,"column":11},"end":{"line":214,"column":5}}],"line":209},"37":{"loc":{"start":{"line":219,"column":4},"end":{"line":219,"column":56}},"type":"if","locations":[{"start":{"line":219,"column":4},"end":{"line":219,"column":56}},{"start":{},"end":{}}],"line":219},"38":{"loc":{"start":{"line":224,"column":6},"end":{"line":226,"column":7}},"type":"if","locations":[{"start":{"line":224,"column":6},"end":{"line":226,"column":7}},{"start":{},"end":{}}],"line":224},"39":{"loc":{"start":{"line":232,"column":4},"end":{"line":232,"column":56}},"type":"if","locations":[{"start":{"line":232,"column":4},"end":{"line":232,"column":56}},{"start":{},"end":{}}],"line":232},"40":{"loc":{"start":{"line":237,"column":6},"end":{"line":239,"column":7}},"type":"if","locations":[{"start":{"line":237,"column":6},"end":{"line":239,"column":7}},{"start":{},"end":{}}],"line":237},"41":{"loc":{"start":{"line":263,"column":7},"end":{"line":291,"column":7}},"type":"binary-expr","locations":[{"start":{"line":263,"column":7},"end":{"line":263,"column":24}},{"start":{"line":264,"column":8},"end":{"line":290,"column":11}}],"line":263},"42":{"loc":{"start":{"line":269,"column":141},"end":{"line":269,"column":168}},"type":"binary-expr","locations":[{"start":{"line":269,"column":141},"end":{"line":269,"column":163}},{"start":{"line":269,"column":167},"end":{"line":269,"column":168}}],"line":269},"43":{"loc":{"start":{"line":276,"column":11},"end":{"line":276,"column":58}},"type":"binary-expr","locations":[{"start":{"line":276,"column":11},"end":{"line":276,"column":18}},{"start":{"line":276,"column":22},"end":{"line":276,"column":58}}],"line":276},"44":{"loc":{"start":{"line":277,"column":11},"end":{"line":277,"column":67}},"type":"binary-expr","locations":[{"start":{"line":277,"column":11},"end":{"line":277,"column":16}},{"start":{"line":277,"column":20},"end":{"line":277,"column":67}}],"line":277},"45":{"loc":{"start":{"line":279,"column":11},"end":{"line":289,"column":11}},"type":"binary-expr","locations":[{"start":{"line":279,"column":11},"end":{"line":279,"column":37}},{"start":{"line":280,"column":12},"end":{"line":288,"column":14}}],"line":279},"46":{"loc":{"start":{"line":293,"column":7},"end":{"line":295,"column":7}},"type":"binary-expr","locations":[{"start":{"line":293,"column":7},"end":{"line":293,"column":29}},{"start":{"line":294,"column":8},"end":{"line":294,"column":62}}],"line":293},"47":{"loc":{"start":{"line":297,"column":7},"end":{"line":299,"column":7}},"type":"binary-expr","locations":[{"start":{"line":297,"column":7},"end":{"line":297,"column":25}},{"start":{"line":298,"column":8},"end":{"line":298,"column":45}}],"line":297},"48":{"loc":{"start":{"line":301,"column":7},"end":{"line":303,"column":7}},"type":"binary-expr","locations":[{"start":{"line":301,"column":7},"end":{"line":301,"column":24}},{"start":{"line":302,"column":8},"end":{"line":302,"column":47}}],"line":301},"49":{"loc":{"start":{"line":304,"column":7},"end":{"line":306,"column":7}},"type":"binary-expr","locations":[{"start":{"line":304,"column":7},"end":{"line":304,"column":31}},{"start":{"line":305,"column":8},"end":{"line":305,"column":74}}],"line":304},"50":{"loc":{"start":{"line":307,"column":7},"end":{"line":309,"column":7}},"type":"binary-expr","locations":[{"start":{"line":307,"column":7},"end":{"line":307,"column":27}},{"start":{"line":308,"column":8},"end":{"line":308,"column":199}}],"line":307}},"s":{"0":5,"1":5,"2":5,"3":5,"4":5,"5":5,"6":5,"7":5,"8":2,"9":2,"10":2,"11":2,"12":2,"13":0,"14":0,"15":0,"16":0,"17":0,"18":0,"19":2,"20":5,"21":0,"22":0,"23":0,"24":0,"25":0,"26":0,"27":0,"28":0,"29":0,"30":0,"31":0,"32":0,"33":0,"34":0,"35":0,"36":0,"37":0,"38":0,"39":0,"40":0,"41":0,"42":0,"43":0,"44":0,"45":0,"46":0,"47":0,"48":0,"49":0,"50":0,"51":0,"52":0,"53":0,"54":0,"55":0,"56":0,"57":0,"58":0,"59":0,"60":0,"61":0,"62":0,"63":0,"64":0,"65":0,"66":0,"67":0,"68":0,"69":0,"70":0,"71":0,"72":0,"73":0,"74":0,"75":0,"76":5,"77":0,"78":0,"79":0,"80":0,"81":0,"82":0,"83":0,"84":0,"85":0,"86":0,"87":0,"88":0,"89":0,"90":0,"91":0,"92":0,"93":0,"94":0,"95":0,"96":0,"97":0,"98":0,"99":0,"100":0,"101":0,"102":0,"103":5,"104":0,"105":0,"106":0,"107":0,"108":0,"109":0,"110":0,"111":5,"112":0,"113":0,"114":0,"115":0,"116":0,"117":0,"118":0,"119":0,"120":0,"121":0,"122":0,"123":0,"124":0,"125":0,"126":0,"127":0,"128":0,"129":5,"130":0,"131":0,"132":0,"133":0,"134":0,"135":0,"136":0,"137":0,"138":0,"139":0,"140":5,"141":0,"142":0,"143":0,"144":0,"145":0,"146":0,"147":5,"148":0,"149":0,"150":0,"151":0,"152":0,"153":0,"154":0,"155":0,"156":5,"157":0,"158":0,"159":0,"160":0,"161":0,"162":0,"163":0,"164":0,"165":5,"166":0,"167":5,"168":1,"169":5,"170":0,"171":5,"172":0,"173":5,"174":0,"175":0,"176":0,"177":0},"f":{"0":5,"1":2,"2":2,"3":0,"4":0,"5":0,"6":0,"7":0,"8":0,"9":0,"10":0,"11":0,"12":0,"13":0,"14":0,"15":0,"16":0,"17":0,"18":0,"19":0,"20":1,"21":0,"22":0,"23":0,"24":0,"25":0,"26":0},"b":{"0":[2,0],"1":[0,0],"2":[0,0],"3":[0,0],"4":[0,0],"5":[0,0],"6":[0,0],"7":[0,0],"8":[0,0],"9":[0,0],"10":[0,0],"11":[0,0],"12":[0,0],"13":[0,0],"14":[0,0],"15":[0,0],"16":[0,0,0],"17":[0,0],"18":[0,0],"19":[0,0],"20":[0,0],"21":[0,0],"22":[0,0],"23":[0,0],"24":[0,0],"25":[0,0],"26":[0,0],"27":[0,0],"28":[0,0],"29":[0,0],"30":[0,0],"31":[0,0],"32":[0,0],"33":[0,0],"34":[0,0],"35":[0,0],"36":[0,0],"37":[0,0],"38":[0,0],"39":[0,0],"40":[0,0],"41":[5,4],"42":[0,0],"43":[4,0],"44":[4,0],"45":[4,0],"46":[5,0],"47":[5,1],"48":[5,0],"49":[5,0],"50":[5,0]},"_coverageSchema":"1a1c01bbd47fc00a2c39e90264f33305004495a9","hash":"139f231b2d1d0109a6737c7210d86b1f95ce6984"}
,"/home/rcsmqm/Downloads/School/Cs4090/Project/NextFlix---CS4090-Project/frontend/src/index.js": {"path":"/home/rcsmqm/Downloads/School/Cs4090/Project/NextFlix---CS4090-Project/frontend/src/index.js","statementMap":{"0":{"start":{"line":7,"column":20},"end":{"line":7,"column":51}},"1":{"start":{"line":11,"column":13},"end":{"line":11,"column":45}},"2":{"start":{"line":13,"column":0},"end":{"line":17,"column":2}}},"fnMap":{},"branchMap":{},"s":{"0":0,"1":0,"2":0},"f":{},"b":{}}
,"/home/rcsmqm/Downloads/School/Cs4090/Project/NextFlix---CS4090-Project/frontend/src/components/AccessibilityMenu.js": {"path":"/home/rcsmqm/Downloads/School/Cs4090/Project/NextFlix---CS4090-Project/frontend/src/components/AccessibilityMenu.js","statementMap":{"0":{"start":{"line":5,"column":26},"end":{"line":11,"column":3}},"1":{"start":{"line":13,"column":34},"end":{"line":13,"column":59}},"2":{"start":{"line":15,"column":2},"end":{"line":23,"column":9}},"3":{"start":{"line":17,"column":4},"end":{"line":22,"column":5}},"4":{"start":{"line":18,"column":18},"end":{"line":18,"column":64}},"5":{"start":{"line":19,"column":6},"end":{"line":19,"column":44}},"6":{"start":{"line":19,"column":15},"end":{"line":19,"column":44}},"7":{"start":{"line":21,"column":6},"end":{"line":21,"column":64}},"8":{"start":{"line":25,"column":2},"end":{"line":27,"column":17}},"9":{"start":{"line":26,"column":4},"end":{"line":26,"column":28}},"10":{"start":{"line":29,"column":24},"end":{"line":46,"column":3}},"11":{"start":{"line":31,"column":16},"end":{"line":31,"column":64}},"12":{"start":{"line":32,"column":4},"end":{"line":32,"column":76}},"13":{"start":{"line":35,"column":4},"end":{"line":35,"column":111}},"14":{"start":{"line":35,"column":20},"end":{"line":35,"column":61}},"15":{"start":{"line":35,"column":67},"end":{"line":35,"column":111}},"16":{"start":{"line":38,"column":4},"end":{"line":38,"column":123}},"17":{"start":{"line":38,"column":24},"end":{"line":38,"column":69}},"18":{"start":{"line":38,"column":75},"end":{"line":38,"column":123}},"19":{"start":{"line":41,"column":4},"end":{"line":41,"column":135}},"20":{"start":{"line":41,"column":28},"end":{"line":41,"column":77}},"21":{"start":{"line":41,"column":83},"end":{"line":41,"column":135}},"22":{"start":{"line":44,"column":20},"end":{"line":44,"column":74}},"23":{"start":{"line":45,"column":4},"end":{"line":45,"column":109}},"24":{"start":{"line":48,"column":17},"end":{"line":48,"column":72}},"25":{"start":{"line":48,"column":28},"end":{"line":48,"column":72}},"26":{"start":{"line":48,"column":49},"end":{"line":48,"column":70}},"27":{"start":{"line":50,"column":21},"end":{"line":57,"column":3}},"28":{"start":{"line":51,"column":4},"end":{"line":55,"column":5}},"29":{"start":{"line":52,"column":6},"end":{"line":52,"column":79}},"30":{"start":{"line":54,"column":6},"end":{"line":54,"column":64}},"31":{"start":{"line":56,"column":4},"end":{"line":56,"column":25}},"32":{"start":{"line":59,"column":22},"end":{"line":62,"column":3}},"33":{"start":{"line":60,"column":4},"end":{"line":60,"column":33}},"34":{"start":{"line":61,"column":4},"end":{"line":61,"column":75}},"35":{"start":{"line":61,"column":10},"end":{"line":61,"column":60}},"36":{"start":{"line":64,"column":2},"end":{"line":112,"column":4}},"37":{"start":{"line":71,"column":35},"end":{"line":71,"column":64}},"38":{"start":{"line":72,"column":35},"end":{"line":72,"column":65}},"39":{"start":{"line":73,"column":35},"end":{"line":73,"column":64}},"40":{"start":{"line":80,"column":94},"end":{"line":80,"column":132}},"41":{"start":{"line":88,"column":102},"end":{"line":88,"column":144}},"42":{"start":{"line":96,"column":99},"end":{"line":96,"column":145}},"43":{"start":{"line":98,"column":67},"end":{"line":98,"column":107}},"44":{"start":{"line":109,"column":59},"end":{"line":109,"column":80}},"45":{"start":{"line":109,"column":81},"end":{"line":109,"column":100}}},"fnMap":{"0":{"name":"AccessibilityMenu","decl":{"start":{"line":4,"column":9},"end":{"line":4,"column":26}},"loc":{"start":{"line":4,"column":48},"end":{"line":113,"column":1}},"line":4},"1":{"name":"(anonymous_1)","decl":{"start":{"line":15,"column":12},"end":{"line":15,"column":13}},"loc":{"start":{"line":15,"column":18},"end":{"line":23,"column":3}},"line":15},"2":{"name":"(anonymous_2)","decl":{"start":{"line":25,"column":12},"end":{"line":25,"column":13}},"loc":{"start":{"line":25,"column":18},"end":{"line":27,"column":3}},"line":25},"3":{"name":"(anonymous_3)","decl":{"start":{"line":29,"column":24},"end":{"line":29,"column":25}},"loc":{"start":{"line":29,"column":31},"end":{"line":46,"column":3}},"line":29},"4":{"name":"(anonymous_4)","decl":{"start":{"line":48,"column":17},"end":{"line":48,"column":18}},"loc":{"start":{"line":48,"column":28},"end":{"line":48,"column":72}},"line":48},"5":{"name":"(anonymous_5)","decl":{"start":{"line":48,"column":40},"end":{"line":48,"column":41}},"loc":{"start":{"line":48,"column":49},"end":{"line":48,"column":70}},"line":48},"6":{"name":"(anonymous_6)","decl":{"start":{"line":50,"column":21},"end":{"line":50,"column":22}},"loc":{"start":{"line":50,"column":27},"end":{"line":57,"column":3}},"line":50},"7":{"name":"(anonymous_7)","decl":{"start":{"line":59,"column":22},"end":{"line":59,"column":23}},"loc":{"start":{"line":59,"column":28},"end":{"line":62,"column":3}},"line":59},"8":{"name":"(anonymous_8)","decl":{"start":{"line":71,"column":29},"end":{"line":71,"column":30}},"loc":{"start":{"line":71,"column":35},"end":{"line":71,"column":64}},"line":71},"9":{"name":"(anonymous_9)","decl":{"start":{"line":72,"column":29},"end":{"line":72,"column":30}},"loc":{"start":{"line":72,"column":35},"end":{"line":72,"column":65}},"line":72},"10":{"name":"(anonymous_10)","decl":{"start":{"line":73,"column":29},"end":{"line":73,"column":30}},"loc":{"start":{"line":73,"column":35},"end":{"line":73,"column":64}},"line":73},"11":{"name":"(anonymous_11)","decl":{"start":{"line":80,"column":87},"end":{"line":80,"column":88}},"loc":{"start":{"line":80,"column":94},"end":{"line":80,"column":132}},"line":80},"12":{"name":"(anonymous_12)","decl":{"start":{"line":88,"column":95},"end":{"line":88,"column":96}},"loc":{"start":{"line":88,"column":102},"end":{"line":88,"column":144}},"line":88},"13":{"name":"(anonymous_13)","decl":{"start":{"line":96,"column":92},"end":{"line":96,"column":93}},"loc":{"start":{"line":96,"column":99},"end":{"line":96,"column":145}},"line":96},"14":{"name":"(anonymous_14)","decl":{"start":{"line":98,"column":60},"end":{"line":98,"column":61}},"loc":{"start":{"line":98,"column":67},"end":{"line":98,"column":107}},"line":98},"15":{"name":"(anonymous_15)","decl":{"start":{"line":109,"column":51},"end":{"line":109,"column":52}},"loc":{"start":{"line":109,"column":57},"end":{"line":109,"column":102}},"line":109}},"branchMap":{"0":{"loc":{"start":{"line":19,"column":6},"end":{"line":19,"column":44}},"type":"if","locations":[{"start":{"line":19,"column":6},"end":{"line":19,"column":44}},{"start":{},"end":{}}],"line":19},"1":{"loc":{"start":{"line":32,"column":46},"end":{"line":32,"column":75}},"type":"binary-expr","locations":[{"start":{"line":32,"column":46},"end":{"line":32,"column":61}},{"start":{"line":32,"column":65},"end":{"line":32,"column":75}}],"line":32},"2":{"loc":{"start":{"line":35,"column":4},"end":{"line":35,"column":111}},"type":"if","locations":[{"start":{"line":35,"column":4},"end":{"line":35,"column":111}},{"start":{"line":35,"column":67},"end":{"line":35,"column":111}}],"line":35},"3":{"loc":{"start":{"line":38,"column":4},"end":{"line":38,"column":123}},"type":"if","locations":[{"start":{"line":38,"column":4},"end":{"line":38,"column":123}},{"start":{"line":38,"column":75},"end":{"line":38,"column":123}}],"line":38},"4":{"loc":{"start":{"line":41,"column":4},"end":{"line":41,"column":135}},"type":"if","locations":[{"start":{"line":41,"column":4},"end":{"line":41,"column":135}},{"start":{"line":41,"column":83},"end":{"line":41,"column":135}}],"line":41},"5":{"loc":{"start":{"line":45,"column":66},"end":{"line":45,"column":107}},"type":"binary-expr","locations":[{"start":{"line":45,"column":66},"end":{"line":45,"column":89}},{"start":{"line":45,"column":93},"end":{"line":45,"column":107}}],"line":45},"6":{"loc":{"start":{"line":56,"column":4},"end":{"line":56,"column":24}},"type":"binary-expr","locations":[{"start":{"line":56,"column":4},"end":{"line":56,"column":11}},{"start":{"line":56,"column":15},"end":{"line":56,"column":24}}],"line":56},"7":{"loc":{"start":{"line":71,"column":77},"end":{"line":71,"column":122}},"type":"cond-expr","locations":[{"start":{"line":71,"column":109},"end":{"line":71,"column":117}},{"start":{"line":71,"column":120},"end":{"line":71,"column":122}}],"line":71},"8":{"loc":{"start":{"line":72,"column":78},"end":{"line":72,"column":124}},"type":"cond-expr","locations":[{"start":{"line":72,"column":111},"end":{"line":72,"column":119}},{"start":{"line":72,"column":122},"end":{"line":72,"column":124}}],"line":72},"9":{"loc":{"start":{"line":73,"column":77},"end":{"line":73,"column":122}},"type":"cond-expr","locations":[{"start":{"line":73,"column":109},"end":{"line":73,"column":117}},{"start":{"line":73,"column":120},"end":{"line":73,"column":122}}],"line":73},"10":{"loc":{"start":{"line":109,"column":59},"end":{"line":109,"column":79}},"type":"binary-expr","locations":[{"start":{"line":109,"column":59},"end":{"line":109,"column":66}},{"start":{"line":109,"column":70},"end":{"line":109,"column":79}}],"line":109},"11":{"loc":{"start":{"line":109,"column":81},"end":{"line":109,"column":99}},"type":"binary-expr","locations":[{"start":{"line":109,"column":81},"end":{"line":109,"column":87}},{"start":{"line":109,"column":91},"end":{"line":109,"column":99}}],"line":109}},"s":{"0":3,"1":3,"2":3,"3":1,"4":1,"5":1,"6":0,"7":0,"8":3,"9":3,"10":3,"11":3,"12":3,"13":3,"14":2,"15":1,"16":3,"17":0,"18":3,"19":3,"20":0,"21":3,"22":3,"23":3,"24":3,"25":2,"26":2,"27":3,"28":1,"29":1,"30":0,"31":1,"32":3,"33":0,"34":0,"35":0,"36":3,"37":0,"38":0,"39":0,"40":1,"41":0,"42":0,"43":1,"44":0,"45":0},"f":{"0":3,"1":1,"2":3,"3":3,"4":2,"5":2,"6":1,"7":0,"8":0,"9":0,"10":0,"11":1,"12":0,"13":0,"14":1,"15":0},"b":{"0":[0,1],"1":[3,0],"2":[2,1],"3":[0,3],"4":[0,3],"5":[3,0],"6":[1,1],"7":[0,3],"8":[3,0],"9":[0,3],"10":[0,0],"11":[0,0]},"_coverageSchema":"1a1c01bbd47fc00a2c39e90264f33305004495a9","hash":"5c41f6b50d9e31430098227052dde19d56b9e86f"}
,"/home/rcsmqm/Downloads/School/Cs4090/Project/NextFlix---CS4090-Project/frontend/src/components/BugReportPage.js": {"path":"/home/rcsmqm/Downloads/School/Cs4090/Project/NextFlix---CS4090-Project/frontend/src/components/BugReportPage.js","statementMap":{"0":{"start":{"line":5,"column":32},"end":{"line":5,"column":44}},"1":{"start":{"line":6,"column":40},"end":{"line":6,"column":52}},"2":{"start":{"line":7,"column":38},"end":{"line":7,"column":53}},"3":{"start":{"line":8,"column":30},"end":{"line":8,"column":44}},"4":{"start":{"line":10,"column":2},"end":{"line":13,"column":9}},"5":{"start":{"line":11,"column":15},"end":{"line":11,"column":55}},"6":{"start":{"line":12,"column":4},"end":{"line":12,"column":26}},"7":{"start":{"line":12,"column":12},"end":{"line":12,"column":26}},"8":{"start":{"line":15,"column":23},"end":{"line":51,"column":3}},"9":{"start":{"line":16,"column":4},"end":{"line":16,"column":23}},"10":{"start":{"line":17,"column":4},"end":{"line":20,"column":5}},"11":{"start":{"line":18,"column":6},"end":{"line":18,"column":64}},"12":{"start":{"line":19,"column":6},"end":{"line":19,"column":13}},"13":{"start":{"line":22,"column":20},"end":{"line":26,"column":5}},"14":{"start":{"line":28,"column":4},"end":{"line":28,"column":24}},"15":{"start":{"line":29,"column":4},"end":{"line":50,"column":5}},"16":{"start":{"line":30,"column":18},"end":{"line":34,"column":8}},"17":{"start":{"line":36,"column":19},"end":{"line":36,"column":35}},"18":{"start":{"line":37,"column":6},"end":{"line":44,"column":7}},"19":{"start":{"line":38,"column":8},"end":{"line":38,"column":45}},"20":{"start":{"line":39,"column":8},"end":{"line":39,"column":76}},"21":{"start":{"line":41,"column":8},"end":{"line":41,"column":56}},"22":{"start":{"line":42,"column":8},"end":{"line":42,"column":23}},"23":{"start":{"line":43,"column":8},"end":{"line":43,"column":27}},"24":{"start":{"line":46,"column":6},"end":{"line":46,"column":52}},"25":{"start":{"line":47,"column":6},"end":{"line":47,"column":65}},"26":{"start":{"line":49,"column":6},"end":{"line":49,"column":27}},"27":{"start":{"line":53,"column":2},"end":{"line":75,"column":4}},"28":{"start":{"line":61,"column":78},"end":{"line":61,"column":104}},"29":{"start":{"line":66,"column":93},"end":{"line":66,"column":123}}},"fnMap":{"0":{"name":"BugReportPage","decl":{"start":{"line":4,"column":9},"end":{"line":4,"column":22}},"loc":{"start":{"line":4,"column":35},"end":{"line":76,"column":1}},"line":4},"1":{"name":"(anonymous_1)","decl":{"start":{"line":10,"column":12},"end":{"line":10,"column":13}},"loc":{"start":{"line":10,"column":18},"end":{"line":13,"column":3}},"line":10},"2":{"name":"(anonymous_2)","decl":{"start":{"line":15,"column":23},"end":{"line":15,"column":24}},"loc":{"start":{"line":15,"column":36},"end":{"line":51,"column":3}},"line":15},"3":{"name":"(anonymous_3)","decl":{"start":{"line":61,"column":71},"end":{"line":61,"column":72}},"loc":{"start":{"line":61,"column":78},"end":{"line":61,"column":104}},"line":61},"4":{"name":"(anonymous_4)","decl":{"start":{"line":66,"column":86},"end":{"line":66,"column":87}},"loc":{"start":{"line":66,"column":93},"end":{"line":66,"column":123}},"line":66}},"branchMap":{"0":{"loc":{"start":{"line":12,"column":4},"end":{"line":12,"column":26}},"type":"if","locations":[{"start":{"line":12,"column":4},"end":{"line":12,"column":26}},{"start":{},"end":{}}],"line":12},"1":{"loc":{"start":{"line":17,"column":4},"end":{"line":20,"column":5}},"type":"if","locations":[{"start":{"line":17,"column":4},"end":{"line":20,"column":5}},{"start":{},"end":{}}],"line":17},"2":{"loc":{"start":{"line":17,"column":8},"end":{"line":17,"column":46}},"type":"binary-expr","locations":[{"start":{"line":17,"column":8},"end":{"line":17,"column":23}},{"start":{"line":17,"column":27},"end":{"line":17,"column":46}}],"line":17},"3":{"loc":{"start":{"line":37,"column":6},"end":{"line":44,"column":7}},"type":"if","locations":[{"start":{"line":37,"column":6},"end":{"line":44,"column":7}},{"start":{"line":40,"column":13},"end":{"line":44,"column":7}}],"line":37},"4":{"loc":{"start":{"line":39,"column":45},"end":{"line":39,"column":73}},"type":"binary-expr","locations":[{"start":{"line":39,"column":45},"end":{"line":39,"column":55}},{"start":{"line":39,"column":59},"end":{"line":39,"column":73}}],"line":39},"5":{"loc":{"start":{"line":70,"column":81},"end":{"line":70,"column":127}},"type":"cond-expr","locations":[{"start":{"line":70,"column":94},"end":{"line":70,"column":109}},{"start":{"line":70,"column":112},"end":{"line":70,"column":127}}],"line":70}},"s":{"0":5,"1":5,"2":5,"3":5,"4":5,"5":1,"6":1,"7":0,"8":5,"9":1,"10":1,"11":0,"12":0,"13":1,"14":1,"15":1,"16":1,"17":1,"18":1,"19":0,"20":0,"21":1,"22":1,"23":1,"24":0,"25":0,"26":1,"27":5,"28":1,"29":1},"f":{"0":5,"1":1,"2":1,"3":1,"4":1},"b":{"0":[0,1],"1":[0,1],"2":[1,1],"3":[0,1],"4":[0,0],"5":[1,4]},"_coverageSchema":"1a1c01bbd47fc00a2c39e90264f33305004495a9","hash":"78cdf8fa2d696b0d60b39b88baa58eba4df759ad"}
,"/home/rcsmqm/Downloads/School/Cs4090/Project/NextFlix---CS4090-Project/frontend/src/components/MovieInputForm.js": {"path":"/home/rcsmqm/Downloads/School/Cs4090/Project/NextFlix---CS4090-Project/frontend/src/components/MovieInputForm.js","statementMap":{"0":{"start":{"line":6,"column":28},"end":{"line":6,"column":40}},"1":{"start":{"line":7,"column":38},"end":{"line":7,"column":55}},"2":{"start":{"line":9,"column":23},"end":{"line":14,"column":3}},"3":{"start":{"line":10,"column":4},"end":{"line":10,"column":23}},"4":{"start":{"line":11,"column":4},"end":{"line":13,"column":5}},"5":{"start":{"line":12,"column":6},"end":{"line":12,"column":34}},"6":{"start":{"line":16,"column":2},"end":{"line":49,"column":4}},"7":{"start":{"line":24,"column":27},"end":{"line":24,"column":56}},"8":{"start":{"line":39,"column":27},"end":{"line":39,"column":51}}},"fnMap":{"0":{"name":"MovieInputForm","decl":{"start":{"line":5,"column":9},"end":{"line":5,"column":23}},"loc":{"start":{"line":5,"column":47},"end":{"line":50,"column":1}},"line":5},"1":{"name":"(anonymous_1)","decl":{"start":{"line":9,"column":23},"end":{"line":9,"column":24}},"loc":{"start":{"line":9,"column":30},"end":{"line":14,"column":3}},"line":9},"2":{"name":"(anonymous_2)","decl":{"start":{"line":24,"column":20},"end":{"line":24,"column":21}},"loc":{"start":{"line":24,"column":27},"end":{"line":24,"column":56}},"line":24},"3":{"name":"(anonymous_3)","decl":{"start":{"line":39,"column":20},"end":{"line":39,"column":21}},"loc":{"start":{"line":39,"column":27},"end":{"line":39,"column":51}},"line":39}},"branchMap":{"0":{"loc":{"start":{"line":11,"column":4},"end":{"line":13,"column":5}},"type":"if","locations":[{"start":{"line":11,"column":4},"end":{"line":13,"column":5}},{"start":{},"end":{}}],"line":11},"1":{"loc":{"start":{"line":11,"column":8},"end":{"line":11,"column":32}},"type":"binary-expr","locations":[{"start":{"line":11,"column":8},"end":{"line":11,"column":20}},{"start":{"line":11,"column":24},"end":{"line":11,"column":32}}],"line":11},"2":{"loc":{"start":{"line":46,"column":9},"end":{"line":46,"column":55}},"type":"cond-expr","locations":[{"start":{"line":46,"column":19},"end":{"line":46,"column":31}},{"start":{"line":46,"column":34},"end":{"line":46,"column":55}}],"line":46}},"s":{"0":8,"1":8,"2":8,"3":1,"4":1,"5":1,"6":8,"7":1,"8":1},"f":{"0":8,"1":1,"2":1,"3":1},"b":{"0":[1,0],"1":[1,1],"2":[1,7]},"_coverageSchema":"1a1c01bbd47fc00a2c39e90264f33305004495a9","hash":"e30fbdf3f299eaabbf699deadccd1af6a5e26ab7"}
,"/home/rcsmqm/Downloads/School/Cs4090/Project/NextFlix---CS4090-Project/frontend/src/components/ProfilePage.js": {"path":"/home/rcsmqm/Downloads/School/Cs4090/Project/NextFlix---CS4090-Project/frontend/src/components/ProfilePage.js","statementMap":{"0":{"start":{"line":5,"column":30},"end":{"line":5,"column":44}},"1":{"start":{"line":6,"column":32},"end":{"line":6,"column":46}},"2":{"start":{"line":7,"column":30},"end":{"line":7,"column":45}},"3":{"start":{"line":8,"column":40},"end":{"line":13,"column":4}},"4":{"start":{"line":14,"column":32},"end":{"line":14,"column":95}},"5":{"start":{"line":15,"column":38},"end":{"line":15,"column":50}},"6":{"start":{"line":16,"column":44},"end":{"line":16,"column":56}},"7":{"start":{"line":17,"column":38},"end":{"line":17,"column":50}},"8":{"start":{"line":18,"column":34},"end":{"line":18,"column":46}},"9":{"start":{"line":20,"column":2},"end":{"line":41,"column":9}},"10":{"start":{"line":21,"column":15},"end":{"line":21,"column":55}},"11":{"start":{"line":22,"column":4},"end":{"line":26,"column":5}},"12":{"start":{"line":23,"column":6},"end":{"line":23,"column":24}},"13":{"start":{"line":24,"column":6},"end":{"line":24,"column":22}},"14":{"start":{"line":25,"column":6},"end":{"line":25,"column":13}},"15":{"start":{"line":27,"column":4},"end":{"line":27,"column":18}},"16":{"start":{"line":28,"column":4},"end":{"line":28,"column":21}},"17":{"start":{"line":30,"column":25},"end":{"line":39,"column":5}},"18":{"start":{"line":31,"column":6},"end":{"line":38,"column":7}},"19":{"start":{"line":32,"column":20},"end":{"line":32,"column":72}},"20":{"start":{"line":33,"column":8},"end":{"line":33,"column":28}},"21":{"start":{"line":33,"column":21},"end":{"line":33,"column":28}},"22":{"start":{"line":34,"column":21},"end":{"line":34,"column":37}},"23":{"start":{"line":35,"column":8},"end":{"line":35,"column":25}},"24":{"start":{"line":37,"column":8},"end":{"line":37,"column":61}},"25":{"start":{"line":40,"column":4},"end":{"line":40,"column":19}},"26":{"start":{"line":43,"column":23},"end":{"line":75,"column":3}},"27":{"start":{"line":44,"column":4},"end":{"line":44,"column":21}},"28":{"start":{"line":45,"column":4},"end":{"line":74,"column":5}},"29":{"start":{"line":46,"column":31},"end":{"line":49,"column":8}},"30":{"start":{"line":51,"column":6},"end":{"line":62,"column":7}},"31":{"start":{"line":52,"column":25},"end":{"line":52,"column":45}},"32":{"start":{"line":53,"column":22},"end":{"line":53,"column":48}},"33":{"start":{"line":54,"column":8},"end":{"line":59,"column":11}},"34":{"start":{"line":61,"column":8},"end":{"line":61,"column":78}},"35":{"start":{"line":64,"column":6},"end":{"line":69,"column":7}},"36":{"start":{"line":65,"column":23},"end":{"line":65,"column":41}},"37":{"start":{"line":66,"column":8},"end":{"line":66,"column":43}},"38":{"start":{"line":68,"column":8},"end":{"line":68,"column":24}},"39":{"start":{"line":71,"column":6},"end":{"line":71,"column":52}},"40":{"start":{"line":73,"column":6},"end":{"line":73,"column":24}},"41":{"start":{"line":77,"column":23},"end":{"line":85,"column":3}},"42":{"start":{"line":78,"column":47},"end":{"line":78,"column":55}},"43":{"start":{"line":79,"column":4},"end":{"line":84,"column":5}},"44":{"start":{"line":80,"column":21},"end":{"line":80,"column":82}},"45":{"start":{"line":80,"column":53},"end":{"line":80,"column":63}},"46":{"start":{"line":80,"column":74},"end":{"line":80,"column":81}},"47":{"start":{"line":81,"column":6},"end":{"line":81,"column":60}},"48":{"start":{"line":81,"column":30},"end":{"line":81,"column":57}},"49":{"start":{"line":83,"column":6},"end":{"line":83,"column":59}},"50":{"start":{"line":83,"column":30},"end":{"line":83,"column":56}},"51":{"start":{"line":87,"column":26},"end":{"line":90,"column":3}},"52":{"start":{"line":88,"column":4},"end":{"line":88,"column":22}},"53":{"start":{"line":88,"column":12},"end":{"line":88,"column":22}},"54":{"start":{"line":89,"column":4},"end":{"line":89,"column":59}},"55":{"start":{"line":89,"column":33},"end":{"line":89,"column":41}},"56":{"start":{"line":92,"column":20},"end":{"line":98,"column":3}},"57":{"start":{"line":93,"column":4},"end":{"line":93,"column":27}},"58":{"start":{"line":93,"column":16},"end":{"line":93,"column":27}},"59":{"start":{"line":94,"column":20},"end":{"line":94,"column":32}},"60":{"start":{"line":95,"column":4},"end":{"line":95,"column":29}},"61":{"start":{"line":95,"column":18},"end":{"line":95,"column":29}},"62":{"start":{"line":96,"column":4},"end":{"line":96,"column":77}},"63":{"start":{"line":96,"column":22},"end":{"line":96,"column":63}},"64":{"start":{"line":96,"column":66},"end":{"line":96,"column":77}},"65":{"start":{"line":97,"column":4},"end":{"line":97,"column":29}},"66":{"start":{"line":100,"column":19},"end":{"line":100,"column":64}},"67":{"start":{"line":100,"column":33},"end":{"line":100,"column":64}},"68":{"start":{"line":100,"column":54},"end":{"line":100,"column":63}},"69":{"start":{"line":102,"column":19},"end":{"line":111,"column":3}},"70":{"start":{"line":103,"column":4},"end":{"line":103,"column":28}},"71":{"start":{"line":103,"column":21},"end":{"line":103,"column":28}},"72":{"start":{"line":104,"column":18},"end":{"line":104,"column":95}},"73":{"start":{"line":104,"column":43},"end":{"line":104,"column":94}},"74":{"start":{"line":105,"column":4},"end":{"line":108,"column":5}},"75":{"start":{"line":106,"column":6},"end":{"line":106,"column":59}},"76":{"start":{"line":107,"column":6},"end":{"line":107,"column":13}},"77":{"start":{"line":109,"column":4},"end":{"line":109,"column":81}},"78":{"start":{"line":109,"column":28},"end":{"line":109,"column":78}},"79":{"start":{"line":110,"column":4},"end":{"line":110,"column":22}},"80":{"start":{"line":113,"column":22},"end":{"line":122,"column":3}},"81":{"start":{"line":114,"column":4},"end":{"line":114,"column":31}},"82":{"start":{"line":114,"column":24},"end":{"line":114,"column":31}},"83":{"start":{"line":115,"column":18},"end":{"line":115,"column":101}},"84":{"start":{"line":115,"column":46},"end":{"line":115,"column":100}},"85":{"start":{"line":116,"column":4},"end":{"line":119,"column":5}},"86":{"start":{"line":117,"column":6},"end":{"line":117,"column":62}},"87":{"start":{"line":118,"column":6},"end":{"line":118,"column":13}},"88":{"start":{"line":120,"column":4},"end":{"line":120,"column":87}},"89":{"start":{"line":120,"column":28},"end":{"line":120,"column":84}},"90":{"start":{"line":121,"column":4},"end":{"line":121,"column":25}},"91":{"start":{"line":124,"column":19},"end":{"line":133,"column":3}},"92":{"start":{"line":125,"column":4},"end":{"line":125,"column":28}},"93":{"start":{"line":125,"column":21},"end":{"line":125,"column":28}},"94":{"start":{"line":126,"column":18},"end":{"line":126,"column":95}},"95":{"start":{"line":126,"column":43},"end":{"line":126,"column":94}},"96":{"start":{"line":127,"column":4},"end":{"line":130,"column":5}},"97":{"start":{"line":128,"column":6},"end":{"line":128,"column":60}},"98":{"start":{"line":129,"column":6},"end":{"line":129,"column":13}},"99":{"start":{"line":131,"column":4},"end":{"line":131,"column":81}},"100":{"start":{"line":131,"column":28},"end":{"line":131,"column":78}},"101":{"start":{"line":132,"column":4},"end":{"line":132,"column":22}},"102":{"start":{"line":135,"column":32},"end":{"line":173,"column":3}},"103":{"start":{"line":136,"column":4},"end":{"line":136,"column":23}},"104":{"start":{"line":137,"column":4},"end":{"line":140,"column":5}},"105":{"start":{"line":138,"column":6},"end":{"line":138,"column":83}},"106":{"start":{"line":139,"column":6},"end":{"line":139,"column":13}},"107":{"start":{"line":142,"column":20},"end":{"line":150,"column":5}},"108":{"start":{"line":152,"column":4},"end":{"line":152,"column":20}},"109":{"start":{"line":153,"column":4},"end":{"line":172,"column":5}},"110":{"start":{"line":154,"column":18},"end":{"line":158,"column":8}},"111":{"start":{"line":159,"column":19},"end":{"line":159,"column":35}},"112":{"start":{"line":160,"column":6},"end":{"line":166,"column":7}},"113":{"start":{"line":161,"column":8},"end":{"line":161,"column":43}},"114":{"start":{"line":162,"column":8},"end":{"line":162,"column":45}},"115":{"start":{"line":164,"column":8},"end":{"line":164,"column":36}},"116":{"start":{"line":165,"column":8},"end":{"line":165,"column":29}},"117":{"start":{"line":168,"column":6},"end":{"line":168,"column":25}},"118":{"start":{"line":169,"column":6},"end":{"line":169,"column":54}},"119":{"start":{"line":171,"column":6},"end":{"line":171,"column":23}},"120":{"start":{"line":176,"column":40},"end":{"line":176,"column":84}},"121":{"start":{"line":178,"column":34},"end":{"line":181,"column":3}},"122":{"start":{"line":179,"column":28},"end":{"line":179,"column":36}},"123":{"start":{"line":180,"column":4},"end":{"line":180,"column":57}},"124":{"start":{"line":180,"column":28},"end":{"line":180,"column":54}},"125":{"start":{"line":183,"column":28},"end":{"line":220,"column":3}},"126":{"start":{"line":184,"column":4},"end":{"line":184,"column":23}},"127":{"start":{"line":185,"column":4},"end":{"line":188,"column":5}},"128":{"start":{"line":186,"column":6},"end":{"line":186,"column":42}},"129":{"start":{"line":187,"column":6},"end":{"line":187,"column":13}},"130":{"start":{"line":189,"column":4},"end":{"line":192,"column":5}},"131":{"start":{"line":190,"column":6},"end":{"line":190,"column":45}},"132":{"start":{"line":191,"column":6},"end":{"line":191,"column":13}},"133":{"start":{"line":194,"column":20},"end":{"line":199,"column":5}},"134":{"start":{"line":201,"column":4},"end":{"line":219,"column":5}},"135":{"start":{"line":202,"column":18},"end":{"line":206,"column":8}},"136":{"start":{"line":207,"column":19},"end":{"line":207,"column":35}},"137":{"start":{"line":208,"column":6},"end":{"line":215,"column":7}},"138":{"start":{"line":209,"column":8},"end":{"line":209,"column":52}},"139":{"start":{"line":210,"column":8},"end":{"line":210,"column":42}},"140":{"start":{"line":212,"column":8},"end":{"line":212,"column":33}},"141":{"start":{"line":213,"column":8},"end":{"line":213,"column":59}},"142":{"start":{"line":214,"column":8},"end":{"line":214,"column":29}},"143":{"start":{"line":217,"column":6},"end":{"line":217,"column":25}},"144":{"start":{"line":218,"column":6},"end":{"line":218,"column":38}},"145":{"start":{"line":222,"column":2},"end":{"line":222,"column":52}},"146":{"start":{"line":222,"column":15},"end":{"line":222,"column":52}},"147":{"start":{"line":223,"column":2},"end":{"line":229,"column":4}},"148":{"start":{"line":223,"column":15},"end":{"line":229,"column":4}},"149":{"start":{"line":231,"column":2},"end":{"line":368,"column":4}},"150":{"start":{"line":245,"column":31},"end":{"line":245,"column":60}},"151":{"start":{"line":249,"column":16},"end":{"line":249,"column":44}},"152":{"start":{"line":257,"column":14},"end":{"line":260,"column":21}},"153":{"start":{"line":259,"column":77},"end":{"line":259,"column":148}},"154":{"start":{"line":259,"column":101},"end":{"line":259,"column":146}},"155":{"start":{"line":269,"column":14},"end":{"line":269,"column":54}},"156":{"start":{"line":282,"column":31},"end":{"line":282,"column":63}},"157":{"start":{"line":286,"column":16},"end":{"line":286,"column":44}},"158":{"start":{"line":294,"column":14},"end":{"line":297,"column":21}},"159":{"start":{"line":296,"column":77},"end":{"line":296,"column":154}},"160":{"start":{"line":296,"column":101},"end":{"line":296,"column":152}},"161":{"start":{"line":310,"column":31},"end":{"line":310,"column":60}},"162":{"start":{"line":314,"column":16},"end":{"line":314,"column":44}},"163":{"start":{"line":322,"column":14},"end":{"line":325,"column":21}},"164":{"start":{"line":324,"column":77},"end":{"line":324,"column":148}},"165":{"start":{"line":324,"column":101},"end":{"line":324,"column":146}},"166":{"start":{"line":343,"column":12},"end":{"line":346,"column":17}}},"fnMap":{"0":{"name":"ProfilePage","decl":{"start":{"line":4,"column":9},"end":{"line":4,"column":20}},"loc":{"start":{"line":4,"column":33},"end":{"line":369,"column":1}},"line":4},"1":{"name":"(anonymous_1)","decl":{"start":{"line":20,"column":12},"end":{"line":20,"column":13}},"loc":{"start":{"line":20,"column":18},"end":{"line":41,"column":3}},"line":20},"2":{"name":"(anonymous_2)","decl":{"start":{"line":30,"column":25},"end":{"line":30,"column":26}},"loc":{"start":{"line":30,"column":37},"end":{"line":39,"column":5}},"line":30},"3":{"name":"(anonymous_3)","decl":{"start":{"line":43,"column":23},"end":{"line":43,"column":24}},"loc":{"start":{"line":43,"column":37},"end":{"line":75,"column":3}},"line":43},"4":{"name":"(anonymous_4)","decl":{"start":{"line":77,"column":23},"end":{"line":77,"column":24}},"loc":{"start":{"line":77,"column":30},"end":{"line":85,"column":3}},"line":77},"5":{"name":"(anonymous_5)","decl":{"start":{"line":80,"column":48},"end":{"line":80,"column":49}},"loc":{"start":{"line":80,"column":53},"end":{"line":80,"column":63}},"line":80},"6":{"name":"(anonymous_6)","decl":{"start":{"line":80,"column":69},"end":{"line":80,"column":70}},"loc":{"start":{"line":80,"column":74},"end":{"line":80,"column":81}},"line":80},"7":{"name":"(anonymous_7)","decl":{"start":{"line":81,"column":21},"end":{"line":81,"column":22}},"loc":{"start":{"line":81,"column":30},"end":{"line":81,"column":57}},"line":81},"8":{"name":"(anonymous_8)","decl":{"start":{"line":83,"column":21},"end":{"line":83,"column":22}},"loc":{"start":{"line":83,"column":30},"end":{"line":83,"column":56}},"line":83},"9":{"name":"(anonymous_9)","decl":{"start":{"line":87,"column":26},"end":{"line":87,"column":27}},"loc":{"start":{"line":87,"column":33},"end":{"line":90,"column":3}},"line":87},"10":{"name":"(anonymous_10)","decl":{"start":{"line":89,"column":28},"end":{"line":89,"column":29}},"loc":{"start":{"line":89,"column":33},"end":{"line":89,"column":41}},"line":89},"11":{"name":"(anonymous_11)","decl":{"start":{"line":92,"column":20},"end":{"line":92,"column":21}},"loc":{"start":{"line":92,"column":36},"end":{"line":98,"column":3}},"line":92},"12":{"name":"(anonymous_12)","decl":{"start":{"line":96,"column":17},"end":{"line":96,"column":18}},"loc":{"start":{"line":96,"column":22},"end":{"line":96,"column":63}},"line":96},"13":{"name":"(anonymous_13)","decl":{"start":{"line":100,"column":19},"end":{"line":100,"column":20}},"loc":{"start":{"line":100,"column":33},"end":{"line":100,"column":64}},"line":100},"14":{"name":"(anonymous_14)","decl":{"start":{"line":100,"column":44},"end":{"line":100,"column":45}},"loc":{"start":{"line":100,"column":54},"end":{"line":100,"column":63}},"line":100},"15":{"name":"(anonymous_15)","decl":{"start":{"line":102,"column":19},"end":{"line":102,"column":20}},"loc":{"start":{"line":102,"column":25},"end":{"line":111,"column":3}},"line":102},"16":{"name":"(anonymous_16)","decl":{"start":{"line":104,"column":38},"end":{"line":104,"column":39}},"loc":{"start":{"line":104,"column":43},"end":{"line":104,"column":94}},"line":104},"17":{"name":"(anonymous_17)","decl":{"start":{"line":109,"column":19},"end":{"line":109,"column":20}},"loc":{"start":{"line":109,"column":28},"end":{"line":109,"column":78}},"line":109},"18":{"name":"(anonymous_18)","decl":{"start":{"line":113,"column":22},"end":{"line":113,"column":23}},"loc":{"start":{"line":113,"column":28},"end":{"line":122,"column":3}},"line":113},"19":{"name":"(anonymous_19)","decl":{"start":{"line":115,"column":41},"end":{"line":115,"column":42}},"loc":{"start":{"line":115,"column":46},"end":{"line":115,"column":100}},"line":115},"20":{"name":"(anonymous_20)","decl":{"start":{"line":120,"column":19},"end":{"line":120,"column":20}},"loc":{"start":{"line":120,"column":28},"end":{"line":120,"column":84}},"line":120},"21":{"name":"(anonymous_21)","decl":{"start":{"line":124,"column":19},"end":{"line":124,"column":20}},"loc":{"start":{"line":124,"column":25},"end":{"line":133,"column":3}},"line":124},"22":{"name":"(anonymous_22)","decl":{"start":{"line":126,"column":38},"end":{"line":126,"column":39}},"loc":{"start":{"line":126,"column":43},"end":{"line":126,"column":94}},"line":126},"23":{"name":"(anonymous_23)","decl":{"start":{"line":131,"column":19},"end":{"line":131,"column":20}},"loc":{"start":{"line":131,"column":28},"end":{"line":131,"column":78}},"line":131},"24":{"name":"(anonymous_24)","decl":{"start":{"line":135,"column":32},"end":{"line":135,"column":33}},"loc":{"start":{"line":135,"column":45},"end":{"line":173,"column":3}},"line":135},"25":{"name":"(anonymous_25)","decl":{"start":{"line":178,"column":34},"end":{"line":178,"column":35}},"loc":{"start":{"line":178,"column":41},"end":{"line":181,"column":3}},"line":178},"26":{"name":"(anonymous_26)","decl":{"start":{"line":180,"column":19},"end":{"line":180,"column":20}},"loc":{"start":{"line":180,"column":28},"end":{"line":180,"column":54}},"line":180},"27":{"name":"(anonymous_27)","decl":{"start":{"line":183,"column":28},"end":{"line":183,"column":29}},"loc":{"start":{"line":183,"column":41},"end":{"line":220,"column":3}},"line":183},"28":{"name":"(anonymous_28)","decl":{"start":{"line":245,"column":24},"end":{"line":245,"column":25}},"loc":{"start":{"line":245,"column":31},"end":{"line":245,"column":60}},"line":245},"29":{"name":"(anonymous_29)","decl":{"start":{"line":248,"column":52},"end":{"line":248,"column":53}},"loc":{"start":{"line":249,"column":16},"end":{"line":249,"column":44}},"line":249},"30":{"name":"(anonymous_30)","decl":{"start":{"line":256,"column":36},"end":{"line":256,"column":37}},"loc":{"start":{"line":257,"column":14},"end":{"line":260,"column":21}},"line":257},"31":{"name":"(anonymous_31)","decl":{"start":{"line":259,"column":71},"end":{"line":259,"column":72}},"loc":{"start":{"line":259,"column":77},"end":{"line":259,"column":148}},"line":259},"32":{"name":"(anonymous_32)","decl":{"start":{"line":259,"column":92},"end":{"line":259,"column":93}},"loc":{"start":{"line":259,"column":101},"end":{"line":259,"column":146}},"line":259},"33":{"name":"(anonymous_33)","decl":{"start":{"line":268,"column":50},"end":{"line":268,"column":51}},"loc":{"start":{"line":269,"column":14},"end":{"line":269,"column":54}},"line":269},"34":{"name":"(anonymous_34)","decl":{"start":{"line":282,"column":24},"end":{"line":282,"column":25}},"loc":{"start":{"line":282,"column":31},"end":{"line":282,"column":63}},"line":282},"35":{"name":"(anonymous_35)","decl":{"start":{"line":285,"column":58},"end":{"line":285,"column":59}},"loc":{"start":{"line":286,"column":16},"end":{"line":286,"column":44}},"line":286},"36":{"name":"(anonymous_36)","decl":{"start":{"line":293,"column":39},"end":{"line":293,"column":40}},"loc":{"start":{"line":294,"column":14},"end":{"line":297,"column":21}},"line":294},"37":{"name":"(anonymous_37)","decl":{"start":{"line":296,"column":71},"end":{"line":296,"column":72}},"loc":{"start":{"line":296,"column":77},"end":{"line":296,"column":154}},"line":296},"38":{"name":"(anonymous_38)","decl":{"start":{"line":296,"column":92},"end":{"line":296,"column":93}},"loc":{"start":{"line":296,"column":101},"end":{"line":296,"column":152}},"line":296},"39":{"name":"(anonymous_39)","decl":{"start":{"line":310,"column":24},"end":{"line":310,"column":25}},"loc":{"start":{"line":310,"column":31},"end":{"line":310,"column":60}},"line":310},"40":{"name":"(anonymous_40)","decl":{"start":{"line":313,"column":52},"end":{"line":313,"column":53}},"loc":{"start":{"line":314,"column":16},"end":{"line":314,"column":44}},"line":314},"41":{"name":"(anonymous_41)","decl":{"start":{"line":321,"column":36},"end":{"line":321,"column":37}},"loc":{"start":{"line":322,"column":14},"end":{"line":325,"column":21}},"line":322},"42":{"name":"(anonymous_42)","decl":{"start":{"line":324,"column":71},"end":{"line":324,"column":72}},"loc":{"start":{"line":324,"column":77},"end":{"line":324,"column":148}},"line":324},"43":{"name":"(anonymous_43)","decl":{"start":{"line":324,"column":92},"end":{"line":324,"column":93}},"loc":{"start":{"line":324,"column":101},"end":{"line":324,"column":146}},"line":324},"44":{"name":"(anonymous_44)","decl":{"start":{"line":342,"column":24},"end":{"line":342,"column":25}},"loc":{"start":{"line":343,"column":12},"end":{"line":346,"column":17}},"line":343}},"branchMap":{"0":{"loc":{"start":{"line":22,"column":4},"end":{"line":26,"column":5}},"type":"if","locations":[{"start":{"line":22,"column":4},"end":{"line":26,"column":5}},{"start":{},"end":{}}],"line":22},"1":{"loc":{"start":{"line":33,"column":8},"end":{"line":33,"column":28}},"type":"if","locations":[{"start":{"line":33,"column":8},"end":{"line":33,"column":28}},{"start":{},"end":{}}],"line":33},"2":{"loc":{"start":{"line":51,"column":6},"end":{"line":62,"column":7}},"type":"if","locations":[{"start":{"line":51,"column":6},"end":{"line":62,"column":7}},{"start":{"line":60,"column":13},"end":{"line":62,"column":7}}],"line":51},"3":{"loc":{"start":{"line":53,"column":22},"end":{"line":53,"column":48}},"type":"binary-expr","locations":[{"start":{"line":53,"column":22},"end":{"line":53,"column":42}},{"start":{"line":53,"column":46},"end":{"line":53,"column":48}}],"line":53},"4":{"loc":{"start":{"line":55,"column":18},"end":{"line":55,"column":36}},"type":"binary-expr","locations":[{"start":{"line":55,"column":18},"end":{"line":55,"column":30}},{"start":{"line":55,"column":34},"end":{"line":55,"column":36}}],"line":55},"5":{"loc":{"start":{"line":56,"column":18},"end":{"line":56,"column":36}},"type":"binary-expr","locations":[{"start":{"line":56,"column":18},"end":{"line":56,"column":30}},{"start":{"line":56,"column":34},"end":{"line":56,"column":36}}],"line":56},"6":{"loc":{"start":{"line":57,"column":21},"end":{"line":57,"column":42}},"type":"binary-expr","locations":[{"start":{"line":57,"column":21},"end":{"line":57,"column":36}},{"start":{"line":57,"column":40},"end":{"line":57,"column":42}}],"line":57},"7":{"loc":{"start":{"line":58,"column":18},"end":{"line":58,"column":36}},"type":"binary-expr","locations":[{"start":{"line":58,"column":18},"end":{"line":58,"column":30}},{"start":{"line":58,"column":34},"end":{"line":58,"column":36}}],"line":58},"8":{"loc":{"start":{"line":64,"column":6},"end":{"line":69,"column":7}},"type":"if","locations":[{"start":{"line":64,"column":6},"end":{"line":69,"column":7}},{"start":{"line":67,"column":13},"end":{"line":69,"column":7}}],"line":64},"9":{"loc":{"start":{"line":66,"column":20},"end":{"line":66,"column":41}},"type":"binary-expr","locations":[{"start":{"line":66,"column":20},"end":{"line":66,"column":35}},{"start":{"line":66,"column":39},"end":{"line":66,"column":41}}],"line":66},"10":{"loc":{"start":{"line":79,"column":4},"end":{"line":84,"column":5}},"type":"if","locations":[{"start":{"line":79,"column":4},"end":{"line":84,"column":5}},{"start":{"line":82,"column":11},"end":{"line":84,"column":5}}],"line":79},"11":{"loc":{"start":{"line":88,"column":4},"end":{"line":88,"column":22}},"type":"if","locations":[{"start":{"line":88,"column":4},"end":{"line":88,"column":22}},{"start":{},"end":{}}],"line":88},"12":{"loc":{"start":{"line":93,"column":4},"end":{"line":93,"column":27}},"type":"if","locations":[{"start":{"line":93,"column":4},"end":{"line":93,"column":27}},{"start":{},"end":{}}],"line":93},"13":{"loc":{"start":{"line":95,"column":4},"end":{"line":95,"column":29}},"type":"if","locations":[{"start":{"line":95,"column":4},"end":{"line":95,"column":29}},{"start":{},"end":{}}],"line":95},"14":{"loc":{"start":{"line":96,"column":4},"end":{"line":96,"column":77}},"type":"if","locations":[{"start":{"line":96,"column":4},"end":{"line":96,"column":77}},{"start":{},"end":{}}],"line":96},"15":{"loc":{"start":{"line":103,"column":4},"end":{"line":103,"column":28}},"type":"if","locations":[{"start":{"line":103,"column":4},"end":{"line":103,"column":28}},{"start":{},"end":{}}],"line":103},"16":{"loc":{"start":{"line":105,"column":4},"end":{"line":108,"column":5}},"type":"if","locations":[{"start":{"line":105,"column":4},"end":{"line":108,"column":5}},{"start":{},"end":{}}],"line":105},"17":{"loc":{"start":{"line":114,"column":4},"end":{"line":114,"column":31}},"type":"if","locations":[{"start":{"line":114,"column":4},"end":{"line":114,"column":31}},{"start":{},"end":{}}],"line":114},"18":{"loc":{"start":{"line":116,"column":4},"end":{"line":119,"column":5}},"type":"if","locations":[{"start":{"line":116,"column":4},"end":{"line":119,"column":5}},{"start":{},"end":{}}],"line":116},"19":{"loc":{"start":{"line":125,"column":4},"end":{"line":125,"column":28}},"type":"if","locations":[{"start":{"line":125,"column":4},"end":{"line":125,"column":28}},{"start":{},"end":{}}],"line":125},"20":{"loc":{"start":{"line":127,"column":4},"end":{"line":130,"column":5}},"type":"if","locations":[{"start":{"line":127,"column":4},"end":{"line":130,"column":5}},{"start":{},"end":{}}],"line":127},"21":{"loc":{"start":{"line":137,"column":4},"end":{"line":140,"column":5}},"type":"if","locations":[{"start":{"line":137,"column":4},"end":{"line":140,"column":5}},{"start":{},"end":{}}],"line":137},"22":{"loc":{"start":{"line":160,"column":6},"end":{"line":166,"column":7}},"type":"if","locations":[{"start":{"line":160,"column":6},"end":{"line":166,"column":7}},{"start":{"line":163,"column":13},"end":{"line":166,"column":7}}],"line":160},"23":{"loc":{"start":{"line":185,"column":4},"end":{"line":188,"column":5}},"type":"if","locations":[{"start":{"line":185,"column":4},"end":{"line":188,"column":5}},{"start":{},"end":{}}],"line":185},"24":{"loc":{"start":{"line":189,"column":4},"end":{"line":192,"column":5}},"type":"if","locations":[{"start":{"line":189,"column":4},"end":{"line":192,"column":5}},{"start":{},"end":{}}],"line":189},"25":{"loc":{"start":{"line":197,"column":14},"end":{"line":197,"column":45}},"type":"binary-expr","locations":[{"start":{"line":197,"column":14},"end":{"line":197,"column":40}},{"start":{"line":197,"column":44},"end":{"line":197,"column":45}}],"line":197},"26":{"loc":{"start":{"line":198,"column":12},"end":{"line":198,"column":34}},"type":"binary-expr","locations":[{"start":{"line":198,"column":12},"end":{"line":198,"column":28}},{"start":{"line":198,"column":32},"end":{"line":198,"column":34}}],"line":198},"27":{"loc":{"start":{"line":208,"column":6},"end":{"line":215,"column":7}},"type":"if","locations":[{"start":{"line":208,"column":6},"end":{"line":215,"column":7}},{"start":{"line":211,"column":13},"end":{"line":215,"column":7}}],"line":208},"28":{"loc":{"start":{"line":222,"column":2},"end":{"line":222,"column":52}},"type":"if","locations":[{"start":{"line":222,"column":2},"end":{"line":222,"column":52}},{"start":{},"end":{}}],"line":222},"29":{"loc":{"start":{"line":223,"column":2},"end":{"line":229,"column":4}},"type":"if","locations":[{"start":{"line":223,"column":2},"end":{"line":229,"column":4}},{"start":{},"end":{}}],"line":223},"30":{"loc":{"start":{"line":248,"column":15},"end":{"line":250,"column":16}},"type":"binary-expr","locations":[{"start":{"line":248,"column":15},"end":{"line":248,"column":29}},{"start":{"line":248,"column":33},"end":{"line":250,"column":16}}],"line":248},"31":{"loc":{"start":{"line":268,"column":13},"end":{"line":270,"column":14}},"type":"binary-expr","locations":[{"start":{"line":268,"column":13},"end":{"line":268,"column":27}},{"start":{"line":268,"column":31},"end":{"line":270,"column":14}}],"line":268},"32":{"loc":{"start":{"line":285,"column":15},"end":{"line":287,"column":16}},"type":"binary-expr","locations":[{"start":{"line":285,"column":15},"end":{"line":285,"column":32}},{"start":{"line":285,"column":36},"end":{"line":287,"column":16}}],"line":285},"33":{"loc":{"start":{"line":313,"column":15},"end":{"line":315,"column":16}},"type":"binary-expr","locations":[{"start":{"line":313,"column":15},"end":{"line":313,"column":29}},{"start":{"line":313,"column":33},"end":{"line":315,"column":16}}],"line":313},"34":{"loc":{"start":{"line":331,"column":77},"end":{"line":331,"column":118}},"type":"cond-expr","locations":[{"start":{"line":331,"column":86},"end":{"line":331,"column":97}},{"start":{"line":331,"column":100},"end":{"line":331,"column":118}}],"line":331},"35":{"loc":{"start":{"line":340,"column":9},"end":{"line":340,"column":63}},"type":"binary-expr","locations":[{"start":{"line":340,"column":9},"end":{"line":340,"column":30}},{"start":{"line":340,"column":34},"end":{"line":340,"column":63}}],"line":340},"36":{"loc":{"start":{"line":345,"column":15},"end":{"line":345,"column":79}},"type":"cond-expr","locations":[{"start":{"line":345,"column":24},"end":{"line":345,"column":72}},{"start":{"line":345,"column":75},"end":{"line":345,"column":79}}],"line":345}},"s":{"0":5,"1":5,"2":5,"3":5,"4":5,"5":5,"6":5,"7":5,"8":5,"9":5,"10":2,"11":2,"12":1,"13":1,"14":1,"15":1,"16":1,"17":1,"18":1,"19":1,"20":1,"21":0,"22":1,"23":1,"24":0,"25":1,"26":5,"27":1,"28":1,"29":1,"30":1,"31":1,"32":1,"33":1,"34":0,"35":1,"36":1,"37":1,"38":0,"39":0,"40":1,"41":5,"42":0,"43":0,"44":0,"45":0,"46":0,"47":0,"48":0,"49":0,"50":0,"51":5,"52":0,"53":0,"54":0,"55":0,"56":5,"57":0,"58":0,"59":0,"60":0,"61":0,"62":0,"63":0,"64":0,"65":0,"66":5,"67":0,"68":0,"69":5,"70":0,"71":0,"72":0,"73":0,"74":0,"75":0,"76":0,"77":0,"78":0,"79":0,"80":5,"81":0,"82":0,"83":0,"84":0,"85":0,"86":0,"87":0,"88":0,"89":0,"90":0,"91":5,"92":0,"93":0,"94":0,"95":0,"96":0,"97":0,"98":0,"99":0,"100":0,"101":0,"102":5,"103":0,"104":0,"105":0,"106":0,"107":0,"108":0,"109":0,"110":0,"111":0,"112":0,"113":0,"114":0,"115":0,"116":0,"117":0,"118":0,"119":0,"120":5,"121":5,"122":0,"123":0,"124":0,"125":5,"126":0,"127":0,"128":0,"129":0,"130":0,"131":0,"132":0,"133":0,"134":0,"135":0,"136":0,"137":0,"138":0,"139":0,"140":0,"141":0,"142":0,"143":0,"144":0,"145":5,"146":3,"147":2,"148":1,"149":1,"150":0,"151":1,"152":1,"153":0,"154":0,"155":0,"156":0,"157":1,"158":0,"159":0,"160":0,"161":0,"162":0,"163":0,"164":0,"165":0,"166":0},"f":{"0":5,"1":2,"2":1,"3":1,"4":0,"5":0,"6":0,"7":0,"8":0,"9":0,"10":0,"11":0,"12":0,"13":0,"14":0,"15":0,"16":0,"17":0,"18":0,"19":0,"20":0,"21":0,"22":0,"23":0,"24":0,"25":0,"26":0,"27":0,"28":0,"29":1,"30":1,"31":0,"32":0,"33":0,"34":0,"35":1,"36":0,"37":0,"38":0,"39":0,"40":0,"41":0,"42":0,"43":0,"44":0},"b":{"0":[1,1],"1":[0,1],"2":[1,0],"3":[1,0],"4":[1,0],"5":[1,1],"6":[1,1],"7":[1,1],"8":[1,0],"9":[1,0],"10":[0,0],"11":[0,0],"12":[0,0],"13":[0,0],"14":[0,0],"15":[0,0],"16":[0,0],"17":[0,0],"18":[0,0],"19":[0,0],"20":[0,0],"21":[0,0],"22":[0,0],"23":[0,0],"24":[0,0],"25":[0,0],"26":[0,
[...]
":111,"column":23},"end":{"line":146,"column":3}},"85":{"start":{"line":112,"column":4},"end":{"line":112,"column":23}},"86":{"start":{"line":114,"column":20},"end":{"line":122,"column":5}},"87":{"start":{"line":124,"column":4},"end":{"line":124,"column":52}},"88":{"start":{"line":125,"column":4},"end":{"line":125,"column":20}},"89":{"start":{"line":126,"column":4},"end":{"line":145,"column":5}},"90":{"start":{"line":127,"column":18},"end":{"line":131,"column":8}},"91":{"start":{"line":132,"column":19},"end":{"line":132,"column":35}},"92":{"start":{"line":133,"column":6},"end":{"line":139,"column":7}},"93":{"start":{"line":134,"column":8},"end":{"line":134,"column":43}},"94":{"start":{"line":135,"column":8},"end":{"line":135,"column":79}},"95":{"start":{"line":137,"column":8},"end":{"line":137,"column":47}},"96":{"start":{"line":138,"column":8},"end":{"line":138,"column":52}},"97":{"start":{"line":141,"column":6},"end":{"line":141,"column":53}},"98":{"start":{"line":142,"column":6},"end":{"line":142,"column":66}},"99":{"start":{"line":144,"column":6},"end":{"line":144,"column":23}},"100":{"start":{"line":148,"column":2},"end":{"line":271,"column":4}},"101":{"start":{"line":163,"column":31},"end":{"line":163,"column":60}},"102":{"start":{"line":167,"column":16},"end":{"line":167,"column":44}},"103":{"start":{"line":175,"column":14},"end":{"line":178,"column":21}},"104":{"start":{"line":177,"column":77},"end":{"line":177,"column":148}},"105":{"start":{"line":177,"column":101},"end":{"line":177,"column":146}},"106":{"start":{"line":194,"column":14},"end":{"line":194,"column":54}},"107":{"start":{"line":207,"column":31},"end":{"line":207,"column":63}},"108":{"start":{"line":211,"column":16},"end":{"line":211,"column":44}},"109":{"start":{"line":219,"column":14},"end":{"line":222,"column":21}},"110":{"start":{"line":221,"column":77},"end":{"line":221,"column":154}},"111":{"start":{"line":221,"column":101},"end":{"line":221,"column":152}},"112":{"start":{"line":235,"column":31},"end":{"line":235,"column":60}},"113":{"start":{"line":239,"column":16},"end":{"line":239,"column":44}},"114":{"start":{"line":247,"column":14},"end":{"line":250,"column":21}},"115":{"start":{"line":249,"column":77},"end":{"line":249,"column":148}},"116":{"start":{"line":249,"column":101},"end":{"line":249,"column":146}}},"fnMap":{"0":{"name":"UserPreferenceInputForm","decl":{"start":{"line":11,"column":9},"end":{"line":11,"column":32}},"loc":{"start":{"line":11,"column":50},"end":{"line":272,"column":1}},"line":11},"1":{"name":"(anonymous_1)","decl":{"start":{"line":27,"column":12},"end":{"line":27,"column":13}},"loc":{"start":{"line":27,"column":18},"end":{"line":35,"column":3}},"line":27},"2":{"name":"(anonymous_2)","decl":{"start":{"line":37,"column":12},"end":{"line":37,"column":13}},"loc":{"start":{"line":37,"column":18},"end":{"line":50,"column":3}},"line":37},"3":{"name":"(anonymous_3)","decl":{"start":{"line":39,"column":25},"end":{"line":39,"column":26}},"loc":{"start":{"line":39,"column":37},"end":{"line":48,"column":5}},"line":39},"4":{"name":"(anonymous_4)","decl":{"start":{"line":52,"column":23},"end":{"line":52,"column":24}},"loc":{"start":{"line":52,"column":30},"end":{"line":60,"column":3}},"line":52},"5":{"name":"(anonymous_5)","decl":{"start":{"line":55,"column":48},"end":{"line":55,"column":49}},"loc":{"start":{"line":55,"column":53},"end":{"line":55,"column":63}},"line":55},"6":{"name":"(anonymous_6)","decl":{"start":{"line":55,"column":69},"end":{"line":55,"column":70}},"loc":{"start":{"line":55,"column":74},"end":{"line":55,"column":81}},"line":55},"7":{"name":"(anonymous_7)","decl":{"start":{"line":56,"column":21},"end":{"line":56,"column":22}},"loc":{"start":{"line":56,"column":30},"end":{"line":56,"column":57}},"line":56},"8":{"name":"(anonymous_8)","decl":{"start":{"line":58,"column":21},"end":{"line":58,"column":22}},"loc":{"start":{"line":58,"column":30},"end":{"line":58,"column":56}},"line":58},"9":{"name":"(anonymous_9)","decl":{"start":{"line":62,"column":26},"end":{"line":62,"column":27}},"loc":{"start":{"line":62,"column":33},"end":{"line":65,"column":3}},"line":62},"10":{"name":"(anonymous_10)","decl":{"start":{"line":64,"column":28},"end":{"line":64,"column":29}},"loc":{"start":{"line":64,"column":33},"end":{"line":64,"column":41}},"line":64},"11":{"name":"(anonymous_11)","decl":{"start":{"line":67,"column":20},"end":{"line":67,"column":21}},"loc":{"start":{"line":67,"column":36},"end":{"line":73,"column":3}},"line":67},"12":{"name":"(anonymous_12)","decl":{"start":{"line":71,"column":17},"end":{"line":71,"column":18}},"loc":{"start":{"line":71,"column":22},"end":{"line":71,"column":63}},"line":71},"13":{"name":"(anonymous_13)","decl":{"start":{"line":75,"column":19},"end":{"line":75,"column":20}},"loc":{"start":{"line":75,"column":33},"end":{"line":75,"column":64}},"line":75},"14":{"name":"(anonymous_14)","decl":{"start":{"line":75,"column":44},"end":{"line":75,"column":45}},"loc":{"start":{"line":75,"column":54},"end":{"line":75,"column":63}},"line":75},"15":{"name":"(anonymous_15)","decl":{"start":{"line":77,"column":19},"end":{"line":77,"column":20}},"loc":{"start":{"line":77,"column":25},"end":{"line":87,"column":3}},"line":77},"16":{"name":"(anonymous_16)","decl":{"start":{"line":80,"column":38},"end":{"line":80,"column":39}},"loc":{"start":{"line":80,"column":43},"end":{"line":80,"column":94}},"line":80},"17":{"name":"(anonymous_17)","decl":{"start":{"line":85,"column":19},"end":{"line":85,"column":20}},"loc":{"start":{"line":85,"column":28},"end":{"line":85,"column":78}},"line":85},"18":{"name":"(anonymous_18)","decl":{"start":{"line":89,"column":22},"end":{"line":89,"column":23}},"loc":{"start":{"line":89,"column":28},"end":{"line":98,"column":3}},"line":89},"19":{"name":"(anonymous_19)","decl":{"start":{"line":91,"column":41},"end":{"line":91,"column":42}},"loc":{"start":{"line":91,"column":46},"end":{"line":91,"column":100}},"line":91},"20":{"name":"(anonymous_20)","decl":{"start":{"line":96,"column":19},"end":{"line":96,"column":20}},"loc":{"start":{"line":96,"column":28},"end":{"line":96,"column":84}},"line":96},"21":{"name":"(anonymous_21)","decl":{"start":{"line":100,"column":19},"end":{"line":100,"column":20}},"loc":{"start":{"line":100,"column":25},"end":{"line":109,"column":3}},"line":100},"22":{"name":"(anonymous_22)","decl":{"start":{"line":102,"column":38},"end":{"line":102,"column":39}},"loc":{"start":{"line":102,"column":43},"end":{"line":102,"column":94}},"line":102},"23":{"name":"(anonymous_23)","decl":{"start":{"line":107,"column":19},"end":{"line":107,"column":20}},"loc":{"start":{"line":107,"column":28},"end":{"line":107,"column":78}},"line":107},"24":{"name":"(anonymous_24)","decl":{"start":{"line":111,"column":23},"end":{"line":111,"column":24}},"loc":{"start":{"line":111,"column":36},"end":{"line":146,"column":3}},"line":111},"25":{"name":"(anonymous_25)","decl":{"start":{"line":163,"column":24},"end":{"line":163,"column":25}},"loc":{"start":{"line":163,"column":31},"end":{"line":163,"column":60}},"line":163},"26":{"name":"(anonymous_26)","decl":{"start":{"line":166,"column":52},"end":{"line":166,"column":53}},"loc":{"start":{"line":167,"column":16},"end":{"line":167,"column":44}},"line":167},"27":{"name":"(anonymous_27)","decl":{"start":{"line":174,"column":36},"end":{"line":174,"column":37}},"loc":{"start":{"line":175,"column":14},"end":{"line":178,"column":21}},"line":175},"28":{"name":"(anonymous_28)","decl":{"start":{"line":177,"column":71},"end":{"line":177,"column":72}},"loc":{"start":{"line":177,"column":77},"end":{"line":177,"column":148}},"line":177},"29":{"name":"(anonymous_29)","decl":{"start":{"line":177,"column":92},"end":{"line":177,"column":93}},"loc":{"start":{"line":177,"column":101},"end":{"line":177,"column":146}},"line":177},"30":{"name":"(anonymous_30)","decl":{"start":{"line":193,"column":50},"end":{"line":193,"column":51}},"loc":{"start":{"line":194,"column":14},"end":{"line":194,"column":54}},"line":194},"31":{"name":"(anonymous_31)","decl":{"start":{"line":207,"column":24},"end":{"line":207,"column":25}},"loc":{"start":{"line":207,"column":31},"end":{"line":207,"column":63}},"line":207},"32":{"name":"(anonymous_32)","decl":{"start":{"line":210,"column":58},"end":{"line":210,"column":59}},"loc":{"start":{"line":211,"column":16},"end":{"line":211,"column":44}},"line":211},"33":{"name":"(anonymous_33)","decl":{"start":{"line":218,"column":39},"end":{"line":218,"column":40}},"loc":{"start":{"line":219,"column":14},"end":{"line":222,"column":21}},"line":219},"34":{"name":"(anonymous_34)","decl":{"start":{"line":221,"column":71},"end":{"line":221,"column":72}},"loc":{"start":{"line":221,"column":77},"end":{"line":221,"column":154}},"line":221},"35":{"name":"(anonymous_35)","decl":{"start":{"line":221,"column":92},"end":{"line":221,"column":93}},"loc":{"start":{"line":221,"column":101},"end":{"line":221,"column":152}},"line":221},"36":{"name":"(anonymous_36)","decl":{"start":{"line":235,"column":24},"end":{"line":235,"column":25}},"loc":{"start":{"line":235,"column":31},"end":{"line":235,"column":60}},"line":235},"37":{"name":"(anonymous_37)","decl":{"start":{"line":238,"column":52},"end":{"line":238,"column":53}},"loc":{"start":{"line":239,"column":16},"end":{"line":239,"column":44}},"line":239},"38":{"name":"(anonymous_38)","decl":{"start":{"line":246,"column":36},"end":{"line":246,"column":37}},"loc":{"start":{"line":247,"column":14},"end":{"line":250,"column":21}},"line":247},"39":{"name":"(anonymous_39)","decl":{"start":{"line":249,"column":71},"end":{"line":249,"column":72}},"loc":{"start":{"line":249,"column":77},"end":{"line":249,"column":148}},"line":249},"40":{"name":"(anonymous_40)","decl":{"start":{"line":249,"column":92},"end":{"line":249,"column":93}},"loc":{"start":{"line":249,"column":101},"end":{"line":249,"column":146}},"line":249}},"branchMap":{"0":{"loc":{"start":{"line":30,"column":4},"end":{"line":33,"column":5}},"type":"if","locations":[{"start":{"line":30,"column":4},"end":{"line":33,"column":5}},{"start":{},"end":{}}],"line":30},"1":{"loc":{"start":{"line":42,"column":8},"end":{"line":42,"column":28}},"type":"if","locations":[{"start":{"line":42,"column":8},"end":{"line":42,"column":28}},{"start":{},"end":{}}],"line":42},"2":{"loc":{"start":{"line":54,"column":4},"end":{"line":59,"column":5}},"type":"if","locations":[{"start":{"line":54,"column":4},"end":{"line":59,"column":5}},{"start":{"line":57,"column":11},"end":{"line":59,"column":5}}],"line":54},"3":{"loc":{"start":{"line":63,"column":4},"end":{"line":63,"column":22}},"type":"if","locations":[{"start":{"line":63,"column":4},"end":{"line":63,"column":22}},{"start":{},"end":{}}],"line":63},"4":{"loc":{"start":{"line":68,"column":4},"end":{"line":68,"column":27}},"type":"if","locations":[{"start":{"line":68,"column":4},"end":{"line":68,"column":27}},{"start":{},"end":{}}],"line":68},"5":{"loc":{"start":{"line":70,"column":4},"end":{"line":70,"column":29}},"type":"if","locations":[{"start":{"line":70,"column":4},"end":{"line":70,"column":29}},{"start":{},"end":{}}],"line":70},"6":{"loc":{"start":{"line":71,"column":4},"end":{"line":71,"column":77}},"type":"if","locations":[{"start":{"line":71,"column":4},"end":{"line":71,"column":77}},{"start":{},"end":{}}],"line":71},"7":{"loc":{"start":{"line":79,"column":4},"end":{"line":79,"column":28}},"type":"if","locations":[{"start":{"line":79,"column":4},"end":{"line":79,"column":28}},{"start":{},"end":{}}],"line":79},"8":{"loc":{"start":{"line":81,"column":4},"end":{"line":84,"column":5}},"type":"if","locations":[{"start":{"line":81,"column":4},"end":{"line":84,"column":5}},{"start":{},"end":{}}],"line":81},"9":{"loc":{"start":{"line":90,"column":4},"end":{"line":90,"column":31}},"type":"if","locations":[{"start":{"line":90,"column":4},"end":{"line":90,"column":31}},{"start":{},"end":{}}],"line":90},"10":{"loc":{"start":{"line":92,"column":4},"end":{"line":95,"column":5}},"type":"if","locations":[{"start":{"line":92,"column":4},"end":{"line":95,"column":5}},{"start":{},"end":{}}],"line":92},"11":{"loc":{"start":{"line":101,"column":4},"end":{"line":101,"column":28}},"type":"if","locations":[{"start":{"line":101,"column":4},"end":{"line":101,"column":28}},{"start":{},"end":{}}],"line":101},"12":{"loc":{"start":{"line":103,"column":4},"end":{"line":106,"column":5}},"type":"if","locations":[{"start":{"line":103,"column":4},"end":{"line":106,"column":5}},{"start":{},"end":{}}],"line":103},"13":{"loc":{"start":{"line":133,"column":6},"end":{"line":139,"column":7}},"type":"if","locations":[{"start":{"line":133,"column":6},"end":{"line":139,"column":7}},{"start":{"line":136,"column":13},"end":{"line":139,"column":7}}],"line":133},"14":{"loc":{"start":{"line":135,"column":48},"end":{"line":135,"column":76}},"type":"binary-expr","locations":[{"start":{"line":135,"column":48},"end":{"line":135,"column":58}},{"start":{"line":135,"column":62},"end":{"line":135,"column":76}}],"line":135},"15":{"loc":{"start":{"line":166,"column":15},"end":{"line":168,"column":16}},"type":"binary-expr","locations":[{"start":{"line":166,"column":15},"end":{"line":166,"column":29}},{"start":{"line":166,"column":33},"end":{"line":168,"column":16}}],"line":166},"16":{"loc":{"start":{"line":193,"column":13},"end":{"line":195,"column":14}},"type":"binary-expr","locations":[{"start":{"line":193,"column":13},"end":{"line":193,"column":27}},{"start":{"line":193,"column":31},"end":{"line":195,"column":14}}],"line":193},"17":{"loc":{"start":{"line":210,"column":15},"end":{"line":212,"column":16}},"type":"binary-expr","locations":[{"start":{"line":210,"column":15},"end":{"line":210,"column":32}},{"start":{"line":210,"column":36},"end":{"line":212,"column":16}}],"line":210},"18":{"loc":{"start":{"line":238,"column":15},"end":{"line":240,"column":16}},"type":"binary-expr","locations":[{"start":{"line":238,"column":15},"end":{"line":238,"column":29}},{"start":{"line":238,"column":33},"end":{"line":240,"column":16}}],"line":238},"19":{"loc":{"start":{"line":256,"column":11},"end":{"line":256,"column":52}},"type":"cond-expr","locations":[{"start":{"line":256,"column":20},"end":{"line":256,"column":31}},{"start":{"line":256,"column":34},"end":{"line":256,"column":52}}],"line":256},"20":{"loc":{"start":{"line":260,"column":9},"end":{"line":268,"column":9}},"type":"binary-expr","locations":[{"start":{"line":260,"column":9},"end":{"line":260,"column":20}},{"start":{"line":261,"column":10},"end":{"line":267,"column":19}}],"line":260}},"s":{"0":7,"1":7,"2":7,"3":7,"4":7,"5":7,"6":7,"7":7,"8":1,"9":1,"10":1,"11":1,"12":1,"13":7,"14":1,"15":1,"16":1,"17":1,"18":0,"19":1,"20":1,"21":0,"22":1,"23":7,"24":0,"25":0,"26":0,"27":0,"28":0,"29":0,"30":0,"31":0,"32":0,"33":7,"34":0,"35":0,"36":0,"37":0,"38":7,"39":1,"40":0,"41":1,"42":1,"43":0,"44":1,"45":0,"46":0,"47":1,"48":7,"49":0,"50":0,"51":7,"52":1,"53":0,"54":1,"55":1,"56":1,"57":0,"58":0,"59":1,"60":1,"61":1,"62":7,"63":0,"64":0,"65":0,"66":0,"67":0,"68":0,"69":0,"70":0,"71":0,"72":0,"73":7,"74":0,"75":0,"76":0,"77":0,"78":0,"79":0,"80":0,"81":0,"82":0,"83":0,"84":7,"85":1,"86":1,"87":1,"88":1,"89":1,"90":1,"91":1,"92":1,"93":0,"94":0,"95":1,"96":1,"97":0,"98":0,"99":1,"100":7,"101":1,"102":4,"103":3,"104":0,"105":0,"106":4,"107":0,"108":4,"109":0,"110":0,"111":0,"112":0,"113":4,"114":0,"115":0,"116":0},"f":{"0":7,"1":1,"2":1,"3":1,"4":0,"5":0,"6":0,"7":0,"8":0,"9":0,"10":0,"11":1,"12":0,"13":0,"14":0,"15":1,"16":1,"17":1,"18":0,"19":0,"20":0,"21":0,"22":0,"23":0,"24":1,"25":1,"26":4,"27":3,"28":0,"29":0,"30":4,"31":0,"32":4,"33":0,"34":0,"35":0,"36":0,"37":4,"38":0,"39":0,"40":0},"b":{"0":[1,0],"1":[0,1],"2":[0,0],"3":[0,0],"4":[0,1],"5":[0,1],"6":[0,1],"7":[0,1],"8":[0,1],"9":[0,0],"10":[0,0],"11":[0,0],"12":[0,0],"13":[0,1],"14":[0,0],"15":[7,7],"16":[7,7],"17":[7,7],"18":[7,7],"19":[1,6],"20":[7,7]},"_coverageSchema":"1a1c01bbd47fc00a2c39e90264f33305004495a9","hash":"c65a078948eab47523f69ff97f269376f5c0ca01"}
,"/home/rcsmqm/Downloads/School/Cs4090/Project/NextFlix---CS4090-Project/frontend/src/tests/mocks/handlers.js": {"path":"/home/rcsmqm/Downloads/School/Cs4090/Project/NextFlix---CS4090-Project/frontend/src/tests/mocks/handlers.js","statementMap":{"0":{"start":{"line":3,"column":17},"end":{"line":3,"column":40}},"1":{"start":{"line":5,"column":24},"end":{"line":49,"column":1}},"2":{"start":{"line":8,"column":4},"end":{"line":8,"column":154}},"3":{"start":{"line":13,"column":4},"end":{"line":13,"column":152}},"4":{"start":{"line":18,"column":4},"end":{"line":18,"column":60}},"5":{"start":{"line":23,"column":18},"end":{"line":23,"column":66}},"6":{"start":{"line":24,"column":4},"end":{"line":24,"column":226}},"7":{"start":{"line":29,"column":4},"end":{"line":29,"column":72}},"8":{"start":{"line":35,"column":18},"end":{"line":35,"column":66}},"9":{"start":{"line":36,"column":4},"end":{"line":36,"column":169}},"10":{"start":{"line":41,"column":4},"end":{"line":41,"column":60}},"11":{"start":{"line":44,"column":4},"end":{"line":44,"column":79}},"12":{"start":{"line":47,"column":4},"end":{"line":47,"column":86}}},"fnMap":{"0":{"name":"(anonymous_0)","decl":{"start":{"line":7,"column":42},"end":{"line":7,"column":43}},"loc":{"start":{"line":7,"column":61},"end":{"line":9,"column":3}},"line":7},"1":{"name":"(anonymous_1)","decl":{"start":{"line":12,"column":47},"end":{"line":12,"column":48}},"loc":{"start":{"line":12,"column":66},"end":{"line":14,"column":3}},"line":12},"2":{"name":"(anonymous_2)","decl":{"start":{"line":17,"column":44},"end":{"line":17,"column":45}},"loc":{"start":{"line":17,"column":63},"end":{"line":19,"column":3}},"line":17},"3":{"name":"(anonymous_3)","decl":{"start":{"line":22,"column":32},"end":{"line":22,"column":33}},"loc":{"start":{"line":22,"column":51},"end":{"line":25,"column":3}},"line":22},"4":{"name":"(anonymous_4)","decl":{"start":{"line":28,"column":45},"end":{"line":28,"column":46}},"loc":{"start":{"line":28,"column":64},"end":{"line":30,"column":3}},"line":28},"5":{"name":"(anonymous_5)","decl":{"start":{"line":33,"column":34},"end":{"line":33,"column":35}},"loc":{"start":{"line":33,"column":53},"end":{"line":37,"column":3}},"line":33},"6":{"name":"(anonymous_6)","decl":{"start":{"line":40,"column":44},"end":{"line":40,"column":45}},"loc":{"start":{"line":40,"column":63},"end":{"line":42,"column":3}},"line":40},"7":{"name":"(anonymous_7)","decl":{"start":{"line":43,"column":35},"end":{"line":43,"column":36}},"loc":{"start":{"line":43,"column":54},"end":{"line":45,"column":3}},"line":43},"8":{"name":"(anonymous_8)","decl":{"start":{"line":46,"column":42},"end":{"line":46,"column":43}},"loc":{"start":{"line":46,"column":61},"end":{"line":48,"column":3}},"line":46}},"branchMap":{"0":{"loc":{"start":{"line":23,"column":18},"end":{"line":23,"column":66}},"type":"binary-expr","locations":[{"start":{"line":23,"column":18},"end":{"line":23,"column":51}},{"start":{"line":23,"column":55},"end":{"line":23,"column":66}}],"line":23},"1":{"loc":{"start":{"line":35,"column":18},"end":{"line":35,"column":66}},"type":"binary-expr","locations":[{"start":{"line":35,"column":18},"end":{"line":35,"column":51}},{"start":{"line":35,"column":55},"end":{"line":35,"column":66}}],"line":35}},"s":{"0":9,"1":9,"2":0,"3":0,"4":0,"5":0,"6":0,"7":0,"8":0,"9":0,"10":0,"11":0,"12":0},"f":{"0":0,"1":0,"2":0,"3":0,"4":0,"5":0,"6":0,"7":0,"8":0},"b":{"0":[0,0],"1":[0,0]},"_coverageSchema":"1a1c01bbd47fc00a2c39e90264f33305004495a9","hash":"89455c23f9086ab0295464ad0237493ec44ab1dc"}
,"/home/rcsmqm/Downloads/School/Cs4090/Project/NextFlix---CS4090-Project/frontend/src/tests/mocks/server.js": {"path":"/home/rcsmqm/Downloads/School/Cs4090/Project/NextFlix---CS4090-Project/frontend/src/tests/mocks/server.js","statementMap":{"0":{"start":{"line":4,"column":22},"end":{"line":4,"column":46}}},"fnMap":{},"branchMap":{},"s":{"0":9},"f":{},"b":{},"_coverageSchema":"1a1c01bbd47fc00a2c39e90264f33305004495a9","hash":"ef6f5dda4b4a021452109aee2c851a97ccc83e68"}
}
