TN:
SF:src/App.js
FN:11,App
FN:20,(anonymous_1)
FN:22,(anonymous_2)
FN:38,(anonymous_3)
FN:115,(anonymous_4)
FN:128,(anonymous_5)
FN:157,(anonymous_6)
FN:172,(anonymous_7)
FN:182,(anonymous_8)
FN:182,(anonymous_9)
FN:184,(anonymous_10)
FN:185,(anonymous_11)
FN:193,(anonymous_12)
FN:201,(anonymous_13)
FN:201,(anonymous_14)
FN:207,(anonymous_15)
FN:208,(anonymous_16)
FN:217,(anonymous_17)
FN:230,(anonymous_18)
FN:243,(anonymous_19)
FN:244,(anonymous_20)
FN:245,(anonymous_21)
FN:246,(anonymous_22)
FN:253,(anonymous_23)
FN:255,(anonymous_24)
FN:257,(anonymous_25)
FN:269,(anonymous_26)
FNF:27
FNH:4
FNDA:5,App
FNDA:2,(anonymous_1)
FNDA:2,(anonymous_2)
FNDA:0,(anonymous_3)
FNDA:0,(anonymous_4)
FNDA:0,(anonymous_5)
FNDA:0,(anonymous_6)
FNDA:0,(anonymous_7)
FNDA:0,(anonymous_8)
FNDA:0,(anonymous_9)
FNDA:0,(anonymous_10)
FNDA:0,(anonymous_11)
FNDA:0,(anonymous_12)
FNDA:0,(anonymous_13)
FNDA:0,(anonymous_14)
FNDA:0,(anonymous_15)
FNDA:0,(anonymous_16)
FNDA:0,(anonymous_17)
FNDA:0,(anonymous_18)
FNDA:0,(anonymous_19)
FNDA:1,(anonymous_20)
FNDA:0,(anonymous_21)
FNDA:0,(anonymous_22)
FNDA:0,(anonymous_23)
FNDA:0,(anonymous_24)
FNDA:0,(anonymous_25)
FNDA:0,(anonymous_26)
DA:12,5
DA:13,5
DA:14,5
DA:15,5
DA:16,5
DA:17,5
DA:18,5
DA:20,5
DA:22,2
DA:23,2
DA:24,2
DA:25,0
DA:26,0
DA:27,0
DA:28,0
DA:29,0
DA:31,0
DA:33,2
DA:38,5
DA:39,0
DA:40,0
DA:41,0
DA:43,0
DA:44,0
DA:45,0
DA:46,0
DA:47,0
DA:48,0
DA:49,0
DA:50,0
DA:51,0
DA:52,0
DA:55,0
DA:56,0
DA:57,0
DA:58,0
DA:59,0
DA:60,0
DA:61,0
DA:62,0
DA:64,0
DA:65,0
DA:66,0
DA:67,0
DA:68,0
DA:69,0
DA:70,0
DA:71,0
DA:74,0
DA:75,0
DA:77,0
DA:78,0
DA:82,0
DA:83,0
DA:84,0
DA:85,0
DA:87,0
DA:88,0
DA:89,0
DA:90,0
DA:91,0
DA:92,0
DA:95,0
DA:98,0
DA:99,0
DA:103,0
DA:104,0
DA:107,0
DA:109,0
DA:115,5
DA:116,0
DA:117,0
DA:118,0
DA:119,0
DA:120,0
DA:121,0
DA:122,0
DA:127,0
DA:128,0
DA:129,0
DA:131,0
DA:133,0
DA:134,0
DA:135,0
DA:136,0
DA:137,0
DA:138,0
DA:139,0
DA:141,0
DA:144,0
DA:147,0
DA:148,0
DA:150,0
DA:152,0
DA:157,5
DA:158,0
DA:159,0
DA:160,0
DA:161,0
DA:164,0
DA:165,0
DA:168,0
DA:172,5
DA:173,0
DA:174,0
DA:175,0
DA:176,0
DA:179,0
DA:180,0
DA:182,0
DA:184,0
DA:185,0
DA:186,0
DA:187,0
DA:190,0
DA:193,5
DA:194,0
DA:195,0
DA:196,0
DA:197,0
DA:200,0
DA:201,0
DA:204,0
DA:207,5
DA:208,0
DA:209,0
DA:210,0
DA:211,0
DA:213,0
DA:217,5
DA:218,0
DA:219,0
DA:220,0
DA:221,0
DA:224,0
DA:225,0
DA:227,0
DA:230,5
DA:231,0
DA:232,0
DA:233,0
DA:234,0
DA:237,0
DA:238,0
DA:240,0
DA:243,5
DA:244,5
DA:245,5
DA:246,5
DA:248,5
DA:253,0
DA:255,0
DA:257,0
DA:269,0
LF:154
LH:25
BRDA:24,0,0,2
BRDA:24,0,1,0
BRDA:27,1,0,0
BRDA:27,1,1,0
BRDA:29,2,0,0
BRDA:29,2,1,0
BRDA:45,3,0,0
BRDA:45,3,1,0
BRDA:49,4,0,0
BRDA:49,4,1,0
BRDA:49,5,0,0
BRDA:49,5,1,0
BRDA:55,6,0,0
BRDA:55,6,1,0
BRDA:59,7,0,0
BRDA:59,7,1,0
BRDA:59,8,0,0
BRDA:59,8,1,0
BRDA:64,9,0,0
BRDA:64,9,1,0
BRDA:68,10,0,0
BRDA:68,10,1,0
BRDA:68,11,0,0
BRDA:68,11,1,0
BRDA:78,12,0,0
BRDA:78,12,1,0
BRDA:78,13,0,0
BRDA:78,13,1,0
BRDA:82,14,0,0
BRDA:82,14,1,0
BRDA:87,15,0,0
BRDA:87,15,1,0
BRDA:87,16,0,0
BRDA:87,16,1,0
BRDA:87,16,2,0
BRDA:88,17,0,0
BRDA:88,17,1,0
BRDA:90,18,0,0
BRDA:90,18,1,0
BRDA:92,19,0,0
BRDA:92,19,1,0
BRDA:117,20,0,0
BRDA:117,20,1,0
BRDA:127,21,0,0
BRDA:127,21,1,0
BRDA:129,22,0,0
BRDA:129,22,1,0
BRDA:133,23,0,0
BRDA:133,23,1,0
BRDA:138,24,0,0
BRDA:138,24,1,0
BRDA:141,25,0,0
BRDA:141,25,1,0
BRDA:159,26,0,0
BRDA:159,26,1,0
BRDA:164,27,0,0
BRDA:164,27,1,0
BRDA:174,28,0,0
BRDA:174,28,1,0
BRDA:179,29,0,0
BRDA:179,29,1,0
BRDA:182,30,0,0
BRDA:182,30,1,0
BRDA:182,31,0,0
BRDA:182,31,1,0
BRDA:186,32,0,0
BRDA:186,32,1,0
BRDA:195,33,0,0
BRDA:195,33,1,0
BRDA:200,34,0,0
BRDA:200,34,1,0
BRDA:208,35,0,0
BRDA:208,35,1,0
BRDA:209,36,0,0
BRDA:209,36,1,0
BRDA:219,37,0,0
BRDA:219,37,1,0
BRDA:224,38,0,0
BRDA:224,38,1,0
BRDA:232,39,0,0
BRDA:232,39,1,0
BRDA:237,40,0,0
BRDA:237,40,1,0
BRDA:263,41,0,5
BRDA:263,41,1,4
BRDA:269,42,0,0
BRDA:269,42,1,0
BRDA:276,43,0,4
BRDA:276,43,1,0
BRDA:277,44,0,4
BRDA:277,44,1,0
BRDA:279,45,0,4
BRDA:279,45,1,0
BRDA:293,46,0,5
BRDA:293,46,1,0
BRDA:297,47,0,5
BRDA:297,47,1,1
BRDA:301,48,0,5
BRDA:301,48,1,0
BRDA:304,49,0,5
BRDA:304,49,1,0
BRDA:307,50,0,5
BRDA:307,50,1,0
BRF:103
BRH:12
end_of_record
TN:
SF:src/index.js
FNF:0
FNH:0
DA:7,0
DA:11,0
DA:13,0
LF:3
LH:0
BRF:0
BRH:0
end_of_record
TN:
SF:src/components/AccessibilityMenu.js
FN:4,AccessibilityMenu
FN:15,(anonymous_1)
FN:25,(anonymous_2)
FN:29,(anonymous_3)
FN:48,(anonymous_4)
FN:48,(anonymous_5)
FN:50,(anonymous_6)
FN:59,(anonymous_7)
FN:71,(anonymous_8)
FN:72,(anonymous_9)
FN:73,(anonymous_10)
FN:80,(anonymous_11)
FN:88,(anonymous_12)
FN:96,(anonymous_13)
FN:98,(anonymous_14)
FN:109,(anonymous_15)
FNF:16
FNH:9
FNDA:3,AccessibilityMenu
FNDA:1,(anonymous_1)
FNDA:3,(anonymous_2)
FNDA:3,(anonymous_3)
FNDA:2,(anonymous_4)
FNDA:2,(anonymous_5)
FNDA:1,(anonymous_6)
FNDA:0,(anonymous_7)
FNDA:0,(anonymous_8)
FNDA:0,(anonymous_9)
FNDA:0,(anonymous_10)
FNDA:1,(anonymous_11)
FNDA:0,(anonymous_12)
FNDA:0,(anonymous_13)
FNDA:1,(anonymous_14)
FNDA:0,(anonymous_15)
DA:5,3
DA:13,3
DA:15,3
DA:17,1
DA:18,1
DA:19,1
DA:21,0
DA:25,3
DA:26,3
DA:29,3
DA:31,3
DA:32,3
DA:35,3
DA:38,3
DA:41,3
DA:44,3
DA:45,3
DA:48,3
DA:50,3
DA:51,1
DA:52,1
DA:54,0
DA:56,1
DA:59,3
DA:60,0
DA:61,0
DA:64,3
DA:71,0
DA:72,0
DA:73,0
DA:80,1
DA:88,0
DA:96,0
DA:98,1
DA:109,0
LF:35
LH:25
BRDA:19,0,0,0
BRDA:19,0,1,1
BRDA:32,1,0,3
BRDA:32,1,1,0
BRDA:35,2,0,2
BRDA:35,2,1,1
BRDA:38,3,0,0
BRDA:38,3,1,3
BRDA:41,4,0,0
BRDA:41,4,1,3
BRDA:45,5,0,3
BRDA:45,5,1,0
BRDA:56,6,0,1
BRDA:56,6,1,1
BRDA:71,7,0,0
BRDA:71,7,1,3
BRDA:72,8,0,3
BRDA:72,8,1,0
BRDA:73,9,0,0
BRDA:73,9,1,3
BRDA:109,10,0,0
BRDA:109,10,1,0
BRDA:109,11,0,0
BRDA:109,11,1,0
BRF:24
BRH:12
end_of_record
TN:
SF:src/components/BugReportPage.js
FN:4,BugReportPage
FN:10,(anonymous_1)
FN:15,(anonymous_2)
FN:61,(anonymous_3)
FN:66,(anonymous_4)
FNF:5
FNH:5
FNDA:5,BugReportPage
FNDA:1,(anonymous_1)
FNDA:1,(anonymous_2)
FNDA:1,(anonymous_3)
FNDA:1,(anonymous_4)
DA:5,5
DA:6,5
DA:7,5
DA:8,5
DA:10,5
DA:11,1
DA:12,1
DA:15,5
DA:16,1
DA:17,1
DA:18,0
DA:19,0
DA:22,1
DA:28,1
DA:29,1
DA:30,1
DA:36,1
DA:37,1
DA:38,0
DA:39,0
DA:41,1
DA:42,1
DA:43,1
DA:46,0
DA:47,0
DA:49,1
DA:53,5
DA:61,1
DA:66,1
LF:29
LH:23
BRDA:12,0,0,0
BRDA:12,0,1,1
BRDA:17,1,0,0
BRDA:17,1,1,1
BRDA:17,2,0,1
BRDA:17,2,1,1
BRDA:37,3,0,0
BRDA:37,3,1,1
BRDA:39,4,0,0
BRDA:39,4,1,0
BRDA:70,5,0,1
BRDA:70,5,1,4
BRF:12
BRH:7
end_of_record
TN:
SF:src/components/MovieInputForm.js
FN:5,MovieInputForm
FN:9,(anonymous_1)
FN:24,(anonymous_2)
FN:39,(anonymous_3)
FNF:4
FNH:4
FNDA:8,MovieInputForm
FNDA:1,(anonymous_1)
FNDA:1,(anonymous_2)
FNDA:1,(anonymous_3)
DA:6,8
DA:7,8
DA:9,8
DA:10,1
DA:11,1
DA:12,1
DA:16,8
DA:24,1
DA:39,1
LF:9
LH:9
BRDA:11,0,0,1
BRDA:11,0,1,0
BRDA:11,1,0,1
BRDA:11,1,1,1
BRDA:46,2,0,1
BRDA:46,2,1,7
BRF:6
BRH:5
end_of_record
TN:
SF:src/components/ProfilePage.js
FN:4,ProfilePage
FN:20,(anonymous_1)
FN:30,(anonymous_2)
FN:43,(anonymous_3)
FN:77,(anonymous_4)
FN:80,(anonymous_5)
FN:80,(anonymous_6)
FN:81,(anonymous_7)
FN:83,(anonymous_8)
FN:87,(anonymous_9)
FN:89,(anonymous_10)
FN:92,(anonymous_11)
FN:96,(anonymous_12)
FN:100,(anonymous_13)
FN:100,(anonymous_14)
FN:102,(anonymous_15)
FN:104,(anonymous_16)
FN:109,(anonymous_17)
FN:113,(anonymous_18)
FN:115,(anonymous_19)
FN:120,(anonymous_20)
FN:124,(anonymous_21)
FN:126,(anonymous_22)
FN:131,(anonymous_23)
FN:135,(anonymous_24)
FN:178,(anonymous_25)
FN:180,(anonymous_26)
FN:183,(anonymous_27)
FN:245,(anonymous_28)
FN:248,(anonymous_29)
FN:256,(anonymous_30)
FN:259,(anonymous_31)
FN:259,(anonymous_32)
FN:268,(anonymous_33)
FN:282,(anonymous_34)
FN:285,(anonymous_35)
FN:293,(anonymous_36)
FN:296,(anonymous_37)
FN:296,(anonymous_38)
FN:310,(anonymous_39)
FN:313,(anonymous_40)
FN:321,(anonymous_41)
FN:324,(anonymous_42)
FN:324,(anonymous_43)
FN:342,(anonymous_44)
FNF:45
FNH:7
FNDA:5,ProfilePage
FNDA:2,(anonymous_1)
FNDA:1,(anonymous_2)
FNDA:1,(anonymous_3)
FNDA:0,(anonymous_4)
FNDA:0,(anonymous_5)
FNDA:0,(anonymous_6)
FNDA:0,(anonymous_7)
FNDA:0,(anonymous_8)
FNDA:0,(anonymous_9)
FNDA:0,(anonymous_10)
FNDA:0,(anonymous_11)
FNDA:0,(anonymous_12)
FNDA:0,(anonymous_13)
FNDA:0,(anonymous_14)
FNDA:0,(anonymous_15)
FNDA:0,(anonymous_16)
FNDA:0,(anonymous_17)
FNDA:0,(anonymous_18)
FNDA:0,(anonymous_19)
FNDA:0,(anonymous_20)
FNDA:0,(anonymous_21)
FNDA:0,(anonymous_22)
FNDA:0,(anonymous_23)
FNDA:0,(anonymous_24)
FNDA:0,(anonymous_25)
FNDA:0,(anonymous_26)
FNDA:0,(anonymous_27)
FNDA:0,(anonymous_28)
FNDA:1,(anonymous_29)
FNDA:1,(anonymous_30)
FNDA:0,(anonymous_31)
FNDA:0,(anonymous_32)
FNDA:0,(anonymous_33)
FNDA:0,(anonymous_34)
FNDA:1,(anonymous_35)
FNDA:0,(anonymous_36)
FNDA:0,(anonymous_37)
FNDA:0,(anonymous_38)
FNDA:0,(anonymous_39)
FNDA:0,(anonymous_40)
FNDA:0,(anonymous_41)
FNDA:0,(anonymous_42)
FNDA:0,(anonymous_43)
FNDA:0,(anonymous_44)
DA:5,5
DA:6,5
DA:7,5
DA:8,5
DA:14,5
DA:15,5
DA:16,5
DA:17,5
DA:18,5
DA:20,5
DA:21,2
DA:22,2
DA:23,1
DA:24,1
DA:25,1
DA:27,1
DA:28,1
DA:30,1
DA:31,1
DA:32,1
DA:33,1
DA:34,1
DA:35,1
DA:37,0
DA:40,1
DA:43,5
DA:44,1
DA:45,1
DA:46,1
DA:51,1
DA:52,1
DA:53,1
DA:54,1
DA:61,0
DA:64,1
DA:65,1
DA:66,1
DA:68,0
DA:71,0
DA:73,1
DA:77,5
DA:78,0
DA:79,0
DA:80,0
DA:81,0
DA:83,0
DA:87,5
DA:88,0
DA:89,0
DA:92,5
DA:93,0
DA:94,0
DA:95,0
DA:96,0
DA:97,0
DA:100,5
DA:102,5
DA:103,0
DA:104,0
DA:105,0
DA:106,0
DA:107,0
DA:109,0
DA:110,0
DA:113,5
DA:114,0
DA:115,0
DA:116,0
DA:117,0
DA:118,0
DA:120,0
DA:121,0
DA:124,5
DA:125,0
DA:126,0
DA:127,0
DA:128,0
DA:129,0
DA:131,0
DA:132,0
DA:135,5
DA:136,0
DA:137,0
DA:138,0
DA:139,0
DA:142,0
DA:152,0
DA:153,0
DA:154,0
DA:159,0
DA:160,0
DA:161,0
DA:162,0
DA:164,0
DA:165,0
DA:168,0
DA:169,0
DA:171,0
DA:176,5
DA:178,5
DA:179,0
DA:180,0
DA:183,5
DA:184,0
DA:185,0
DA:186,0
DA:187,0
DA:189,0
DA:190,0
DA:191,0
DA:194,0
DA:201,0
DA:202,0
DA:207,0
DA:208,0
DA:209,0
DA:210,0
DA:212,0
DA:213,0
DA:214,0
DA:217,0
DA:218,0
DA:222,5
DA:223,2
DA:231,1
DA:245,0
DA:249,1
DA:257,1
DA:259,0
DA:269,0
DA:282,0
DA:286,1
DA:294,0
DA:296,0
DA:310,0
DA:314,0
DA:322,0
DA:324,0
DA:343,0
LF:139
LH:53
BRDA:22,0,0,1
BRDA:22,0,1,1
BRDA:33,1,0,0
BRDA:33,1,1,1
BRDA:51,2,0,1
BRDA:51,2,1,0
BRDA:53,3,0,1
BRDA:53,3,1,0
BRDA:55,4,0,1
BRDA:55,4,1,0
BRDA:56,5,0,1
BRDA:56,5,1,1
BRDA:57,6,0,1
BRDA:57,6,1,1
BRDA:58,7,0,1
BRDA:58,7,1,1
BRDA:64,8,0,1
BRDA:64,8,1,0
BRDA:66,9,0,1
BRDA:66,9,1,0
BRDA:79,10,0,0
BRDA:79,10,1,0
BRDA:88,11,0,0
BRDA:88,11,1,0
BRDA:93,12,0,0
BRDA:93,12,1,0
BRDA:95,13,0,0
BRDA:95,13,1,0
BRDA:96,14,0,0
BRDA:96,14,1,0
BRDA:103,15,0,0
BRDA:103,15,1,0
BRDA:105,16,0,0
BRDA:105,16,1,0
BRDA:114,17,0,0
BRDA:114,17,1,0
BRDA:116,18,0,0
BRDA:116,18,1,0
BRDA:125,19,0,0
BRDA:125,19,1,0
BRDA:127,20,0,0
BRDA:127,20,1,0
BRDA:137,21,0,0
BRDA:137,21,1,0
BRDA:160,22,0,0
BRDA:160,22,1,0
BRDA:185,23,0,0
BRDA:185,23,1,0
BRDA:189,24,0,0
BRDA:189,24,1,0
BRDA:197,25,0,0
BRDA:197,25,1,0
BRDA:198,26,0,0
BRDA:198,26,1,0
BRDA:208,27,0,0
BRDA:208,27,1,0
BRDA:222,28,0,3
BRDA:222,28,1,2
BRDA:223,29,0,1
BRDA:223,29,1,1
BRDA:248,30,0,1
BRDA:248,30,1,1
BRDA:268,31,0,1
BRDA:268,31,1,1
BRDA:285,32,0,1
BRDA:285,32,1,1
BRDA:313,33,0,1
BRDA:313,33,1,1
BRDA:331,34,0,0
BRDA:331,34,1,1
BRDA:340,35,0,1
BRDA:340,35,1,1
BRDA:345,36,0,0
BRDA:345,36,1,0
BRF:74
BRH:29
end_of_record
TN:
SF:src/components/RecommendationList.js
FN:6,RecommendationList
FN:9,(anonymous_1)
FN:10,(anonymous_2)
FN:16,(anonymous_3)
FN:17,(anonymous_4)
FN:23,(anonymous_5)
FN:37,(anonymous_6)
FN:69,(anonymous_7)
FN:74,(anonymous_8)
FN:77,(anonymous_9)
FN:85,(anonymous_10)
FN:86,(anonymous_11)
FN:88,(anonymous_12)
FN:91,(anonymous_13)
FN:92,(anonymous_14)
FNF:15
FNH:10
FNDA:2,RecommendationList
FNDA:0,(anonymous_1)
FNDA:0,(anonymous_2)
FNDA:1,(anonymous_3)
FNDA:1,(anonymous_4)
FNDA:1,(anonymous_5)
FNDA:2,(anonymous_6)
FNDA:0,(anonymous_7)
FNDA:1,(anonymous_8)
FNDA:1,(anonymous_9)
FNDA:0,(anonymous_10)
FNDA:1,(anonymous_11)
FNDA:0,(anonymous_12)
FNDA:1,(anonymous_13)
FNDA:1,(anonymous_14)
DA:7,2
DA:9,2
DA:10,0
DA:16,2
DA:17,1
DA:23,2
DA:24,1
DA:25,1
DA:26,1
DA:28,0
DA:30,1
DA:33,2
DA:38,2
DA:69,0
DA:74,1
DA:77,1
DA:85,0
DA:86,1
DA:88,0
DA:91,1
DA:92,1
LF:21
LH:16
BRDA:6,0,0,0
BRDA:24,1,0,1
BRDA:24,2,0,0
BRDA:24,3,0,1
BRDA:24,3,1,0
BRDA:25,4,0,1
BRDA:25,4,1,0
BRDA:42,5,0,2
BRDA:42,5,1,2
BRDA:47,6,0,2
BRDA:47,6,1,0
BRDA:50,7,0,2
BRDA:50,7,1,0
BRDA:53,8,0,2
BRDA:53,8,1,0
BRDA:64,9,0,2
BRDA:64,9,1,0
BRDA:64,10,0,2
BRDA:64,10,1,2
BRDA:65,11,0,2
BRDA:65,11,1,0
BRDA:65,12,0,2
BRDA:65,12,1,2
BRDA:73,13,0,2
BRDA:73,13,1,1
BRDA:83,14,0,2
BRDA:83,14,1,2
BRDA:85,15,0,0
BRDA:85,15,1,2
BRDA:85,16,0,2
BRDA:85,16,1,0
BRDA:88,17,0,0
BRDA:88,17,1,2
BRDA:88,18,0,2
BRDA:88,18,1,0
BRDA:91,19,0,1
BRDA:91,19,1,1
BRDA:92,20,0,1
BRDA:92,20,1,1
BRF:39
BRH:26
end_of_record
TN:
SF:src/components/StarRating.js
FN:8,StarRating
FN:11,(anonymous_1)
FN:17,(anonymous_2)
FN:18,(anonymous_3)
FN:19,(anonymous_4)
FNF:5
FNH:3
FNDA:4,StarRating
FNDA:20,(anonymous_1)
FNDA:1,(anonymous_2)
FNDA:0,(anonymous_3)
FNDA:0,(anonymous_4)
DA:6,4
DA:9,4
DA:10,4
DA:11,4
DA:12,20
DA:13,20
DA:17,1
DA:18,0
DA:19,0
DA:26,4
LF:10
LH:8
BRDA:16,0,0,3
BRDA:16,0,1,17
BRDA:16,1,0,20
BRDA:16,1,1,20
BRF:4
BRH:4
end_of_record
TN:
SF:src/components/ToWatchList.js
FN:5,ToWatchList
FN:10,(anonymous_1)
FN:18,(anonymous_2)
FN:23,(anonymous_3)
FN:34,(anonymous_4)
FNF:5
FNH:3
FNDA:2,ToWatchList
FNDA:1,(anonymous_1)
FNDA:1,(anonymous_2)
FNDA:0,(anonymous_3)
FNDA:0,(anonymous_4)
DA:6,2
DA:7,2
DA:8,2
DA:10,2
DA:11,1
DA:12,1
DA:13,1
DA:14,1
DA:18,2
DA:19,1
DA:20,1
DA:23,2
DA:24,0
DA:25,0
DA:26,0
DA:27,0
DA:28,0
DA:29,0
DA:31,0
DA:32,0
DA:34,0
DA:35,0
DA:36,0
DA:37,0
DA:38,0
DA:39,0
DA:41,0
DA:42,0
DA:44,0
DA:45,0
DA:47,0
DA:48,0
DA:50,0
DA:54,2
DA:62,0
LF:35
LH:13
BRDA:5,0,0,0
BRDA:13,1,0,0
BRDA:13,1,1,1
BRDA:20,2,0,0
BRDA:20,2,1,1
BRDA:27,3,0,0
BRDA:27,3,1,0
BRDA:32,4,0,0
BRDA:32,4,1,0
BRDA:37,5,0,0
BRDA:37,5,1,0
BRDA:39,6,0,0
BRDA:39,6,1,0
BRDA:54,7,0,2
BRDA:54,7,1,0
BRDA:65,8,0,0
BRDA:65,8,1,0
BRDA:66,9,0,0
BRDA:66,9,1,0
BRDA:66,9,2,0
BRDA:67,10,0,0
BRDA:67,10,1,0
BRDA:67,10,2,0
BRF:23
BRH:3
end_of_record
TN:
SF:src/components/UserPreferenceInputForm.js
FN:11,UserPreferenceInputForm
FN:27,(anonymous_1)
FN:37,(anonymous_2)
FN:39,(anonymous_3)
FN:52,(anonymous_4)
FN:55,(anonymous_5)
FN:55,(anonymous_6)
FN:56,(anonymous_7)
FN:58,(anonymous_8)
FN:62,(anonymous_9)
FN:64,(anonymous_10)
FN:67,(anonymous_11)
FN:71,(anonymous_12)
FN:75,(anonymous_13)
FN:75,(anonymous_14)
FN:77,(anonymous_15)
FN:80,(anonymous_16)
FN:85,(anonymous_17)
FN:89,(anonymous_18)
FN:91,(anonymous_19)
FN:96,(anonymous_20)
FN:100,(anonymous_21)
FN:102,(anonymous_22)
FN:107,(anonymous_23)
FN:111,(anonymous_24)
FN:163,(anonymous_25)
FN:166,(anonymous_26)
FN:174,(anonymous_27)
FN:177,(anonymous_28)
FN:177,(anonymous_29)
FN:193,(anonymous_30)
FN:207,(anonymous_31)
FN:210,(anonymous_32)
FN:218,(anonymous_33)
FN:221,(anonymous_34)
FN:221,(anonymous_35)
FN:235,(anonymous_36)
FN:238,(anonymous_37)
FN:246,(anonymous_38)
FN:249,(anonymous_39)
FN:249,(anonymous_40)
FNF:41
FNH:15
FNDA:7,UserPreferenceInputForm
FNDA:1,(anonymous_1)
FNDA:1,(anonymous_2)
FNDA:1,(anonymous_3)
FNDA:0,(anonymous_4)
FNDA:0,(anonymous_5)
FNDA:0,(anonymous_6)
FNDA:0,(anonymous_7)
FNDA:0,(anonymous_8)
FNDA:0,(anonymous_9)
FNDA:0,(anonymous_10)
FNDA:1,(anonymous_11)
FNDA:0,(anonymous_12)
FNDA:0,(anonymous_13)
FNDA:0,(anonymous_14)
FNDA:1,(anonymous_15)
FNDA:1,(anonymous_16)
FNDA:1,(anonymous_17)
FNDA:0,(anonymous_18)
FNDA:0,(anonymous_19)
FNDA:0,(anonymous_20)
FNDA:0,(anonymous_21)
FNDA:0,(anonymous_22)
FNDA:0,(anonymous_23)
FNDA:1,(anonymous_24)
FNDA:1,(anonymous_25)
FNDA:4,(anonymous_26)
FNDA:3,(anonymous_27)
FNDA:0,(anonymous_28)
FNDA:0,(anonymous_29)
FNDA:4,(anonymous_30)
FNDA:0,(anonymous_31)
FNDA:4,(anonymous_32)
FNDA:0,(anonymous_33)
FNDA:0,(anonymous_34)
FNDA:0,(anonymous_35)
FNDA:0,(anonymous_36)
FNDA:4,(anonymous_37)
FNDA:0,(anonymous_38)
FNDA:0,(anonymous_39)
FNDA:0,(anonymous_40)
DA:12,7
DA:18,7
DA:21,7
DA:22,7
DA:23,7
DA:24,7
DA:25,7
DA:27,7
DA:29,1
DA:30,1
DA:31,1
DA:32,1
DA:34,1
DA:37,7
DA:39,1
DA:40,1
DA:41,1
DA:42,1
DA:43,1
DA:44,1
DA:46,0
DA:49,1
DA:52,7
DA:53,0
DA:54,0
DA:55,0
DA:56,0
DA:58,0
DA:62,7
DA:63,0
DA:64,0
DA:67,7
DA:68,1
DA:69,1
DA:70,1
DA:71,1
DA:72,1
DA:75,7
DA:77,7
DA:79,1
DA:80,1
DA:81,1
DA:82,0
DA:83,0
DA:85,1
DA:86,1
DA:89,7
DA:90,0
DA:91,0
DA:92,0
DA:93,0
DA:94,0
DA:96,0
DA:97,0
DA:100,7
DA:101,0
DA:102,0
DA:103,0
DA:104,0
DA:105,0
DA:107,0
DA:108,0
DA:111,7
DA:112,1
DA:114,1
DA:124,1
DA:125,1
DA:126,1
DA:127,1
DA:132,1
DA:133,1
DA:134,0
DA:135,0
DA:137,1
DA:138,1
DA:141,0
DA:142,0
DA:144,1
DA:148,7
DA:163,1
DA:167,4
DA:175,3
DA:177,0
DA:194,4
DA:207,0
DA:211,4
DA:219,0
DA:221,0
DA:235,0
DA:239,4
DA:247,0
DA:249,0
LF:92
LH:57
BRDA:30,0,0,1
BRDA:30,0,1,0
BRDA:42,1,0,0
BRDA:42,1,1,1
BRDA:54,2,0,0
BRDA:54,2,1,0
BRDA:63,3,0,0
BRDA:63,3,1,0
BRDA:68,4,0,0
BRDA:68,4,1,1
BRDA:70,5,0,0
BRDA:70,5,1,1
BRDA:71,6,0,0
BRDA:71,6,1,1
BRDA:79,7,0,0
BRDA:79,7,1,1
BRDA:81,8,0,0
BRDA:81,8,1,1
BRDA:90,9,0,0
BRDA:90,9,1,0
BRDA:92,10,0,0
BRDA:92,10,1,0
BRDA:101,11,0,0
BRDA:101,11,1,0
BRDA:103,12,0,0
BRDA:103,12,1,0
BRDA:133,13,0,0
BRDA:133,13,1,1
BRDA:135,14,0,0
BRDA:135,14,1,0
BRDA:166,15,0,7
BRDA:166,15,1,7
BRDA:193,16,0,7
BRDA:193,16,1,7
BRDA:210,17,0,7
BRDA:210,17,1,7
BRDA:238,18,0,7
BRDA:238,18,1,7
BRDA:256,19,0,1
BRDA:256,19,1,6
BRDA:260,20,0,7
BRDA:260,20,1,7
BRF:42
BRH:20
end_of_record
TN:
SF:src/tests/mocks/handlers.js
FN:7,(anonymous_0)
FN:12,(anonymous_1)
FN:17,(anonymous_2)
FN:22,(anonymous_3)
FN:28,(anonymous_4)
FN:33,(anonymous_5)
FN:40,(anonymous_6)
FN:43,(anonymous_7)
FN:46,(anonymous_8)
FNF:9
FNH:0
FNDA:0,(anonymous_0)
FNDA:0,(anonymous_1)
FNDA:0,(anonymous_2)
FNDA:0,(anonymous_3)
FNDA:0,(anonymous_4)
FNDA:0,(anonymous_5)
FNDA:0,(anonymous_6)
FNDA:0,(anonymous_7)
FNDA:0,(anonymous_8)
DA:3,9
DA:5,9
DA:8,0
DA:13,0
DA:18,0
DA:23,0
DA:24,0
DA:29,0
DA:35,0
DA:36,0
DA:41,0
DA:44,0
DA:47,0
LF:13
LH:2
BRDA:23,0,0,0
BRDA:23,0,1,0
BRDA:35,1,0,0
BRDA:35,1,1,0
BRF:4
BRH:0
end_of_record
TN:
SF:src/tests/mocks/server.js
FNF:0
FNH:0
DA:4,9
LF:1
LH:1
BRF:0
BRH:0
end_of_record
