TN:
SF:src\App.js
FN:12,App
FN:21,(anonymous_1)
FN:23,(anonymous_2)
FN:39,(anonymous_3)
FN:116,(anonymous_4)
FN:129,(anonymous_5)
FN:158,(anonymous_6)
FN:173,(anonymous_7)
FN:183,(anonymous_8)
FN:183,(anonymous_9)
FN:185,(anonymous_10)
FN:186,(anonymous_11)
FN:194,(anonymous_12)
FN:202,(anonymous_13)
FN:202,(anonymous_14)
FN:208,(anonymous_15)
FN:209,(anonymous_16)
FN:218,(anonymous_17)
FN:231,(anonymous_18)
FN:244,(anonymous_19)
FN:245,(anonymous_20)
FN:246,(anonymous_21)
FN:247,(anonymous_22)
FN:254,(anonymous_23)
FN:256,(anonymous_24)
FN:258,(anonymous_25)
FN:270,(anonymous_26)
FNF:27
FNH:4
FNDA:5,App
FNDA:2,(anonymous_1)
FNDA:2,(anonymous_2)
FNDA:0,(anonymous_3)
FNDA:0,(anonymous_4)
FNDA:0,(anonymous_5)
FNDA:0,(anonymous_6)
FNDA:0,(anonymous_7)
FNDA:0,(anonymous_8)
FNDA:0,(anonymous_9)
FNDA:0,(anonymous_10)
FNDA:0,(anonymous_11)
FNDA:0,(anonymous_12)
FNDA:0,(anonymous_13)
FNDA:0,(anonymous_14)
FNDA:0,(anonymous_15)
FNDA:0,(anonymous_16)
FNDA:0,(anonymous_17)
FNDA:0,(anonymous_18)
FNDA:0,(anonymous_19)
FNDA:1,(anonymous_20)
FNDA:0,(anonymous_21)
FNDA:0,(anonymous_22)
FNDA:0,(anonymous_23)
FNDA:0,(anonymous_24)
FNDA:0,(anonymous_25)
FNDA:0,(anonymous_26)
DA:13,5
DA:14,5
DA:15,5
DA:16,5
DA:17,5
DA:18,5
DA:19,5
DA:21,5
DA:23,2
DA:24,2
DA:25,2
DA:26,0
DA:27,0
DA:28,0
DA:29,0
DA:30,0
DA:32,0
DA:34,2
DA:39,5
DA:40,0
DA:41,0
DA:42,0
DA:44,0
DA:45,0
DA:46,0
DA:47,0
DA:48,0
DA:49,0
DA:50,0
DA:51,0
DA:52,0
DA:53,0
DA:56,0
DA:57,0
DA:58,0
DA:59,0
DA:60,0
DA:61,0
DA:62,0
DA:63,0
DA:65,0
DA:66,0
DA:67,0
DA:68,0
DA:69,0
DA:70,0
DA:71,0
DA:72,0
DA:75,0
DA:76,0
DA:78,0
DA:79,0
DA:83,0
DA:84,0
DA:85,0
DA:86,0
DA:88,0
DA:89,0
DA:90,0
DA:91,0
DA:92,0
DA:93,0
DA:96,0
DA:99,0
DA:100,0
DA:104,0
DA:105,0
DA:108,0
DA:110,0
DA:116,5
DA:117,0
DA:118,0
DA:119,0
DA:120,0
DA:121,0
DA:122,0
DA:123,0
DA:128,0
DA:129,0
DA:130,0
DA:132,0
DA:134,0
DA:135,0
DA:136,0
DA:137,0
DA:138,0
DA:139,0
DA:140,0
DA:142,0
DA:145,0
DA:148,0
DA:149,0
DA:151,0
DA:153,0
DA:158,5
DA:159,0
DA:160,0
DA:161,0
DA:162,0
DA:165,0
DA:166,0
DA:169,0
DA:173,5
DA:174,0
DA:175,0
DA:176,0
DA:177,0
DA:180,0
DA:181,0
DA:183,0
DA:185,0
DA:186,0
DA:187,0
DA:188,0
DA:191,0
DA:194,5
DA:195,0
DA:196,0
DA:197,0
DA:198,0
DA:201,0
DA:202,0
DA:205,0
DA:208,5
DA:209,0
DA:210,0
DA:211,0
DA:212,0
DA:214,0
DA:218,5
DA:219,0
DA:220,0
DA:221,0
DA:222,0
DA:225,0
DA:226,0
DA:228,0
DA:231,5
DA:232,0
DA:233,0
DA:234,0
DA:235,0
DA:238,0
DA:239,0
DA:241,0
DA:244,5
DA:245,5
DA:246,5
DA:247,5
DA:249,5
DA:254,0
DA:256,0
DA:258,0
DA:270,0
LF:154
LH:25
BRDA:25,0,0,2
BRDA:25,0,1,0
BRDA:28,1,0,0
BRDA:28,1,1,0
BRDA:30,2,0,0
BRDA:30,2,1,0
BRDA:46,3,0,0
BRDA:46,3,1,0
BRDA:50,4,0,0
BRDA:50,4,1,0
BRDA:50,5,0,0
BRDA:50,5,1,0
BRDA:56,6,0,0
BRDA:56,6,1,0
BRDA:60,7,0,0
BRDA:60,7,1,0
BRDA:60,8,0,0
BRDA:60,8,1,0
BRDA:65,9,0,0
BRDA:65,9,1,0
BRDA:69,10,0,0
BRDA:69,10,1,0
BRDA:69,11,0,0
BRDA:69,11,1,0
BRDA:79,12,0,0
BRDA:79,12,1,0
BRDA:79,13,0,0
BRDA:79,13,1,0
BRDA:83,14,0,0
BRDA:83,14,1,0
BRDA:88,15,0,0
BRDA:88,15,1,0
BRDA:88,16,0,0
BRDA:88,16,1,0
BRDA:88,16,2,0
BRDA:89,17,0,0
BRDA:89,17,1,0
BRDA:91,18,0,0
BRDA:91,18,1,0
BRDA:93,19,0,0
BRDA:93,19,1,0
BRDA:118,20,0,0
BRDA:118,20,1,0
BRDA:128,21,0,0
BRDA:128,21,1,0
BRDA:130,22,0,0
BRDA:130,22,1,0
BRDA:134,23,0,0
BRDA:134,23,1,0
BRDA:139,24,0,0
BRDA:139,24,1,0
BRDA:142,25,0,0
BRDA:142,25,1,0
BRDA:160,26,0,0
BRDA:160,26,1,0
BRDA:165,27,0,0
BRDA:165,27,1,0
BRDA:175,28,0,0
BRDA:175,28,1,0
BRDA:180,29,0,0
BRDA:180,29,1,0
BRDA:183,30,0,0
BRDA:183,30,1,0
BRDA:183,31,0,0
BRDA:183,31,1,0
BRDA:187,32,0,0
BRDA:187,32,1,0
BRDA:196,33,0,0
BRDA:196,33,1,0
BRDA:201,34,0,0
BRDA:201,34,1,0
BRDA:209,35,0,0
BRDA:209,35,1,0
BRDA:210,36,0,0
BRDA:210,36,1,0
BRDA:220,37,0,0
BRDA:220,37,1,0
BRDA:225,38,0,0
BRDA:225,38,1,0
BRDA:233,39,0,0
BRDA:233,39,1,0
BRDA:238,40,0,0
BRDA:238,40,1,0
BRDA:264,41,0,5
BRDA:264,41,1,4
BRDA:270,42,0,0
BRDA:270,42,1,0
BRDA:277,43,0,4
BRDA:277,43,1,0
BRDA:278,44,0,4
BRDA:278,44,1,0
BRDA:280,45,0,4
BRDA:280,45,1,0
BRDA:294,46,0,5
BRDA:294,46,1,0
BRDA:298,47,0,5
BRDA:298,47,1,1
BRDA:302,48,0,5
BRDA:302,48,1,0
BRDA:305,49,0,5
BRDA:305,49,1,0
BRDA:308,50,0,5
BRDA:308,50,1,0
BRF:103
BRH:12
end_of_record
TN:
SF:src\api.js
FNF:0
FNH:0
DA:2,5
LF:1
LH:1
BRDA:2,0,0,5
BRDA:2,0,1,5
BRF:2
BRH:2
end_of_record
TN:
SF:src\index.js
FNF:0
FNH:0
DA:7,0
DA:11,0
DA:13,0
LF:3
LH:0
BRF:0
BRH:0
end_of_record
TN:
SF:src\components\AccessibilityMenu.js
FN:4,AccessibilityMenu
FN:15,(anonymous_1)
FN:25,(anonymous_2)
FN:29,(anonymous_3)
FN:48,(anonymous_4)
FN:48,(anonymous_5)
FN:50,(anonymous_6)
FN:59,(anonymous_7)
FN:71,(anonymous_8)
FN:72,(anonymous_9)
FN:73,(anonymous_10)
FN:80,(anonymous_11)
FN:88,(anonymous_12)
FN:96,(anonymous_13)
FN:98,(anonymous_14)
FN:109,(anonymous_15)
FNF:16
FNH:9
FNDA:3,AccessibilityMenu
FNDA:1,(anonymous_1)
FNDA:3,(anonymous_2)
FNDA:3,(anonymous_3)
FNDA:2,(anonymous_4)
FNDA:2,(anonymous_5)
FNDA:1,(anonymous_6)
FNDA:0,(anonymous_7)
FNDA:0,(anonymous_8)
FNDA:0,(anonymous_9)
FNDA:0,(anonymous_10)
FNDA:1,(anonymous_11)
FNDA:0,(anonymous_12)
FNDA:0,(anonymous_13)
FNDA:1,(anonymous_14)
FNDA:0,(anonymous_15)
DA:5,3
DA:13,3
DA:15,3
DA:17,1
DA:18,1
DA:19,1
DA:21,0
DA:25,3
DA:26,3
DA:29,3
DA:31,3
DA:32,3
DA:35,3
DA:38,3
DA:41,3
DA:44,3
DA:45,3
DA:48,3
DA:50,3
DA:51,1
DA:52,1
DA:54,0
DA:56,1
DA:59,3
DA:60,0
DA:61,0
DA:64,3
DA:71,0
DA:72,0
DA:73,0
DA:80,1
DA:88,0
DA:96,0
DA:98,1
DA:109,0
LF:35
LH:25
BRDA:19,0,0,0
BRDA:19,0,1,1
BRDA:32,1,0,3
BRDA:32,1,1,0
BRDA:35,2,0,2
BRDA:35,2,1,1
BRDA:38,3,0,0
BRDA:38,3,1,3
BRDA:41,4,0,0
BRDA:41,4,1,3
BRDA:45,5,0,3
BRDA:45,5,1,0
BRDA:56,6,0,1
BRDA:56,6,1,1
BRDA:71,7,0,0
BRDA:71,7,1,3
BRDA:72,8,0,3
BRDA:72,8,1,0
BRDA:73,9,0,0
BRDA:73,9,1,3
BRDA:109,10,0,0
BRDA:109,10,1,0
BRDA:109,11,0,0
BRDA:109,11,1,0
BRF:24
BRH:12
end_of_record
TN:
SF:src\components\BugReportPage.js
FN:5,BugReportPage
FN:11,(anonymous_1)
FN:16,(anonymous_2)
FN:62,(anonymous_3)
FN:67,(anonymous_4)
FNF:5
FNH:5
FNDA:5,BugReportPage
FNDA:1,(anonymous_1)
FNDA:1,(anonymous_2)
FNDA:1,(anonymous_3)
FNDA:1,(anonymous_4)
DA:6,5
DA:7,5
DA:8,5
DA:9,5
DA:11,5
DA:12,1
DA:13,1
DA:16,5
DA:17,1
DA:18,1
DA:19,0
DA:20,0
DA:23,1
DA:29,1
DA:30,1
DA:31,1
DA:37,1
DA:38,1
DA:39,0
DA:40,0
DA:42,1
DA:43,1
DA:44,1
DA:47,0
DA:48,0
DA:50,1
DA:54,5
DA:62,1
DA:67,1
LF:29
LH:23
BRDA:13,0,0,0
BRDA:13,0,1,1
BRDA:18,1,0,0
BRDA:18,1,1,1
BRDA:18,2,0,1
BRDA:18,2,1,1
BRDA:38,3,0,0
BRDA:38,3,1,1
BRDA:40,4,0,0
BRDA:40,4,1,0
BRDA:71,5,0,1
BRDA:71,5,1,4
BRF:12
BRH:7
end_of_record
TN:
SF:src\components\MovieInputForm.js
FN:5,MovieInputForm
FN:9,(anonymous_1)
FN:24,(anonymous_2)
FN:39,(anonymous_3)
FNF:4
FNH:4
FNDA:8,MovieInputForm
FNDA:1,(anonymous_1)
FNDA:1,(anonymous_2)
FNDA:1,(anonymous_3)
DA:6,8
DA:7,8
DA:9,8
DA:10,1
DA:11,1
DA:12,1
DA:16,8
DA:24,1
DA:39,1
LF:9
LH:9
BRDA:11,0,0,1
BRDA:11,0,1,0
BRDA:11,1,0,1
BRDA:11,1,1,1
BRDA:46,2,0,1
BRDA:46,2,1,7
BRF:6
BRH:5
end_of_record
TN:
SF:src\components\ProfilePage.js
FN:5,ProfilePage
FN:21,(anonymous_1)
FN:31,(anonymous_2)
FN:44,(anonymous_3)
FN:78,(anonymous_4)
FN:81,(anonymous_5)
FN:81,(anonymous_6)
FN:82,(anonymous_7)
FN:84,(anonymous_8)
FN:88,(anonymous_9)
FN:90,(anonymous_10)
FN:93,(anonymous_11)
FN:97,(anonymous_12)
FN:101,(anonymous_13)
FN:101,(anonymous_14)
FN:103,(anonymous_15)
FN:105,(anonymous_16)
FN:110,(anonymous_17)
FN:114,(anonymous_18)
FN:116,(anonymous_19)
FN:121,(anonymous_20)
FN:125,(anonymous_21)
FN:127,(anonymous_22)
FN:132,(anonymous_23)
FN:136,(anonymous_24)
FN:179,(anonymous_25)
FN:181,(anonymous_26)
FN:184,(anonymous_27)
FN:246,(anonymous_28)
FN:249,(anonymous_29)
FN:257,(anonymous_30)
FN:260,(anonymous_31)
FN:260,(anonymous_32)
FN:269,(anonymous_33)
FN:283,(anonymous_34)
FN:286,(anonymous_35)
FN:294,(anonymous_36)
FN:297,(anonymous_37)
FN:297,(anonymous_38)
FN:311,(anonymous_39)
FN:314,(anonymous_40)
FN:322,(anonymous_41)
FN:325,(anonymous_42)
FN:325,(anonymous_43)
FN:343,(anonymous_44)
FNF:45
FNH:7
FNDA:5,ProfilePage
FNDA:2,(anonymous_1)
FNDA:1,(anonymous_2)
FNDA:1,(anonymous_3)
FNDA:0,(anonymous_4)
FNDA:0,(anonymous_5)
FNDA:0,(anonymous_6)
FNDA:0,(anonymous_7)
FNDA:0,(anonymous_8)
FNDA:0,(anonymous_9)
FNDA:0,(anonymous_10)
FNDA:0,(anonymous_11)
FNDA:0,(anonymous_12)
FNDA:0,(anonymous_13)
FNDA:0,(anonymous_14)
FNDA:0,(anonymous_15)
FNDA:0,(anonymous_16)
FNDA:0,(anonymous_17)
FNDA:0,(anonymous_18)
FNDA:0,(anonymous_19)
FNDA:0,(anonymous_20)
FNDA:0,(anonymous_21)
FNDA:0,(anonymous_22)
FNDA:0,(anonymous_23)
FNDA:0,(anonymous_24)
FNDA:0,(anonymous_25)
FNDA:0,(anonymous_26)
FNDA:0,(anonymous_27)
FNDA:0,(anonymous_28)
FNDA:1,(anonymous_29)
FNDA:1,(anonymous_30)
FNDA:0,(anonymous_31)
FNDA:0,(anonymous_32)
FNDA:0,(anonymous_33)
FNDA:0,(anonymous_34)
FNDA:1,(anonymous_35)
FNDA:0,(anonymous_36)
FNDA:0,(anonymous_37)
FNDA:0,(anonymous_38)
FNDA:0,(anonymous_39)
FNDA:0,(anonymous_40)
FNDA:0,(anonymous_41)
FNDA:0,(anonymous_42)
FNDA:0,(anonymous_43)
FNDA:0,(anonymous_44)
DA:6,5
DA:7,5
DA:8,5
DA:9,5
DA:15,5
DA:16,5
DA:17,5
DA:18,5
DA:19,5
DA:21,5
DA:22,2
DA:23,2
DA:24,1
DA:25,1
DA:26,1
DA:28,1
DA:29,1
DA:31,1
DA:32,1
DA:33,1
DA:34,1
DA:35,1
DA:36,1
DA:38,0
DA:41,1
DA:44,5
DA:45,1
DA:46,1
DA:47,1
DA:52,1
DA:53,1
DA:54,1
DA:55,1
DA:62,0
DA:65,1
DA:66,1
DA:67,1
DA:69,0
DA:72,0
DA:74,1
DA:78,5
DA:79,0
DA:80,0
DA:81,0
DA:82,0
DA:84,0
DA:88,5
DA:89,0
DA:90,0
DA:93,5
DA:94,0
DA:95,0
DA:96,0
DA:97,0
DA:98,0
DA:101,5
DA:103,5
DA:104,0
DA:105,0
DA:106,0
DA:107,0
DA:108,0
DA:110,0
DA:111,0
DA:114,5
DA:115,0
DA:116,0
DA:117,0
DA:118,0
DA:119,0
DA:121,0
DA:122,0
DA:125,5
DA:126,0
DA:127,0
DA:128,0
DA:129,0
DA:130,0
DA:132,0
DA:133,0
DA:136,5
DA:137,0
DA:138,0
DA:139,0
DA:140,0
DA:143,0
DA:153,0
DA:154,0
DA:155,0
DA:160,0
DA:161,0
DA:162,0
DA:163,0
DA:165,0
DA:166,0
DA:169,0
DA:170,0
DA:172,0
DA:177,5
DA:179,5
DA:180,0
DA:181,0
DA:184,5
DA:185,0
DA:186,0
DA:187,0
DA:188,0
DA:190,0
DA:191,0
DA:192,0
DA:195,0
DA:202,0
DA:203,0
DA:208,0
DA:209,0
DA:210,0
DA:211,0
DA:213,0
DA:214,0
DA:215,0
DA:218,0
DA:219,0
DA:223,5
DA:224,2
DA:232,1
DA:246,0
DA:250,1
DA:258,1
DA:260,0
DA:270,0
DA:283,0
DA:287,1
DA:295,0
DA:297,0
DA:311,0
DA:315,0
DA:323,0
DA:325,0
DA:344,0
LF:139
LH:53
BRDA:23,0,0,1
BRDA:23,0,1,1
BRDA:34,1,0,0
BRDA:34,1,1,1
BRDA:52,2,0,1
BRDA:52,2,1,0
BRDA:54,3,0,1
BRDA:54,3,1,0
BRDA:56,4,0,1
BRDA:56,4,1,0
BRDA:57,5,0,1
BRDA:57,5,1,1
BRDA:58,6,0,1
BRDA:58,6,1,1
BRDA:59,7,0,1
BRDA:59,7,1,1
BRDA:65,8,0,1
BRDA:65,8,1,0
BRDA:67,9,0,1
BRDA:67,9,1,0
BRDA:80,10,0,0
BRDA:80,10,1,0
BRDA:89,11,0,0
BRDA:89,11,1,0
BRDA:94,12,0,0
BRDA:94,12,1,0
BRDA:96,13,0,0
BRDA:96,13,1,0
BRDA:97,14,0,0
BRDA:97,14,1,0
BRDA:104,15,0,0
BRDA:104,15,1,0
BRDA:106,16,0,0
BRDA:106,16,1,0
BRDA:115,17,0,0
BRDA:115,17,1,0
BRDA:117,18,0,0
BRDA:117,18,1,0
BRDA:126,19,0,0
BRDA:126,19,1,0
BRDA:128,20,0,0
BRDA:128,20,1,0
BRDA:138,21,0,0
BRDA:138,21,1,0
BRDA:161,22,0,0
BRDA:161,22,1,0
BRDA:186,23,0,0
BRDA:186,23,1,0
BRDA:190,24,0,0
BRDA:190,24,1,0
BRDA:198,25,0,0
BRDA:198,25,1,0
BRDA:199,26,0,0
BRDA:199,26,1,0
BRDA:209,27,0,0
BRDA:209,27,1,0
BRDA:223,28,0,3
BRDA:223,28,1,2
BRDA:224,29,0,1
BRDA:224,29,1,1
BRDA:249,30,0,1
BRDA:249,30,1,1
BRDA:269,31,0,1
BRDA:269,31,1,1
BRDA:286,32,0,1
BRDA:286,32,1,1
BRDA:314,33,0,1
BRDA:314,33,1,1
BRDA:332,34,0,0
BRDA:332,34,1,1
BRDA:341,35,0,1
BRDA:341,35,1,1
BRDA:346,36,0,0
BRDA:346,36,1,0
BRF:74
BRH:29
end_of_record
TN:
SF:src\components\RecommendationList.js
FN:6,RecommendationList
FN:9,(anonymous_1)
FN:10,(anonymous_2)
FN:16,(anonymous_3)
FN:17,(anonymous_4)
FN:23,(anonymous_5)
FN:37,(anonymous_6)
FN:69,(anonymous_7)
FN:74,(anonymous_8)
FN:77,(anonymous_9)
FN:85,(anonymous_10)
FN:86,(anonymous_11)
FN:88,(anonymous_12)
FN:91,(anonymous_13)
FN:92,(anonymous_14)
FNF:15
FNH:10
FNDA:2,RecommendationList
FNDA:0,(anonymous_1)
FNDA:0,(anonymous_2)
FNDA:1,(anonymous_3)
FNDA:1,(anonymous_4)
FNDA:1,(anonymous_5)
FNDA:2,(anonymous_6)
FNDA:0,(anonymous_7)
FNDA:1,(anonymous_8)
FNDA:1,(anonymous_9)
FNDA:0,(anonymous_10)
FNDA:1,(anonymous_11)
FNDA:0,(anonymous_12)
FNDA:1,(anonymous_13)
FNDA:1,(anonymous_14)
DA:7,2
DA:9,2
DA:10,0
DA:16,2
DA:17,1
DA:23,2
DA:24,1
DA:25,1
DA:26,1
DA:28,0
DA:30,1
DA:33,2
DA:38,2
DA:69,0
DA:74,1
DA:77,1
DA:85,0
DA:86,1
DA:88,0
DA:91,1
DA:92,1
LF:21
LH:16
BRDA:6,0,0,0
BRDA:24,1,0,1
BRDA:24,2,0,0
BRDA:24,3,0,1
BRDA:24,3,1,0
BRDA:25,4,0,1
BRDA:25,4,1,0
BRDA:42,5,0,2
BRDA:42,5,1,2
BRDA:47,6,0,2
BRDA:47,6,1,0
BRDA:50,7,0,2
BRDA:50,7,1,0
BRDA:53,8,0,2
BRDA:53,8,1,0
BRDA:64,9,0,2
BRDA:64,9,1,0
BRDA:64,10,0,2
BRDA:64,10,1,2
BRDA:65,11,0,2
BRDA:65,11,1,0
BRDA:65,12,0,2
BRDA:65,12,1,2
BRDA:73,13,0,2
BRDA:73,13,1,1
BRDA:83,14,0,2
BRDA:83,14,1,2
BRDA:85,15,0,0
BRDA:85,15,1,2
BRDA:85,16,0,2
BRDA:85,16,1,0
BRDA:88,17,0,0
BRDA:88,17,1,2
BRDA:88,18,0,2
BRDA:88,18,1,0
BRDA:91,19,0,1
BRDA:91,19,1,1
BRDA:92,20,0,1
BRDA:92,20,1,1
BRF:39
BRH:26
end_of_record
TN:
SF:src\components\StarRating.js
FN:8,StarRating
FN:11,(anonymous_1)
FN:17,(anonymous_2)
FN:18,(anonymous_3)
FN:19,(anonymous_4)
FNF:5
FNH:3
FNDA:4,StarRating
FNDA:20,(anonymous_1)
FNDA:1,(anonymous_2)
FNDA:0,(anonymous_3)
FNDA:0,(anonymous_4)
DA:6,4
DA:9,4
DA:10,4
DA:11,4
DA:12,20
DA:13,20
DA:17,1
DA:18,0
DA:19,0
DA:26,4
LF:10
LH:8
BRDA:16,0,0,3
BRDA:16,0,1,17
BRDA:16,1,0,20
BRDA:16,1,1,20
BRF:4
BRH:4
end_of_record
TN:
SF:src\components\ToWatchList.js
FN:6,ToWatchList
FN:11,(anonymous_1)
FN:19,(anonymous_2)
FN:24,(anonymous_3)
FN:35,(anonymous_4)
FNF:5
FNH:3
FNDA:2,ToWatchList
FNDA:1,(anonymous_1)
FNDA:1,(anonymous_2)
FNDA:0,(anonymous_3)
FNDA:0,(anonymous_4)
DA:7,2
DA:8,2
DA:9,2
DA:11,2
DA:12,1
DA:13,1
DA:14,1
DA:15,1
DA:19,2
DA:20,1
DA:21,1
DA:24,2
DA:25,0
DA:26,0
DA:27,0
DA:28,0
DA:29,0
DA:30,0
DA:32,0
DA:33,0
DA:35,0
DA:36,0
DA:37,0
DA:38,0
DA:39,0
DA:40,0
DA:42,0
DA:43,0
DA:45,0
DA:46,0
DA:48,0
DA:49,0
DA:51,0
DA:55,2
DA:63,0
LF:35
LH:13
BRDA:6,0,0,0
BRDA:14,1,0,0
BRDA:14,1,1,1
BRDA:21,2,0,0
BRDA:21,2,1,1
BRDA:28,3,0,0
BRDA:28,3,1,0
BRDA:33,4,0,0
BRDA:33,4,1,0
BRDA:38,5,0,0
BRDA:38,5,1,0
BRDA:40,6,0,0
BRDA:40,6,1,0
BRDA:55,7,0,2
BRDA:55,7,1,0
BRDA:66,8,0,0
BRDA:66,8,1,0
BRDA:67,9,0,0
BRDA:67,9,1,0
BRDA:67,9,2,0
BRDA:68,10,0,0
BRDA:68,10,1,0
BRDA:68,10,2,0
BRF:23
BRH:3
end_of_record
TN:
SF:src\components\UserPreferenceInputForm.js
FN:12,UserPreferenceInputForm
FN:28,(anonymous_1)
FN:38,(anonymous_2)
FN:40,(anonymous_3)
FN:53,(anonymous_4)
FN:56,(anonymous_5)
FN:56,(anonymous_6)
FN:57,(anonymous_7)
FN:59,(anonymous_8)
FN:63,(anonymous_9)
FN:65,(anonymous_10)
FN:68,(anonymous_11)
FN:72,(anonymous_12)
FN:76,(anonymous_13)
FN:76,(anonymous_14)
FN:78,(anonymous_15)
FN:81,(anonymous_16)
FN:86,(anonymous_17)
FN:90,(anonymous_18)
FN:92,(anonymous_19)
FN:97,(anonymous_20)
FN:101,(anonymous_21)
FN:103,(anonymous_22)
FN:108,(anonymous_23)
FN:112,(anonymous_24)
FN:164,(anonymous_25)
FN:167,(anonymous_26)
FN:175,(anonymous_27)
FN:178,(anonymous_28)
FN:178,(anonymous_29)
FN:194,(anonymous_30)
FN:208,(anonymous_31)
FN:211,(anonymous_32)
FN:219,(anonymous_33)
FN:222,(anonymous_34)
FN:222,(anonymous_35)
FN:236,(anonymous_36)
FN:239,(anonymous_37)
FN:247,(anonymous_38)
FN:250,(anonymous_39)
FN:250,(anonymous_40)
FNF:41
FNH:15
FNDA:7,UserPreferenceInputForm
FNDA:1,(anonymous_1)
FNDA:1,(anonymous_2)
FNDA:1,(anonymous_3)
FNDA:0,(anonymous_4)
FNDA:0,(anonymous_5)
FNDA:0,(anonymous_6)
FNDA:0,(anonymous_7)
FNDA:0,(anonymous_8)
FNDA:0,(anonymous_9)
FNDA:0,(anonymous_10)
FNDA:1,(anonymous_11)
FNDA:0,(anonymous_12)
FNDA:0,(anonymous_13)
FNDA:0,(anonymous_14)
FNDA:1,(anonymous_15)
FNDA:1,(anonymous_16)
FNDA:1,(anonymous_17)
FNDA:0,(anonymous_18)
FNDA:0,(anonymous_19)
FNDA:0,(anonymous_20)
FNDA:0,(anonymous_21)
FNDA:0,(anonymous_22)
FNDA:0,(anonymous_23)
FNDA:1,(anonymous_24)
FNDA:1,(anonymous_25)
FNDA:4,(anonymous_26)
FNDA:3,(anonymous_27)
FNDA:0,(anonymous_28)
FNDA:0,(anonymous_29)
FNDA:4,(anonymous_30)
FNDA:0,(anonymous_31)
FNDA:4,(anonymous_32)
FNDA:0,(anonymous_33)
FNDA:0,(anonymous_34)
FNDA:0,(anonymous_35)
FNDA:0,(anonymous_36)
FNDA:4,(anonymous_37)
FNDA:0,(anonymous_38)
FNDA:0,(anonymous_39)
FNDA:0,(anonymous_40)
DA:13,7
DA:19,7
DA:22,7
DA:23,7
DA:24,7
DA:25,7
DA:26,7
DA:28,7
DA:30,1
DA:31,1
DA:32,1
DA:33,1
DA:35,1
DA:38,7
DA:40,1
DA:41,1
DA:42,1
DA:43,1
DA:44,1
DA:45,1
DA:47,0
DA:50,1
DA:53,7
DA:54,0
DA:55,0
DA:56,0
DA:57,0
DA:59,0
DA:63,7
DA:64,0
DA:65,0
DA:68,7
DA:69,1
DA:70,1
DA:71,1
DA:72,1
DA:73,1
DA:76,7
DA:78,7
DA:80,1
DA:81,1
DA:82,1
DA:83,0
DA:84,0
DA:86,1
DA:87,1
DA:90,7
DA:91,0
DA:92,0
DA:93,0
DA:94,0
DA:95,0
DA:97,0
DA:98,0
DA:101,7
DA:102,0
DA:103,0
DA:104,0
DA:105,0
DA:106,0
DA:108,0
DA:109,0
DA:112,7
DA:113,1
DA:115,1
DA:125,1
DA:126,1
DA:127,1
DA:128,1
DA:133,1
DA:134,1
DA:135,0
DA:136,0
DA:138,1
DA:139,1
DA:142,0
DA:143,0
DA:145,1
DA:149,7
DA:164,1
DA:168,4
DA:176,3
DA:178,0
DA:195,4
DA:208,0
DA:212,4
DA:220,0
DA:222,0
DA:236,0
DA:240,4
DA:248,0
DA:250,0
LF:92
LH:57
BRDA:31,0,0,1
BRDA:31,0,1,0
BRDA:43,1,0,0
BRDA:43,1,1,1
BRDA:55,2,0,0
BRDA:55,2,1,0
BRDA:64,3,0,0
BRDA:64,3,1,0
BRDA:69,4,0,0
BRDA:69,4,1,1
BRDA:71,5,0,0
BRDA:71,5,1,1
BRDA:72,6,0,0
BRDA:72,6,1,1
BRDA:80,7,0,0
BRDA:80,7,1,1
BRDA:82,8,0,0
BRDA:82,8,1,1
BRDA:91,9,0,0
BRDA:91,9,1,0
BRDA:93,10,0,0
BRDA:93,10,1,0
BRDA:102,11,0,0
BRDA:102,11,1,0
BRDA:104,12,0,0
BRDA:104,12,1,0
BRDA:134,13,0,0
BRDA:134,13,1,1
BRDA:136,14,0,0
BRDA:136,14,1,0
BRDA:167,15,0,7
BRDA:167,15,1,7
BRDA:194,16,0,7
BRDA:194,16,1,7
BRDA:211,17,0,7
BRDA:211,17,1,7
BRDA:239,18,0,7
BRDA:239,18,1,7
BRDA:257,19,0,1
BRDA:257,19,1,6
BRDA:261,20,0,7
BRDA:261,20,1,7
BRF:42
BRH:20
end_of_record
TN:
SF:src\tests\mocks\handlers.js
FN:6,(anonymous_0)
FN:11,(anonymous_1)
FN:16,(anonymous_2)
FN:21,(anonymous_3)
FN:27,(anonymous_4)
FN:32,(anonymous_5)
FN:39,(anonymous_6)
FN:42,(anonymous_7)
FN:45,(anonymous_8)
FNF:9
FNH:0
FNDA:0,(anonymous_0)
FNDA:0,(anonymous_1)
FNDA:0,(anonymous_2)
FNDA:0,(anonymous_3)
FNDA:0,(anonymous_4)
FNDA:0,(anonymous_5)
FNDA:0,(anonymous_6)
FNDA:0,(anonymous_7)
FNDA:0,(anonymous_8)
DA:2,9
DA:4,9
DA:7,0
DA:12,0
DA:17,0
DA:22,0
DA:23,0
DA:28,0
DA:34,0
DA:35,0
DA:40,0
DA:43,0
DA:46,0
LF:13
LH:2
BRDA:2,0,0,9
BRDA:2,0,1,9
BRDA:22,1,0,0
BRDA:22,1,1,0
BRDA:34,2,0,0
BRDA:34,2,1,0
BRF:6
BRH:2
end_of_record
TN:
SF:src\tests\mocks\server.js
FNF:0
FNH:0
DA:4,9
LF:1
LH:1
BRF:0
BRH:0
end_of_record
